# JRE version: Java(TM) SE Runtime Environment (8.0_45-b14) (build 1.8.0_45-b14)
# Java VM: Java HotSpot(TM) 64-Bit Server VM (25.45-b02 mixed mode windows-amd64 compressed oops)
Heap:
 PSYoungGen      total 364544K, used 1298K [0x00000000d6100000, 0x00000000f3d00000, 0x0000000100000000)
  eden space 324608K, 0% used [0x00000000d6100000,0x00000000d6244a18,0x00000000e9e00000)
  from space 39936K, 0% used [0x00000000e9e00000,0x00000000e9e00000,0x00000000ec500000)
  to   space 39936K, 0% used [0x00000000ec500000,0x00000000ec500000,0x00000000eec00000)
 ParOldGen       total 67584K, used 41323K [0x0000000082200000, 0x0000000086400000, 0x00000000d6100000)
  object space 67584K, 61% used [0x0000000082200000,0x0000000084a5ae50,0x0000000086400000)
 Metaspace       used 60034K, capacity 61194K, committed 61612K, reserved 1110016K
  class space    used 7269K, capacity 7557K, committed 7596K, reserved 1048576K
GC Heap History (10 events):
Event: 27.068 GC heap before
{Heap before GC invocations=14 (full 3):
 PSYoungGen      total 299008K, used 272896K [0x00000000d6100000, 0x00000000f0700000, 0x0000000100000000)
  eden space 272896K, 100% used [0x00000000d6100000,0x00000000e6b80000,0x00000000e6b80000)
  from space 26112K, 0% used [0x00000000e9080000,0x00000000e9080000,0x00000000eaa00000)
  to   space 37888K, 0% used [0x00000000e6b80000,0x00000000e6b80000,0x00000000e9080000)
 ParOldGen       total 67584K, used 46750K [0x0000000082200000, 0x0000000086400000, 0x00000000d6100000)
  object space 67584K, 69% used [0x0000000082200000,0x0000000084fa7a18,0x0000000086400000)
 Metaspace       used 56008K, capacity 57102K, committed 57388K, reserved 1099776K
  class space    used 6916K, capacity 7180K, committed 7212K, reserved 1048576K
Event: 27.101 GC heap after
Heap after GC invocations=14 (full 3):
 PSYoungGen      total 310784K, used 27443K [0x00000000d6100000, 0x00000000eec00000, 0x0000000100000000)
  eden space 272896K, 0% used [0x00000000d6100000,0x00000000d6100000,0x00000000e6b80000)
  from space 37888K, 72% used [0x00000000e6b80000,0x00000000e864cd50,0x00000000e9080000)
  to   space 39936K, 0% used [0x00000000ec500000,0x00000000ec500000,0x00000000eec00000)
 ParOldGen       total 67584K, used 46758K [0x0000000082200000, 0x0000000086400000, 0x00000000d6100000)
  object space 67584K, 69% used [0x0000000082200000,0x0000000084fa9a18,0x0000000086400000)
 Metaspace       used 56008K, capacity 57102K, committed 57388K, reserved 1099776K
  class space    used 6916K, capacity 7180K, committed 7212K, reserved 1048576K
}
Event: 27.103 GC heap before
{Heap before GC invocations=15 (full 3):
 PSYoungGen      total 310784K, used 28896K [0x00000000d6100000, 0x00000000eec00000, 0x0000000100000000)
  eden space 272896K, 0% used [0x00000000d6100000,0x00000000d626b650,0x00000000e6b80000)
  from space 37888K, 72% used [0x00000000e6b80000,0x00000000e864cd50,0x00000000e9080000)
  to   space 39936K, 0% used [0x00000000ec500000,0x00000000ec500000,0x00000000eec00000)
 ParOldGen       total 67584K, used 46758K [0x0000000082200000, 0x0000000086400000, 0x00000000d6100000)
  object space 67584K, 69% used [0x0000000082200000,0x0000000084fa9a18,0x0000000086400000)
 Metaspace       used 56033K, capacity 57102K, committed 57388K, reserved 1099776K
  class space    used 6916K, capacity 7180K, committed 7212K, reserved 1048576K
Event: 27.123 GC heap after
Heap after GC invocations=15 (full 3):
 PSYoungGen      total 364544K, used 23402K [0x00000000d6100000, 0x00000000f3d00000, 0x0000000100000000)
  eden space 324608K, 0% used [0x00000000d6100000,0x00000000d6100000,0x00000000e9e00000)
  from space 39936K, 58% used [0x00000000ec500000,0x00000000edbda9d8,0x00000000eec00000)
  to   space 39936K, 0% used [0x00000000e9e00000,0x00000000e9e00000,0x00000000ec500000)
 ParOldGen       total 67584K, used 46766K [0x0000000082200000, 0x0000000086400000, 0x00000000d6100000)
  object space 67584K, 69% used [0x0000000082200000,0x0000000084faba18,0x0000000086400000)
 Metaspace       used 56033K, capacity 57102K, committed 57388K, reserved 1099776K
  class space    used 6916K, capacity 7180K, committed 7212K, reserved 1048576K
}
Event: 27.123 GC heap before
{Heap before GC invocations=16 (full 4):
 PSYoungGen      total 364544K, used 23402K [0x00000000d6100000, 0x00000000f3d00000, 0x0000000100000000)
  eden space 324608K, 0% used [0x00000000d6100000,0x00000000d6100000,0x00000000e9e00000)
  from space 39936K, 58% used [0x00000000ec500000,0x00000000edbda9d8,0x00000000eec00000)
  to   space 39936K, 0% used [0x00000000e9e00000,0x00000000e9e00000,0x00000000ec500000)
 ParOldGen       total 67584K, used 46766K [0x0000000082200000, 0x0000000086400000, 0x00000000d6100000)
  object space 67584K, 69% used [0x0000000082200000,0x0000000084faba18,0x0000000086400000)
 Metaspace       used 56033K, capacity 57102K, committed 57388K, reserved 1099776K
  class space    used 6916K, capacity 7180K, committed 7212K, reserved 1048576K
Event: 27.251 GC heap after
Heap after GC invocations=16 (full 4):
 PSYoungGen      total 364544K, used 0K [0x00000000d6100000, 0x00000000f3d00000, 0x0000000100000000)
  eden space 324608K, 0% used [0x00000000d6100000,0x00000000d6100000,0x00000000e9e00000)
  from space 39936K, 0% used [0x00000000ec500000,0x00000000ec500000,0x00000000eec00000)
  to   space 39936K, 0% used [0x00000000e9e00000,0x00000000e9e00000,0x00000000ec500000)
 ParOldGen       total 67584K, used 47423K [0x0000000082200000, 0x0000000086400000, 0x00000000d6100000)
  object space 67584K, 70% used [0x0000000082200000,0x000000008504fc70,0x0000000086400000)
 Metaspace       used 56015K, capacity 57062K, committed 57388K, reserved 1099776K
  class space    used 6909K, capacity 7168K, committed 7212K, reserved 1048576K
}
Event: 30.001 GC heap before
{Heap before GC invocations=17 (full 4):
 PSYoungGen      total 364544K, used 42676K [0x00000000d6100000, 0x00000000f3d00000, 0x0000000100000000)
  eden space 324608K, 13% used [0x00000000d6100000,0x00000000d8aad228,0x00000000e9e00000)
  from space 39936K, 0% used [0x00000000ec500000,0x00000000ec500000,0x00000000eec00000)
  to   space 39936K, 0% used [0x00000000e9e00000,0x00000000e9e00000,0x00000000ec500000)
 ParOldGen       total 67584K, used 47423K [0x0000000082200000, 0x0000000086400000, 0x00000000d6100000)
  object space 67584K, 70% used [0x0000000082200000,0x000000008504fc70,0x0000000086400000)
 Metaspace       used 59953K, capacity 61034K, committed 61356K, reserved 1110016K
  class space    used 7258K, capacity 7525K, committed 7596K, reserved 1048576K
Event: 30.007 GC heap after
Heap after GC invocations=17 (full 4):
 PSYoungGen      total 364544K, used 5275K [0x00000000d6100000, 0x00000000f3d00000, 0x0000000100000000)
  eden space 324608K, 0% used [0x00000000d6100000,0x00000000d6100000,0x00000000e9e00000)
  from space 39936K, 13% used [0x00000000e9e00000,0x00000000ea326e10,0x00000000ec500000)
  to   space 39936K, 0% used [0x00000000ec500000,0x00000000ec500000,0x00000000eec00000)
 ParOldGen       total 67584K, used 47431K [0x0000000082200000, 0x0000000086400000, 0x00000000d6100000)
  object space 67584K, 70% used [0x0000000082200000,0x0000000085051c70,0x0000000086400000)
 Metaspace       used 59953K, capacity 61034K, committed 61356K, reserved 1110016K
  class space    used 7258K, capacity 7525K, committed 7596K, reserved 1048576K
}
Event: 30.007 GC heap before
{Heap before GC invocations=18 (full 5):
 PSYoungGen      total 364544K, used 5275K [0x00000000d6100000, 0x00000000f3d00000, 0x0000000100000000)
  eden space 324608K, 0% used [0x00000000d6100000,0x00000000d6100000,0x00000000e9e00000)
  from space 39936K, 13% used [0x00000000e9e00000,0x00000000ea326e10,0x00000000ec500000)
  to   space 39936K, 0% used [0x00000000ec500000,0x00000000ec500000,0x00000000eec00000)
 ParOldGen       total 67584K, used 47431K [0x0000000082200000, 0x0000000086400000, 0x00000000d6100000)
  object space 67584K, 70% used [0x0000000082200000,0x0000000085051c70,0x0000000086400000)
 Metaspace       used 59953K, capacity 61034K, committed 61356K, reserved 1110016K
  class space    used 7258K, capacity 7525K, committed 7596K, reserved 1048576K
Event: 30.104 GC heap after
Heap after GC invocations=18 (full 5):
 PSYoungGen      total 364544K, used 0K [0x00000000d6100000, 0x00000000f3d00000, 0x0000000100000000)
  eden space 324608K, 0% used [0x00000000d6100000,0x00000000d6100000,0x00000000e9e00000)
  from space 39936K, 0% used [0x00000000e9e00000,0x00000000e9e00000,0x00000000ec500000)
  to   space 39936K, 0% used [0x00000000ec500000,0x00000000ec500000,0x00000000eec00000)
 ParOldGen       total 67584K, used 41323K [0x0000000082200000, 0x0000000086400000, 0x00000000d6100000)
  object space 67584K, 61% used [0x0000000082200000,0x0000000084a5ae50,0x0000000086400000)
 Metaspace       used 59953K, capacity 61034K, committed 61356K, reserved 1107968K
  class space    used 7258K, capacity 7525K, committed 7596K, reserved 1048576K
}

