# JRE version: Java(TM) SE Runtime Environment (11.0.3+12) (build 11.0.3+12-LTS)
# Java VM: Java HotSpot(TM) 64-Bit Server VM (11.0.3+12-LTS, mixed mode, tiered, compressed oops, g1 gc, windows-amd64)
Heap:
 garbage-first heap   total 187392K, used 49039K [0x0000000082200000, 0x0000000100000000)
  region size 1024K, 6 young (6144K), 6 survivors (6144K)
 Metaspace       used 41060K, capacity 42058K, committed 42344K, reserved 1087488K
  class space    used 4411K, capacity 4790K, committed 4864K, reserved 1048576K
GC Heap History (10 events):
Event: 9.225 GC heap after
{Heap after GC invocations=15 (full 0):
 garbage-first heap   total 155648K, used 40909K [0x0000000082200000, 0x0000000100000000)
  region size 1024K, 1 young (1024K), 1 survivors (1024K)
 Metaspace       used 41015K, capacity 41980K, committed 42088K, reserved 1087488K
  class space    used 4406K, capacity 4788K, committed 4864K, reserved 1048576K
}
Event: 9.547 GC heap before
{Heap before GC invocations=15 (full 0):
 garbage-first heap   total 155648K, used 116685K [0x0000000082200000, 0x0000000100000000)
  region size 1024K, 75 young (76800K), 1 survivors (1024K)
 Metaspace       used 41016K, capacity 41980K, committed 42088K, reserved 1087488K
  class space    used 4406K, capacity 4788K, committed 4864K, reserved 1048576K
}
Event: 9.554 GC heap after
{Heap after GC invocations=16 (full 0):
 garbage-first heap   total 155648K, used 45027K [0x0000000082200000, 0x0000000100000000)
  region size 1024K, 5 young (5120K), 5 survivors (5120K)
 Metaspace       used 41016K, capacity 41980K, committed 42088K, reserved 1087488K
  class space    used 4406K, capacity 4788K, committed 4864K, reserved 1048576K
}
Event: 9.834 GC heap before
{Heap before GC invocations=16 (full 0):
 garbage-first heap   total 155648K, used 119779K [0x0000000082200000, 0x0000000100000000)
  region size 1024K, 78 young (79872K), 5 survivors (5120K)
 Metaspace       used 41018K, capacity 41980K, committed 42088K, reserved 1087488K
  class space    used 4406K, capacity 4788K, committed 4864K, reserved 1048576K
}
Event: 9.841 GC heap after
{Heap after GC invocations=17 (full 0):
 garbage-first heap   total 155648K, used 46316K [0x0000000082200000, 0x0000000100000000)
  region size 1024K, 7 young (7168K), 7 survivors (7168K)
 Metaspace       used 41018K, capacity 41980K, committed 42088K, reserved 1087488K
  class space    used 4406K, capacity 4788K, committed 4864K, reserved 1048576K
}
Event: 10.138 GC heap before
{Heap before GC invocations=17 (full 0):
 garbage-first heap   total 155648K, used 121068K [0x0000000082200000, 0x0000000100000000)
  region size 1024K, 80 young (81920K), 7 survivors (7168K)
 Metaspace       used 41042K, capacity 41994K, committed 42088K, reserved 1087488K
  class space    used 4408K, capacity 4790K, committed 4864K, reserved 1048576K
}
Event: 10.145 GC heap after
{Heap after GC invocations=18 (full 0):
 garbage-first heap   total 155648K, used 47888K [0x0000000082200000, 0x0000000100000000)
  region size 1024K, 6 young (6144K), 6 survivors (6144K)
 Metaspace       used 41042K, capacity 41994K, committed 42088K, reserved 1087488K
  class space    used 4408K, capacity 4790K, committed 4864K, reserved 1048576K
}
Event: 10.450 GC heap before
{Heap before GC invocations=18 (full 0):
 garbage-first heap   total 155648K, used 122640K [0x0000000082200000, 0x0000000100000000)
  region size 1024K, 79 young (80896K), 6 survivors (6144K)
 Metaspace       used 41054K, capacity 41994K, committed 42088K, reserved 1087488K
  class space    used 4410K, capacity 4790K, committed 4864K, reserved 1048576K
}
Event: 10.456 GC heap after
{Heap after GC invocations=19 (full 0):
 garbage-first heap   total 155648K, used 48055K [0x0000000082200000, 0x0000000100000000)
  region size 1024K, 5 young (5120K), 5 survivors (5120K)
 Metaspace       used 41054K, capacity 41994K, committed 42088K, reserved 1087488K
  class space    used 4410K, capacity 4790K, committed 4864K, reserved 1048576K
}
Event: 10.740 GC heap before
{Heap before GC invocations=19 (full 0):
 garbage-first heap   total 155648K, used 122807K [0x0000000082200000, 0x0000000100000000)
  region size 1024K, 78 young (79872K), 5 survivors (5120K)
 Metaspace       used 41060K, capacity 42058K, committed 42344K, reserved 1087488K
  class space    used 4411K, capacity 4790K, committed 4864K, reserved 1048576K
}

