# JRE version: Java(TM) SE Runtime Environment (8.0_45-b14) (build 1.8.0_45-b14)
# Java VM: Java HotSpot(TM) 64-Bit Server VM (25.45-b02 mixed mode windows-amd64 compressed oops)
Heap:
 PSYoungGen      total 351232K, used 211789K [0x0000000780b80000, 0x00000007a2580000, 0x00000007c0000000)
  eden space 318464K, 66% used [0x0000000780b80000,0x000000078da53400,0x0000000794280000)
  from space 32768K, 0% used [0x0000000794280000,0x0000000794280000,0x0000000796280000)
  to   space 48128K, 0% used [0x000000079f680000,0x000000079f680000,0x00000007a2580000)
 ParOldGen       total 188416K, used 68996K [0x0000000702200000, 0x000000070da00000, 0x0000000780b80000)
  object space 188416K, 36% used [0x0000000702200000,0x0000000706561158,0x000000070da00000)
 Metaspace       used 38621K, capacity 39572K, committed 39936K, reserved 1083392K
  class space    used 4755K, capacity 4993K, committed 5120K, reserved 1048576K
GC Heap History (10 events):
Event: 5.771 GC heap before
{Heap before GC invocations=7 (full 1):
 PSYoungGen      total 210432K, used 8951K [0x0000000780b80000, 0x000000078e780000, 0x00000007c0000000)
  eden space 196608K, 0% used [0x0000000780b80000,0x0000000780b80000,0x000000078cb80000)
  from space 13824K, 64% used [0x000000078da00000,0x000000078e2bde48,0x000000078e780000)
  to   space 14336K, 0% used [0x000000078cb80000,0x000000078cb80000,0x000000078d980000)
 ParOldGen       total 130048K, used 11836K [0x0000000702200000, 0x000000070a100000, 0x0000000780b80000)
  object space 130048K, 9% used [0x0000000702200000,0x0000000702d8f2b0,0x000000070a100000)
 Metaspace       used 20618K, capacity 21162K, committed 21248K, reserved 1069056K
  class space    used 2376K, capacity 2534K, committed 2560K, reserved 1048576K
Event: 5.857 GC heap after
Heap after GC invocations=7 (full 1):
 PSYoungGen      total 210432K, used 0K [0x0000000780b80000, 0x000000078e780000, 0x00000007c0000000)
  eden space 196608K, 0% used [0x0000000780b80000,0x0000000780b80000,0x000000078cb80000)
  from space 13824K, 0% used [0x000000078da00000,0x000000078da00000,0x000000078e780000)
  to   space 14336K, 0% used [0x000000078cb80000,0x000000078cb80000,0x000000078d980000)
 ParOldGen       total 89600K, used 17779K [0x0000000702200000, 0x0000000707980000, 0x0000000780b80000)
  object space 89600K, 19% used [0x0000000702200000,0x000000070335cdb8,0x0000000707980000)
 Metaspace       used 20618K, capacity 21162K, committed 21248K, reserved 1069056K
  class space    used 2376K, capacity 2534K, committed 2560K, reserved 1048576K
}
Event: 7.038 GC heap before
{Heap before GC invocations=8 (full 1):
 PSYoungGen      total 210432K, used 196608K [0x0000000780b80000, 0x000000078e780000, 0x00000007c0000000)
  eden space 196608K, 100% used [0x0000000780b80000,0x000000078cb80000,0x000000078cb80000)
  from space 13824K, 0% used [0x000000078da00000,0x000000078da00000,0x000000078e780000)
  to   space 14336K, 0% used [0x000000078cb80000,0x000000078cb80000,0x000000078d980000)
 ParOldGen       total 89600K, used 17779K [0x0000000702200000, 0x0000000707980000, 0x0000000780b80000)
  object space 89600K, 19% used [0x0000000702200000,0x000000070335cdb8,0x0000000707980000)
 Metaspace       used 24516K, capacity 25166K, committed 25344K, reserved 1071104K
  class space    used 2810K, capacity 2973K, committed 3072K, reserved 1048576K
Event: 7.071 GC heap after
Heap after GC invocations=8 (full 1):
 PSYoungGen      total 210944K, used 14328K [0x0000000780b80000, 0x0000000797980000, 0x00000007c0000000)
  eden space 196608K, 0% used [0x0000000780b80000,0x0000000780b80000,0x000000078cb80000)
  from space 14336K, 99% used [0x000000078cb80000,0x000000078d97e108,0x000000078d980000)
  to   space 23552K, 0% used [0x0000000796280000,0x0000000796280000,0x0000000797980000)
 ParOldGen       total 89600K, used 33355K [0x0000000702200000, 0x0000000707980000, 0x0000000780b80000)
  object space 89600K, 37% used [0x0000000702200000,0x0000000704292e00,0x0000000707980000)
 Metaspace       used 24516K, capacity 25166K, committed 25344K, reserved 1071104K
  class space    used 2810K, capacity 2973K, committed 3072K, reserved 1048576K
}
Event: 7.740 GC heap before
{Heap before GC invocations=9 (full 1):
 PSYoungGen      total 210944K, used 210936K [0x0000000780b80000, 0x0000000797980000, 0x00000007c0000000)
  eden space 196608K, 100% used [0x0000000780b80000,0x000000078cb80000,0x000000078cb80000)
  from space 14336K, 99% used [0x000000078cb80000,0x000000078d97e108,0x000000078d980000)
  to   space 23552K, 0% used [0x0000000796280000,0x0000000796280000,0x0000000797980000)
 ParOldGen       total 89600K, used 33355K [0x0000000702200000, 0x0000000707980000, 0x0000000780b80000)
  object space 89600K, 37% used [0x0000000702200000,0x0000000704292e00,0x0000000707980000)
 Metaspace       used 24537K, capacity 25180K, committed 25344K, reserved 1071104K
  class space    used 2812K, capacity 2975K, committed 3072K, reserved 1048576K
Event: 7.775 GC heap after
Heap after GC invocations=9 (full 1):
 PSYoungGen      total 342016K, used 23546K [0x0000000780b80000, 0x0000000799180000, 0x00000007c0000000)
  eden space 318464K, 0% used [0x0000000780b80000,0x0000000780b80000,0x0000000794280000)
  from space 23552K, 99% used [0x0000000796280000,0x000000079797e8d8,0x0000000797980000)
  to   space 32768K, 0% used [0x0000000794280000,0x0000000794280000,0x0000000796280000)
 ParOldGen       total 89600K, used 46298K [0x0000000702200000, 0x0000000707980000, 0x0000000780b80000)
  object space 89600K, 51% used [0x0000000702200000,0x0000000704f36878,0x0000000707980000)
 Metaspace       used 24537K, capacity 25180K, committed 25344K, reserved 1071104K
  class space    used 2812K, capacity 2975K, committed 3072K, reserved 1048576K
}
Event: 9.016 GC heap before
{Heap before GC invocations=10 (full 1):
 PSYoungGen      total 342016K, used 342010K [0x0000000780b80000, 0x0000000799180000, 0x00000007c0000000)
  eden space 318464K, 100% used [0x0000000780b80000,0x0000000794280000,0x0000000794280000)
  from space 23552K, 99% used [0x0000000796280000,0x000000079797e8d8,0x0000000797980000)
  to   space 32768K, 0% used [0x0000000794280000,0x0000000794280000,0x0000000796280000)
 ParOldGen       total 89600K, used 46298K [0x0000000702200000, 0x0000000707980000, 0x0000000780b80000)
  object space 89600K, 51% used [0x0000000702200000,0x0000000704f36878,0x0000000707980000)
 Metaspace       used 24554K, capacity 25244K, committed 25344K, reserved 1071104K
  class space    used 2815K, capacity 2975K, committed 3072K, reserved 1048576K
Event: 9.071 GC heap after
Heap after GC invocations=10 (full 1):
 PSYoungGen      total 351232K, used 32760K [0x0000000780b80000, 0x00000007a2580000, 0x00000007c0000000)
  eden space 318464K, 0% used [0x0000000780b80000,0x0000000780b80000,0x0000000794280000)
  from space 32768K, 99% used [0x0000000794280000,0x000000079627e1c8,0x0000000796280000)
  to   space 48128K, 0% used [0x000000079f680000,0x000000079f680000,0x00000007a2580000)
 ParOldGen       total 89600K, used 70661K [0x0000000702200000, 0x0000000707980000, 0x0000000780b80000)
  object space 89600K, 78% used [0x0000000702200000,0x0000000706701738,0x0000000707980000)
 Metaspace       used 24554K, capacity 25244K, committed 25344K, reserved 1071104K
  class space    used 2815K, capacity 2975K, committed 3072K, reserved 1048576K
}
Event: 9.071 GC heap before
{Heap before GC invocations=11 (full 2):
 PSYoungGen      total 351232K, used 32760K [0x0000000780b80000, 0x00000007a2580000, 0x00000007c0000000)
  eden space 318464K, 0% used [0x0000000780b80000,0x0000000780b80000,0x0000000794280000)
  from space 32768K, 99% used [0x0000000794280000,0x000000079627e1c8,0x0000000796280000)
  to   space 48128K, 0% used [0x000000079f680000,0x000000079f680000,0x00000007a2580000)
 ParOldGen       total 89600K, used 70661K [0x0000000702200000, 0x0000000707980000, 0x0000000780b80000)
  object space 89600K, 78% used [0x0000000702200000,0x0000000706701738,0x0000000707980000)
 Metaspace       used 24554K, capacity 25244K, committed 25344K, reserved 1071104K
  class space    used 2815K, capacity 2975K, committed 3072K, reserved 1048576K
Event: 9.246 GC heap after
Heap after GC invocations=11 (full 2):
 PSYoungGen      total 351232K, used 0K [0x0000000780b80000, 0x00000007a2580000, 0x00000007c0000000)
  eden space 318464K, 0% used [0x0000000780b80000,0x0000000780b80000,0x0000000794280000)
  from space 32768K, 0% used [0x0000000794280000,0x0000000794280000,0x0000000796280000)
  to   space 48128K, 0% used [0x000000079f680000,0x000000079f680000,0x00000007a2580000)
 ParOldGen       total 188416K, used 68996K [0x0000000702200000, 0x000000070da00000, 0x0000000780b80000)
  object space 188416K, 36% used [0x0000000702200000,0x0000000706561158,0x000000070da00000)
 Metaspace       used 24554K, capacity 25244K, committed 25344K, reserved 1071104K
  class space    used 2815K, capacity 2975K, committed 3072K, reserved 1048576K
}

