# JRE version: Java(TM) SE Runtime Environment (8.0_45-b14) (build 1.8.0_45-b14)
# Java VM: Java HotSpot(TM) 64-Bit Server VM (25.45-b02 mixed mode windows-amd64 compressed oops)
Heap:
 PSYoungGen      total 267776K, used 4701K [0x00000000d6100000, 0x00000000eb500000, 0x0000000100000000)
  eden space 250880K, 0% used [0x00000000d6100000,0x00000000d6100000,0x00000000e5600000)
  from space 16896K, 27% used [0x00000000e5600000,0x00000000e5a976d0,0x00000000e6680000)
  to   space 27136K, 0% used [0x00000000e9a80000,0x00000000e9a80000,0x00000000eb500000)
 ParOldGen       total 67584K, used 46280K [0x0000000082200000, 0x0000000086400000, 0x00000000d6100000)
  object space 67584K, 68% used [0x0000000082200000,0x0000000084f323c8,0x0000000086400000)
 Metaspace       used 36696K, capacity 37576K, committed 37760K, reserved 1087488K
  class space    used 4435K, capacity 4697K, committed 4736K, reserved 1048576K
GC Heap History (10 events):
Event: 6.057 GC heap before
{Heap before GC invocations=9 (full 1):
 PSYoungGen      total 141824K, used 130560K [0x00000000d6100000, 0x00000000e7700000, 0x0000000100000000)
  eden space 130560K, 100% used [0x00000000d6100000,0x00000000de080000,0x00000000de080000)
  from space 11264K, 0% used [0x00000000de080000,0x00000000de080000,0x00000000deb80000)
  to   space 11776K, 0% used [0x00000000e6b80000,0x00000000e6b80000,0x00000000e7700000)
 ParOldGen       total 67584K, used 16094K [0x0000000082200000, 0x0000000086400000, 0x00000000d6100000)
  object space 67584K, 23% used [0x0000000082200000,0x00000000831b7a00,0x0000000086400000)
 Metaspace       used 24542K, capacity 25188K, committed 25344K, reserved 1071104K
  class space    used 2814K, capacity 2975K, committed 3072K, reserved 1048576K
Event: 6.082 GC heap after
Heap after GC invocations=9 (full 1):
 PSYoungGen      total 222720K, used 11773K [0x00000000d6100000, 0x00000000e7700000, 0x0000000100000000)
  eden space 210944K, 0% used [0x00000000d6100000,0x00000000d6100000,0x00000000e2f00000)
  from space 11776K, 99% used [0x00000000e6b80000,0x00000000e76ff568,0x00000000e7700000)
  to   space 16896K, 0% used [0x00000000e5600000,0x00000000e5600000,0x00000000e6680000)
 ParOldGen       total 67584K, used 25275K [0x0000000082200000, 0x0000000086400000, 0x00000000d6100000)
  object space 67584K, 37% used [0x0000000082200000,0x0000000083aaeca8,0x0000000086400000)
 Metaspace       used 24542K, capacity 25188K, committed 25344K, reserved 1071104K
  class space    used 2814K, capacity 2975K, committed 3072K, reserved 1048576K
}
Event: 6.936 GC heap before
{Heap before GC invocations=10 (full 1):
 PSYoungGen      total 222720K, used 222717K [0x00000000d6100000, 0x00000000e7700000, 0x0000000100000000)
  eden space 210944K, 100% used [0x00000000d6100000,0x00000000e2f00000,0x00000000e2f00000)
  from space 11776K, 99% used [0x00000000e6b80000,0x00000000e76ff568,0x00000000e7700000)
  to   space 16896K, 0% used [0x00000000e5600000,0x00000000e5600000,0x00000000e6680000)
 ParOldGen       total 67584K, used 25275K [0x0000000082200000, 0x0000000086400000, 0x00000000d6100000)
  object space 67584K, 37% used [0x0000000082200000,0x0000000083aaeca8,0x0000000086400000)
 Metaspace       used 24548K, capacity 25188K, committed 25344K, reserved 1071104K
  class space    used 2814K, capacity 2975K, committed 3072K, reserved 1048576K
Event: 6.969 GC heap after
Heap after GC invocations=10 (full 1):
 PSYoungGen      total 267776K, used 16892K [0x00000000d6100000, 0x00000000eb500000, 0x0000000100000000)
  eden space 250880K, 0% used [0x00000000d6100000,0x00000000d6100000,0x00000000e5600000)
  from space 16896K, 99% used [0x00000000e5600000,0x00000000e667f1f0,0x00000000e6680000)
  to   space 27136K, 0% used [0x00000000e9a80000,0x00000000e9a80000,0x00000000eb500000)
 ParOldGen       total 67584K, used 45315K [0x0000000082200000, 0x0000000086400000, 0x00000000d6100000)
  object space 67584K, 67% used [0x0000000082200000,0x0000000084e40cd8,0x0000000086400000)
 Metaspace       used 24548K, capacity 25188K, committed 25344K, reserved 1071104K
  class space    used 2814K, capacity 2975K, committed 3072K, reserved 1048576K
}
Event: 7.761 GC heap before
{Heap before GC invocations=11 (full 1):
 PSYoungGen      total 267776K, used 267772K [0x00000000d6100000, 0x00000000eb500000, 0x0000000100000000)
  eden space 250880K, 100% used [0x00000000d6100000,0x00000000e5600000,0x00000000e5600000)
  from space 16896K, 99% used [0x00000000e5600000,0x00000000e667f1f0,0x00000000e6680000)
  to   space 27136K, 0% used [0x00000000e9a80000,0x00000000e9a80000,0x00000000eb500000)
 ParOldGen       total 67584K, used 45315K [0x0000000082200000, 0x0000000086400000, 0x00000000d6100000)
  object space 67584K, 67% used [0x0000000082200000,0x0000000084e40cd8,0x0000000086400000)
 Metaspace       used 24557K, capacity 25252K, committed 25600K, reserved 1071104K
  class space    used 2814K, capacity 2975K, committed 3072K, reserved 1048576K
Event: 7.809 GC heap after
Heap after GC invocations=11 (full 1):
 PSYoungGen      total 278016K, used 27121K [0x00000000d6100000, 0x00000000eb500000, 0x0000000100000000)
  eden space 250880K, 0% used [0x00000000d6100000,0x00000000d6100000,0x00000000e5600000)
  from space 27136K, 99% used [0x00000000e9a80000,0x00000000eb4fc678,0x00000000eb500000)
  to   space 16896K, 0% used [0x00000000e5600000,0x00000000e5600000,0x00000000e6680000)
 ParOldGen       total 67584K, used 65407K [0x0000000082200000, 0x0000000086400000, 0x00000000d6100000)
  object space 67584K, 96% used [0x0000000082200000,0x00000000861dfcc0,0x0000000086400000)
 Metaspace       used 24557K, capacity 25252K, committed 25600K, reserved 1071104K
  class space    used 2814K, capacity 2975K, committed 3072K, reserved 1048576K
}
Event: 7.809 GC heap before
{Heap before GC invocations=12 (full 2):
 PSYoungGen      total 278016K, used 27121K [0x00000000d6100000, 0x00000000eb500000, 0x0000000100000000)
  eden space 250880K, 0% used [0x00000000d6100000,0x00000000d6100000,0x00000000e5600000)
  from space 27136K, 99% used [0x00000000e9a80000,0x00000000eb4fc678,0x00000000eb500000)
  to   space 16896K, 0% used [0x00000000e5600000,0x00000000e5600000,0x00000000e6680000)
 ParOldGen       total 67584K, used 65407K [0x0000000082200000, 0x0000000086400000, 0x00000000d6100000)
  object space 67584K, 96% used [0x0000000082200000,0x00000000861dfcc0,0x0000000086400000)
 Metaspace       used 24557K, capacity 25252K, committed 25600K, reserved 1071104K
  class space    used 2814K, capacity 2975K, committed 3072K, reserved 1048576K
Event: 7.898 GC heap after
Heap after GC invocations=12 (full 2):
 PSYoungGen      total 278016K, used 0K [0x00000000d6100000, 0x00000000eb500000, 0x0000000100000000)
  eden space 250880K, 0% used [0x00000000d6100000,0x00000000d6100000,0x00000000e5600000)
  from space 27136K, 0% used [0x00000000e9a80000,0x00000000e9a80000,0x00000000eb500000)
  to   space 16896K, 0% used [0x00000000e5600000,0x00000000e5600000,0x00000000e6680000)
 ParOldGen       total 67584K, used 59127K [0x0000000082200000, 0x0000000086400000, 0x00000000d6100000)
  object space 67584K, 87% used [0x0000000082200000,0x0000000085bbdec8,0x0000000086400000)
 Metaspace       used 24557K, capacity 25252K, committed 25600K, reserved 1071104K
  class space    used 2814K, capacity 2975K, committed 3072K, reserved 1048576K
}
Event: 9.137 GC heap before
{Heap before GC invocations=13 (full 3):
 PSYoungGen      total 278016K, used 250880K [0x00000000d6100000, 0x00000000eb500000, 0x0000000100000000)
  eden space 250880K, 100% used [0x00000000d6100000,0x00000000e5600000,0x00000000e5600000)
  from space 27136K, 0% used [0x00000000e9a80000,0x00000000e9a80000,0x00000000eb500000)
  to   space 16896K, 0% used [0x00000000e5600000,0x00000000e5600000,0x00000000e6680000)
 ParOldGen       total 67584K, used 59127K [0x0000000082200000, 0x0000000086400000, 0x00000000d6100000)
  object space 67584K, 87% used [0x0000000082200000,0x0000000085bbdec8,0x0000000086400000)
 Metaspace       used 32279K, capacity 33164K, committed 33536K, reserved 1079296K
  class space    used 3782K, capacity 4009K, committed 4096K, reserved 1048576K
Event: 9.295 GC heap after
Heap after GC invocations=13 (full 3):
 PSYoungGen      total 278016K, used 0K [0x00000000d6100000, 0x00000000eb500000, 0x0000000100000000)
  eden space 250880K, 0% used [0x00000000d6100000,0x00000000d6100000,0x00000000e5600000)
  from space 27136K, 0% used [0x00000000e9a80000,0x00000000e9a80000,0x00000000eb500000)
  to   space 16896K, 0% used [0x00000000e5600000,0x00000000e5600000,0x00000000e6680000)
 ParOldGen       total 67584K, used 46272K [0x0000000082200000, 0x0000000086400000, 0x00000000d6100000)
  object space 67584K, 68% used [0x0000000082200000,0x0000000084f303c8,0x0000000086400000)
 Metaspace       used 32279K, capacity 33164K, committed 33536K, reserved 1079296K
  class space    used 3782K, capacity 4009K, committed 4096K, reserved 1048576K
}

