# JRE version: Java(TM) SE Runtime Environment (8.0_45-b14) (build 1.8.0_45-b14)
# Java VM: Java HotSpot(TM) 64-Bit Server VM (25.45-b02 mixed mode windows-amd64 compressed oops)
Heap:
 PSYoungGen      total 299008K, used 128106K [0x00000000d6100000, 0x00000000f0f80000, 0x0000000100000000)
  eden space 260608K, 35% used [0x00000000d6100000,0x00000000dba2e878,0x00000000e5f80000)
  from space 38400K, 95% used [0x00000000e5f80000,0x00000000e836c148,0x00000000e8500000)
  to   space 43520K, 0% used [0x00000000ee500000,0x00000000ee500000,0x00000000f0f80000)
 ParOldGen       total 148992K, used 70104K [0x0000000082200000, 0x000000008b380000, 0x00000000d6100000)
  object space 148992K, 47% used [0x0000000082200000,0x00000000866760f8,0x000000008b380000)
 Metaspace       used 36581K, capacity 37410K, committed 37808K, reserved 1083392K
  class space    used 4212K, capacity 4454K, committed 4528K, reserved 1048576K
GC Heap History (10 events):
Event: 7.437 GC heap before
{Heap before GC invocations=9 (full 1):
 PSYoungGen      total 141824K, used 141811K [0x00000000d6100000, 0x00000000e3c80000, 0x0000000100000000)
  eden space 130560K, 100% used [0x00000000d6100000,0x00000000de080000,0x00000000de080000)
  from space 11264K, 99% used [0x00000000de080000,0x00000000deb7cc28,0x00000000deb80000)
  to   space 14848K, 0% used [0x00000000e2e00000,0x00000000e2e00000,0x00000000e3c80000)
 ParOldGen       total 67584K, used 18997K [0x0000000082200000, 0x0000000086400000, 0x00000000d6100000)
  object space 67584K, 28% used [0x0000000082200000,0x000000008348d748,0x0000000086400000)
 Metaspace       used 30646K, capacity 31334K, committed 31664K, reserved 1077248K
  class space    used 3504K, capacity 3685K, committed 3760K, reserved 1048576K
Event: 7.460 GC heap after
Heap after GC invocations=9 (full 1):
 PSYoungGen      total 201216K, used 14826K [0x00000000d6100000, 0x00000000e5180000, 0x0000000100000000)
  eden space 186368K, 0% used [0x00000000d6100000,0x00000000d6100000,0x00000000e1700000)
  from space 14848K, 99% used [0x00000000e2e00000,0x00000000e3c7aa58,0x00000000e3c80000)
  to   space 23552K, 0% used [0x00000000e1700000,0x00000000e1700000,0x00000000e2e00000)
 ParOldGen       total 67584K, used 34254K [0x0000000082200000, 0x0000000086400000, 0x00000000d6100000)
  object space 67584K, 50% used [0x0000000082200000,0x00000000843738c0,0x0000000086400000)
 Metaspace       used 30646K, capacity 31334K, committed 31664K, reserved 1077248K
  class space    used 3504K, capacity 3685K, committed 3760K, reserved 1048576K
}
Event: 8.076 GC heap before
{Heap before GC invocations=10 (full 1):
 PSYoungGen      total 201216K, used 201194K [0x00000000d6100000, 0x00000000e5180000, 0x0000000100000000)
  eden space 186368K, 100% used [0x00000000d6100000,0x00000000e1700000,0x00000000e1700000)
  from space 14848K, 99% used [0x00000000e2e00000,0x00000000e3c7aa58,0x00000000e3c80000)
  to   space 23552K, 0% used [0x00000000e1700000,0x00000000e1700000,0x00000000e2e00000)
 ParOldGen       total 67584K, used 34254K [0x0000000082200000, 0x0000000086400000, 0x00000000d6100000)
  object space 67584K, 50% used [0x0000000082200000,0x00000000843738c0,0x0000000086400000)
 Metaspace       used 30647K, capacity 31334K, committed 31664K, reserved 1077248K
  class space    used 3504K, capacity 3685K, committed 3760K, reserved 1048576K
Event: 8.184 GC heap after
Heap after GC invocations=10 (full 1):
 PSYoungGen      total 209920K, used 23537K [0x00000000d6100000, 0x00000000eae80000, 0x0000000100000000)
  eden space 186368K, 0% used [0x00000000d6100000,0x00000000d6100000,0x00000000e1700000)
  from space 23552K, 99% used [0x00000000e1700000,0x00000000e2dfc780,0x00000000e2e00000)
  to   space 34304K, 0% used [0x00000000e8d00000,0x00000000e8d00000,0x00000000eae80000)
 ParOldGen       total 67584K, used 51965K [0x0000000082200000, 0x0000000086400000, 0x00000000d6100000)
  object space 67584K, 76% used [0x0000000082200000,0x00000000854bf5a8,0x0000000086400000)
 Metaspace       used 30647K, capacity 31334K, committed 31664K, reserved 1077248K
  class space    used 3504K, capacity 3685K, committed 3760K, reserved 1048576K
}
Event: 8.184 GC heap before
{Heap before GC invocations=11 (full 2):
 PSYoungGen      total 209920K, used 23537K [0x00000000d6100000, 0x00000000eae80000, 0x0000000100000000)
  eden space 186368K, 0% used [0x00000000d6100000,0x00000000d6100000,0x00000000e1700000)
  from space 23552K, 99% used [0x00000000e1700000,0x00000000e2dfc780,0x00000000e2e00000)
  to   space 34304K, 0% used [0x00000000e8d00000,0x00000000e8d00000,0x00000000eae80000)
 ParOldGen       total 67584K, used 51965K [0x0000000082200000, 0x0000000086400000, 0x00000000d6100000)
  object space 67584K, 76% used [0x0000000082200000,0x00000000854bf5a8,0x0000000086400000)
 Metaspace       used 30647K, capacity 31334K, committed 31664K, reserved 1077248K
  class space    used 3504K, capacity 3685K, committed 3760K, reserved 1048576K
Event: 8.347 GC heap after
Heap after GC invocations=11 (full 2):
 PSYoungGen      total 209920K, used 0K [0x00000000d6100000, 0x00000000eae80000, 0x0000000100000000)
  eden space 186368K, 0% used [0x00000000d6100000,0x00000000d6100000,0x00000000e1700000)
  from space 23552K, 0% used [0x00000000e1700000,0x00000000e1700000,0x00000000e2e00000)
  to   space 34304K, 0% used [0x00000000e8d00000,0x00000000e8d00000,0x00000000eae80000)
 ParOldGen       total 148992K, used 66802K [0x0000000082200000, 0x000000008b380000, 0x00000000d6100000)
  object space 148992K, 44% used [0x0000000082200000,0x000000008633ca10,0x000000008b380000)
 Metaspace       used 30647K, capacity 31334K, committed 31664K, reserved 1077248K
  class space    used 3504K, capacity 3685K, committed 3760K, reserved 1048576K
}
Event: 9.098 GC heap before
{Heap before GC invocations=12 (full 2):
 PSYoungGen      total 209920K, used 186368K [0x00000000d6100000, 0x00000000eae80000, 0x0000000100000000)
  eden space 186368K, 100% used [0x00000000d6100000,0x00000000e1700000,0x00000000e1700000)
  from space 23552K, 0% used [0x00000000e1700000,0x00000000e1700000,0x00000000e2e00000)
  to   space 34304K, 0% used [0x00000000e8d00000,0x00000000e8d00000,0x00000000eae80000)
 ParOldGen       total 148992K, used 66802K [0x0000000082200000, 0x000000008b380000, 0x00000000d6100000)
  object space 148992K, 44% used [0x0000000082200000,0x000000008633ca10,0x000000008b380000)
 Metaspace       used 30669K, capacity 31334K, committed 31664K, reserved 1077248K
  class space    used 3506K, capacity 3685K, committed 3760K, reserved 1048576K
Event: 9.128 GC heap after
Heap after GC invocations=12 (full 2):
 PSYoungGen      total 286720K, used 29972K [0x00000000d6100000, 0x00000000eaa80000, 0x0000000100000000)
  eden space 256512K, 0% used [0x00000000d6100000,0x00000000d6100000,0x00000000e5b80000)
  from space 30208K, 99% used [0x00000000e8d00000,0x00000000eaa45238,0x00000000eaa80000)
  to   space 38400K, 0% used [0x00000000e5f80000,0x00000000e5f80000,0x00000000e8500000)
 ParOldGen       total 148992K, used 66802K [0x0000000082200000, 0x000000008b380000, 0x00000000d6100000)
  object space 148992K, 44% used [0x0000000082200000,0x000000008633ca10,0x000000008b380000)
 Metaspace       used 30669K, capacity 31334K, committed 31664K, reserved 1077248K
  class space    used 3506K, capacity 3685K, committed 3760K, reserved 1048576K
}
Event: 9.885 GC heap before
{Heap before GC invocations=13 (full 2):
 PSYoungGen      total 286720K, used 286484K [0x00000000d6100000, 0x00000000eaa80000, 0x0000000100000000)
  eden space 256512K, 100% used [0x00000000d6100000,0x00000000e5b80000,0x00000000e5b80000)
  from space 30208K, 99% used [0x00000000e8d00000,0x00000000eaa45238,0x00000000eaa80000)
  to   space 38400K, 0% used [0x00000000e5f80000,0x00000000e5f80000,0x00000000e8500000)
 ParOldGen       total 148992K, used 66802K [0x0000000082200000, 0x000000008b380000, 0x00000000d6100000)
  object space 148992K, 44% used [0x0000000082200000,0x000000008633ca10,0x000000008b380000)
 Metaspace       used 30725K, capacity 31476K, committed 31664K, reserved 1077248K
  class space    used 3512K, capacity 3687K, committed 3760K, reserved 1048576K
Event: 9.923 GC heap after
Heap after GC invocations=13 (full 2):
 PSYoungGen      total 299008K, used 36784K [0x00000000d6100000, 0x00000000f0f80000, 0x0000000100000000)
  eden space 260608K, 0% used [0x00000000d6100000,0x00000000d6100000,0x00000000e5f80000)
  from space 38400K, 95% used [0x00000000e5f80000,0x00000000e836c148,0x00000000e8500000)
  to   space 43520K, 0% used [0x00000000ee500000,0x00000000ee500000,0x00000000f0f80000)
 ParOldGen       total 148992K, used 70104K [0x0000000082200000, 0x000000008b380000, 0x00000000d6100000)
  object space 148992K, 47% used [0x0000000082200000,0x00000000866760f8,0x000000008b380000)
 Metaspace       used 30725K, capacity 31476K, committed 31664K, reserved 1077248K
  class space    used 3512K, capacity 3687K, committed 3760K, reserved 1048576K
}

