# JRE version: Java(TM) SE Runtime Environment (8.0_45-b14) (build 1.8.0_45-b14)
# Java VM: Java HotSpot(TM) 64-Bit Server VM (25.45-b02 mixed mode windows-amd64 compressed oops)
Heap:
 PSYoungGen      total 364032K, used 150045K [0x00000000d6100000, 0x00000000ef100000, 0x0000000100000000)
  eden space 318464K, 47% used [0x00000000d6100000,0x00000000df3874f0,0x00000000e9800000)
  from space 45568K, 0% used [0x00000000e9800000,0x00000000e9800000,0x00000000ec480000)
  to   space 36864K, 0% used [0x00000000ecd00000,0x00000000ecd00000,0x00000000ef100000)
 ParOldGen       total 150528K, used 44903K [0x0000000082200000, 0x000000008b500000, 0x00000000d6100000)
  object space 150528K, 29% used [0x0000000082200000,0x0000000084dd9de0,0x000000008b500000)
 Metaspace       used 60610K, capacity 61682K, committed 61864K, reserved 1103872K
  class space    used 7485K, capacity 7786K, committed 7856K, reserved 1048576K
GC Heap History (10 events):
Event: 10.628 GC heap before
{Heap before GC invocations=12 (full 2):
 PSYoungGen      total 274432K, used 33261K [0x00000000d6100000, 0x00000000eb200000, 0x0000000100000000)
  eden space 241152K, 0% used [0x00000000d6100000,0x00000000d6100000,0x00000000e4c80000)
  from space 33280K, 99% used [0x00000000e7680000,0x00000000e96fb590,0x00000000e9700000)
  to   space 43008K, 0% used [0x00000000e4c80000,0x00000000e4c80000,0x00000000e7680000)
 ParOldGen       total 68608K, used 62140K [0x0000000082200000, 0x0000000086500000, 0x00000000d6100000)
  object space 68608K, 90% used [0x0000000082200000,0x0000000085eaf0e8,0x0000000086500000)
 Metaspace       used 30659K, capacity 31360K, committed 31664K, reserved 1077248K
  class space    used 3501K, capacity 3687K, committed 3760K, reserved 1048576K
Event: 10.830 GC heap after
Heap after GC invocations=12 (full 2):
 PSYoungGen      total 274432K, used 0K [0x00000000d6100000, 0x00000000eb200000, 0x0000000100000000)
  eden space 241152K, 0% used [0x00000000d6100000,0x00000000d6100000,0x00000000e4c80000)
  from space 33280K, 0% used [0x00000000e7680000,0x00000000e7680000,0x00000000e9700000)
  to   space 43008K, 0% used [0x00000000e4c80000,0x00000000e4c80000,0x00000000e7680000)
 ParOldGen       total 147968K, used 61577K [0x0000000082200000, 0x000000008b280000, 0x00000000d6100000)
  object space 147968K, 41% used [0x0000000082200000,0x0000000085e225d8,0x000000008b280000)
 Metaspace       used 30659K, capacity 31360K, committed 31664K, reserved 1077248K
  class space    used 3501K, capacity 3687K, committed 3760K, reserved 1048576K
}
Event: 12.537 GC heap before
{Heap before GC invocations=13 (full 2):
 PSYoungGen      total 274432K, used 241152K [0x00000000d6100000, 0x00000000eb200000, 0x0000000100000000)
  eden space 241152K, 100% used [0x00000000d6100000,0x00000000e4c80000,0x00000000e4c80000)
  from space 33280K, 0% used [0x00000000e7680000,0x00000000e7680000,0x00000000e9700000)
  to   space 43008K, 0% used [0x00000000e4c80000,0x00000000e4c80000,0x00000000e7680000)
 ParOldGen       total 147968K, used 61577K [0x0000000082200000, 0x000000008b280000, 0x00000000d6100000)
  object space 147968K, 41% used [0x0000000082200000,0x0000000085e225d8,0x000000008b280000)
 Metaspace       used 30659K, capacity 31360K, committed 31664K, reserved 1077248K
  class space    used 3501K, capacity 3687K, committed 3760K, reserved 1048576K
Event: 12.580 GC heap after
Heap after GC invocations=13 (full 2):
 PSYoungGen      total 284160K, used 38761K [0x00000000d6100000, 0x00000000efc00000, 0x0000000100000000)
  eden space 241152K, 0% used [0x00000000d6100000,0x00000000d6100000,0x00000000e4c80000)
  from space 43008K, 90% used [0x00000000e4c80000,0x00000000e725a6a0,0x00000000e7680000)
  to   space 48128K, 0% used [0x00000000ecd00000,0x00000000ecd00000,0x00000000efc00000)
 ParOldGen       total 147968K, used 61577K [0x0000000082200000, 0x000000008b280000, 0x00000000d6100000)
  object space 147968K, 41% used [0x0000000082200000,0x0000000085e225d8,0x000000008b280000)
 Metaspace       used 30659K, capacity 31360K, committed 31664K, reserved 1077248K
  class space    used 3501K, capacity 3687K, committed 3760K, reserved 1048576K
}
Event: 15.293 GC heap before
{Heap before GC invocations=14 (full 2):
 PSYoungGen      total 284160K, used 279913K [0x00000000d6100000, 0x00000000efc00000, 0x0000000100000000)
  eden space 241152K, 100% used [0x00000000d6100000,0x00000000e4c80000,0x00000000e4c80000)
  from space 43008K, 90% used [0x00000000e4c80000,0x00000000e725a6a0,0x00000000e7680000)
  to   space 48128K, 0% used [0x00000000ecd00000,0x00000000ecd00000,0x00000000efc00000)
 ParOldGen       total 147968K, used 61577K [0x0000000082200000, 0x000000008b280000, 0x00000000d6100000)
  object space 147968K, 41% used [0x0000000082200000,0x0000000085e225d8,0x000000008b280000)
 Metaspace       used 50161K, capacity 51254K, committed 51504K, reserved 1093632K
  class space    used 6125K, capacity 6446K, committed 6448K, reserved 1048576K
Event: 15.325 GC heap after
Heap after GC invocations=14 (full 2):
 PSYoungGen      total 355328K, used 20338K [0x00000000d6100000, 0x00000000ef100000, 0x0000000100000000)
  eden space 318464K, 0% used [0x00000000d6100000,0x00000000d6100000,0x00000000e9800000)
  from space 36864K, 55% used [0x00000000ecd00000,0x00000000ee0dc8b8,0x00000000ef100000)
  to   space 45568K, 0% used [0x00000000e9800000,0x00000000e9800000,0x00000000ec480000)
 ParOldGen       total 147968K, used 69673K [0x0000000082200000, 0x000000008b280000, 0x00000000d6100000)
  object space 147968K, 47% used [0x0000000082200000,0x000000008660a590,0x000000008b280000)
 Metaspace       used 50161K, capacity 51254K, committed 51504K, reserved 1093632K
  class space    used 6125K, capacity 6446K, committed 6448K, reserved 1048576K
}
Event: 15.545 GC heap before
{Heap before GC invocations=15 (full 2):
 PSYoungGen      total 355328K, used 39200K [0x00000000d6100000, 0x00000000ef100000, 0x0000000100000000)
  eden space 318464K, 5% used [0x00000000d6100000,0x00000000d736bac0,0x00000000e9800000)
  from space 36864K, 55% used [0x00000000ecd00000,0x00000000ee0dc8b8,0x00000000ef100000)
  to   space 45568K, 0% used [0x00000000e9800000,0x00000000e9800000,0x00000000ec480000)
 ParOldGen       total 147968K, used 69673K [0x0000000082200000, 0x000000008b280000, 0x00000000d6100000)
  object space 147968K, 47% used [0x0000000082200000,0x000000008660a590,0x000000008b280000)
 Metaspace       used 51570K, capacity 52564K, committed 52776K, reserved 1095680K
  class space    used 6323K, capacity 6643K, committed 6704K, reserved 1048576K
Event: 15.559 GC heap after
Heap after GC invocations=15 (full 2):
 PSYoungGen      total 364032K, used 1931K [0x00000000d6100000, 0x00000000ef100000, 0x0000000100000000)
  eden space 318464K, 0% used [0x00000000d6100000,0x00000000d6100000,0x00000000e9800000)
  from space 45568K, 4% used [0x00000000e9800000,0x00000000e99e2e50,0x00000000ec480000)
  to   space 36864K, 0% used [0x00000000ecd00000,0x00000000ecd00000,0x00000000ef100000)
 ParOldGen       total 147968K, used 77492K [0x0000000082200000, 0x000000008b280000, 0x00000000d6100000)
  object space 147968K, 52% used [0x0000000082200000,0x0000000086dad0b8,0x000000008b280000)
 Metaspace       used 51570K, capacity 52564K, committed 52776K, reserved 1095680K
  class space    used 6323K, capacity 6643K, committed 6704K, reserved 1048576K
}
Event: 15.559 GC heap before
{Heap before GC invocations=16 (full 3):
 PSYoungGen      total 364032K, used 1931K [0x00000000d6100000, 0x00000000ef100000, 0x0000000100000000)
  eden space 318464K, 0% used [0x00000000d6100000,0x00000000d6100000,0x00000000e9800000)
  from space 45568K, 4% used [0x00000000e9800000,0x00000000e99e2e50,0x00000000ec480000)
  to   space 36864K, 0% used [0x00000000ecd00000,0x00000000ecd00000,0x00000000ef100000)
 ParOldGen       total 147968K, used 77492K [0x0000000082200000, 0x000000008b280000, 0x00000000d6100000)
  object space 147968K, 52% used [0x0000000082200000,0x0000000086dad0b8,0x000000008b280000)
 Metaspace       used 51570K, capacity 52564K, committed 52776K, reserved 1095680K
  class space    used 6323K, capacity 6643K, committed 6704K, reserved 1048576K
Event: 15.792 GC heap after
Heap after GC invocations=16 (full 3):
 PSYoungGen      total 364032K, used 0K [0x00000000d6100000, 0x00000000ef100000, 0x0000000100000000)
  eden space 318464K, 0% used [0x00000000d6100000,0x00000000d6100000,0x00000000e9800000)
  from space 45568K, 0% used [0x00000000e9800000,0x00000000e9800000,0x00000000ec480000)
  to   space 36864K, 0% used [0x00000000ecd00000,0x00000000ecd00000,0x00000000ef100000)
 ParOldGen       total 150528K, used 44903K [0x0000000082200000, 0x000000008b500000, 0x00000000d6100000)
  object space 150528K, 29% used [0x0000000082200000,0x0000000084dd9de0,0x000000008b500000)
 Metaspace       used 51560K, capacity 52544K, committed 52776K, reserved 1095680K
  class space    used 6319K, capacity 6637K, committed 6704K, reserved 1048576K
}

