# JRE version: Java(TM) SE Runtime Environment (8.0_45-b14) (build 1.8.0_45-b14)
# Java VM: Java HotSpot(TM) 64-Bit Server VM (25.45-b02 mixed mode windows-amd64 compressed oops)
Heap:
 PSYoungGen      total 353280K, used 37540K [0x00000000d6100000, 0x00000000efb80000, 0x0000000100000000)
  eden space 321536K, 11% used [0x00000000d6100000,0x00000000d85a9370,0x00000000e9b00000)
  from space 31744K, 0% used [0x00000000e9b00000,0x00000000e9b00000,0x00000000eba00000)
  to   space 32256K, 0% used [0x00000000edc00000,0x00000000edc00000,0x00000000efb80000)
 ParOldGen       total 149504K, used 44212K [0x0000000082200000, 0x000000008b400000, 0x00000000d6100000)
  object space 149504K, 29% used [0x0000000082200000,0x0000000084d2d0a8,0x000000008b400000)
 Metaspace       used 59060K, capacity 60238K, committed 60696K, reserved 1101824K
  class space    used 7339K, capacity 7654K, committed 7728K, reserved 1048576K
GC Heap History (10 events):
Event: 15.034 GC heap before
{Heap before GC invocations=16 (full 1):
 PSYoungGen      total 252928K, used 122201K [0x00000000d6100000, 0x00000000e7f80000, 0x0000000100000000)
  eden space 224256K, 42% used [0x00000000d6100000,0x00000000dbea1c88,0x00000000e3c00000)
  from space 28672K, 91% used [0x00000000e5b00000,0x00000000e74b4a20,0x00000000e7700000)
  to   space 31744K, 0% used [0x00000000e3c00000,0x00000000e3c00000,0x00000000e5b00000)
 ParOldGen       total 71168K, used 52681K [0x0000000082200000, 0x0000000086780000, 0x00000000d6100000)
  object space 71168K, 74% used [0x0000000082200000,0x0000000085572628,0x0000000086780000)
 Metaspace       used 34554K, capacity 35370K, committed 35496K, reserved 1081344K
  class space    used 3995K, capacity 4220K, committed 4272K, reserved 1048576K
Event: 15.138 GC heap after
Heap after GC invocations=16 (full 1):
 PSYoungGen      total 256000K, used 10584K [0x00000000d6100000, 0x00000000ee200000, 0x0000000100000000)
  eden space 224256K, 0% used [0x00000000d6100000,0x00000000d6100000,0x00000000e3c00000)
  from space 31744K, 33% used [0x00000000e3c00000,0x00000000e4656228,0x00000000e5b00000)
  to   space 30720K, 0% used [0x00000000ec400000,0x00000000ec400000,0x00000000ee200000)
 ParOldGen       total 71168K, used 55229K [0x0000000082200000, 0x0000000086780000, 0x00000000d6100000)
  object space 71168K, 77% used [0x0000000082200000,0x00000000857ef7d8,0x0000000086780000)
 Metaspace       used 34554K, capacity 35370K, committed 35496K, reserved 1081344K
  class space    used 3995K, capacity 4220K, committed 4272K, reserved 1048576K
}
Event: 15.138 GC heap before
{Heap before GC invocations=17 (full 2):
 PSYoungGen      total 256000K, used 10584K [0x00000000d6100000, 0x00000000ee200000, 0x0000000100000000)
  eden space 224256K, 0% used [0x00000000d6100000,0x00000000d6100000,0x00000000e3c00000)
  from space 31744K, 33% used [0x00000000e3c00000,0x00000000e4656228,0x00000000e5b00000)
  to   space 30720K, 0% used [0x00000000ec400000,0x00000000ec400000,0x00000000ee200000)
 ParOldGen       total 71168K, used 55229K [0x0000000082200000, 0x0000000086780000, 0x00000000d6100000)
  object space 71168K, 77% used [0x0000000082200000,0x00000000857ef7d8,0x0000000086780000)
 Metaspace       used 34554K, capacity 35370K, committed 35496K, reserved 1081344K
  class space    used 3995K, capacity 4220K, committed 4272K, reserved 1048576K
Event: 15.668 GC heap after
Heap after GC invocations=17 (full 2):
 PSYoungGen      total 256000K, used 0K [0x00000000d6100000, 0x00000000ee200000, 0x0000000100000000)
  eden space 224256K, 0% used [0x00000000d6100000,0x00000000d6100000,0x00000000e3c00000)
  from space 31744K, 0% used [0x00000000e3c00000,0x00000000e3c00000,0x00000000e5b00000)
  to   space 30720K, 0% used [0x00000000ec400000,0x00000000ec400000,0x00000000ee200000)
 ParOldGen       total 125952K, used 44587K [0x0000000082200000, 0x0000000089d00000, 0x00000000d6100000)
  object space 125952K, 35% used [0x0000000082200000,0x0000000084d8adb8,0x0000000089d00000)
 Metaspace       used 34554K, capacity 35370K, committed 35496K, reserved 1081344K
  class space    used 3995K, capacity 4220K, committed 4272K, reserved 1048576K
}
Event: 20.893 GC heap before
{Heap before GC invocations=18 (full 2):
 PSYoungGen      total 256000K, used 224256K [0x00000000d6100000, 0x00000000ee200000, 0x0000000100000000)
  eden space 224256K, 100% used [0x00000000d6100000,0x00000000e3c00000,0x00000000e3c00000)
  from space 31744K, 0% used [0x00000000e3c00000,0x00000000e3c00000,0x00000000e5b00000)
  to   space 30720K, 0% used [0x00000000ec400000,0x00000000ec400000,0x00000000ee200000)
 ParOldGen       total 125952K, used 44587K [0x0000000082200000, 0x0000000089d00000, 0x00000000d6100000)
  object space 125952K, 35% used [0x0000000082200000,0x0000000084d8adb8,0x0000000089d00000)
 Metaspace       used 55349K, capacity 56460K, committed 56872K, reserved 1099776K
  class space    used 6834K, capacity 7129K, committed 7216K, reserved 1048576K
Event: 20.915 GC heap after
Heap after GC invocations=18 (full 2):
 PSYoungGen      total 318976K, used 21333K [0x00000000d6100000, 0x00000000ed900000, 0x0000000100000000)
  eden space 297472K, 0% used [0x00000000d6100000,0x00000000d6100000,0x00000000e8380000)
  from space 21504K, 99% used [0x00000000ec400000,0x00000000ed8d5410,0x00000000ed900000)
  to   space 31744K, 0% used [0x00000000e9b00000,0x00000000e9b00000,0x00000000eba00000)
 ParOldGen       total 125952K, used 44595K [0x0000000082200000, 0x0000000089d00000, 0x00000000d6100000)
  object space 125952K, 35% used [0x0000000082200000,0x0000000084d8cdb8,0x0000000089d00000)
 Metaspace       used 55349K, capacity 56460K, committed 56872K, reserved 1099776K
  class space    used 6834K, capacity 7129K, committed 7216K, reserved 1048576K
}
Event: 22.108 GC heap before
{Heap before GC invocations=19 (full 2):
 PSYoungGen      total 318976K, used 68706K [0x00000000d6100000, 0x00000000ed900000, 0x0000000100000000)
  eden space 297472K, 15% used [0x00000000d6100000,0x00000000d8f43518,0x00000000e8380000)
  from space 21504K, 99% used [0x00000000ec400000,0x00000000ed8d5410,0x00000000ed900000)
  to   space 31744K, 0% used [0x00000000e9b00000,0x00000000e9b00000,0x00000000eba00000)
 ParOldGen       total 125952K, used 44595K [0x0000000082200000, 0x0000000089d00000, 0x00000000d6100000)
  object space 125952K, 35% used [0x0000000082200000,0x0000000084d8cdb8,0x0000000089d00000)
 Metaspace       used 57749K, capacity 58862K, committed 59160K, reserved 1101824K
  class space    used 7133K, capacity 7458K, committed 7472K, reserved 1048576K
Event: 22.119 GC heap after
Heap after GC invocations=19 (full 2):
 PSYoungGen      total 353280K, used 3550K [0x00000000d6100000, 0x00000000efb80000, 0x0000000100000000)
  eden space 321536K, 0% used [0x00000000d6100000,0x00000000d6100000,0x00000000e9b00000)
  from space 31744K, 11% used [0x00000000e9b00000,0x00000000e9e77bb0,0x00000000eba00000)
  to   space 32256K, 0% used [0x00000000edc00000,0x00000000edc00000,0x00000000efb80000)
 ParOldGen       total 125952K, used 52457K [0x0000000082200000, 0x0000000089d00000, 0x00000000d6100000)
  object space 125952K, 41% used [0x0000000082200000,0x000000008553a6d0,0x0000000089d00000)
 Metaspace       used 57749K, capacity 58862K, committed 59160K, reserved 1101824K
  class space    used 7133K, capacity 7458K, committed 7472K, reserved 1048576K
}
Event: 22.119 GC heap before
{Heap before GC invocations=20 (full 3):
 PSYoungGen      total 353280K, used 3550K [0x00000000d6100000, 0x00000000efb80000, 0x0000000100000000)
  eden space 321536K, 0% used [0x00000000d6100000,0x00000000d6100000,0x00000000e9b00000)
  from space 31744K, 11% used [0x00000000e9b00000,0x00000000e9e77bb0,0x00000000eba00000)
  to   space 32256K, 0% used [0x00000000edc00000,0x00000000edc00000,0x00000000efb80000)
 ParOldGen       total 125952K, used 52457K [0x0000000082200000, 0x0000000089d00000, 0x00000000d6100000)
  object space 125952K, 41% used [0x0000000082200000,0x000000008553a6d0,0x0000000089d00000)
 Metaspace       used 57749K, capacity 58862K, committed 59160K, reserved 1101824K
  class space    used 7133K, capacity 7458K, committed 7472K, reserved 1048576K
Event: 22.332 GC heap after
Heap after GC invocations=20 (full 3):
 PSYoungGen      total 353280K, used 0K [0x00000000d6100000, 0x00000000efb80000, 0x0000000100000000)
  eden space 321536K, 0% used [0x00000000d6100000,0x00000000d6100000,0x00000000e9b00000)
  from space 31744K, 0% used [0x00000000e9b00000,0x00000000e9b00000,0x00000000eba00000)
  to   space 32256K, 0% used [0x00000000edc00000,0x00000000edc00000,0x00000000efb80000)
 ParOldGen       total 149504K, used 44212K [0x0000000082200000, 0x000000008b400000, 0x00000000d6100000)
  object space 149504K, 29% used [0x0000000082200000,0x0000000084d2d0a8,0x000000008b400000)
 Metaspace       used 57735K, capacity 58832K, committed 59160K, reserved 1101824K
  class space    used 7128K, capacity 7449K, committed 7472K, reserved 1048576K
}

