# JRE version: Java(TM) SE Runtime Environment (8.0_45-b14) (build 1.8.0_45-b14)
# Java VM: Java HotSpot(TM) 64-Bit Server VM (25.45-b02 mixed mode windows-amd64 compressed oops)
Heap:
 PSYoungGen      total 351232K, used 5553K [0x00000000d6100000, 0x00000000eed80000, 0x0000000100000000)
  eden space 305664K, 1% used [0x00000000d6100000,0x00000000d666c450,0x00000000e8b80000)
  from space 45568K, 0% used [0x00000000eb800000,0x00000000eb800000,0x00000000ee480000)
  to   space 45568K, 0% used [0x00000000e8b80000,0x00000000e8b80000,0x00000000eb800000)
 ParOldGen       total 172032K, used 45947K [0x0000000082200000, 0x000000008ca00000, 0x00000000d6100000)
  object space 172032K, 26% used [0x0000000082200000,0x0000000084edee78,0x000000008ca00000)
 Metaspace       used 59456K, capacity 60394K, committed 60924K, reserved 1103872K
  class space    used 7343K, capacity 7612K, committed 7728K, reserved 1048576K
GC Heap History (10 events):
Event: 13.538 GC heap before
{Heap before GC invocations=15 (full 3):
 PSYoungGen      total 351232K, used 25779K [0x00000000d6100000, 0x00000000eed80000, 0x0000000100000000)
  eden space 305664K, 0% used [0x00000000d6100000,0x00000000d6100000,0x00000000e8b80000)
  from space 45568K, 56% used [0x00000000eb800000,0x00000000ed12cc68,0x00000000ee480000)
  to   space 45568K, 0% used [0x00000000e8b80000,0x00000000e8b80000,0x00000000eb800000)
 ParOldGen       total 160256K, used 73185K [0x0000000082200000, 0x000000008be80000, 0x00000000d6100000)
  object space 160256K, 45% used [0x0000000082200000,0x0000000086978598,0x000000008be80000)
 Metaspace       used 51189K, capacity 52210K, committed 52348K, reserved 1095680K
  class space    used 6276K, capacity 6548K, committed 6576K, reserved 1048576K
Event: 13.741 GC heap after
Heap after GC invocations=15 (full 3):
 PSYoungGen      total 351232K, used 0K [0x00000000d6100000, 0x00000000eed80000, 0x0000000100000000)
  eden space 305664K, 0% used [0x00000000d6100000,0x00000000d6100000,0x00000000e8b80000)
  from space 45568K, 0% used [0x00000000eb800000,0x00000000eb800000,0x00000000ee480000)
  to   space 45568K, 0% used [0x00000000e8b80000,0x00000000e8b80000,0x00000000eb800000)
 ParOldGen       total 172032K, used 54172K [0x0000000082200000, 0x000000008ca00000, 0x00000000d6100000)
  object space 172032K, 31% used [0x0000000082200000,0x00000000856e7168,0x000000008ca00000)
 Metaspace       used 51178K, capacity 52184K, committed 52348K, reserved 1095680K
  class space    used 6272K, capacity 6541K, committed 6576K, reserved 1048576K
}
Event: 21.898 GC heap before
{Heap before GC invocations=16 (full 3):
 PSYoungGen      total 351232K, used 126401K [0x00000000d6100000, 0x00000000eed80000, 0x0000000100000000)
  eden space 305664K, 41% used [0x00000000d6100000,0x00000000ddc70610,0x00000000e8b80000)
  from space 45568K, 0% used [0x00000000eb800000,0x00000000eb800000,0x00000000ee480000)
  to   space 45568K, 0% used [0x00000000e8b80000,0x00000000e8b80000,0x00000000eb800000)
 ParOldGen       total 172032K, used 54172K [0x0000000082200000, 0x000000008ca00000, 0x00000000d6100000)
  object space 172032K, 31% used [0x0000000082200000,0x00000000856e7168,0x000000008ca00000)
 Metaspace       used 59420K, capacity 60458K, committed 60668K, reserved 1105920K
  class space    used 7349K, capacity 7622K, committed 7728K, reserved 1048576K
Event: 21.908 GC heap after
Heap after GC invocations=16 (full 3):
 PSYoungGen      total 351232K, used 12875K [0x00000000d6100000, 0x00000000eed80000, 0x0000000100000000)
  eden space 305664K, 0% used [0x00000000d6100000,0x00000000d6100000,0x00000000e8b80000)
  from space 45568K, 28% used [0x00000000e8b80000,0x00000000e9812d30,0x00000000eb800000)
  to   space 45568K, 0% used [0x00000000eb800000,0x00000000eb800000,0x00000000ee480000)
 ParOldGen       total 172032K, used 54180K [0x0000000082200000, 0x000000008ca00000, 0x00000000d6100000)
  object space 172032K, 31% used [0x0000000082200000,0x00000000856e9168,0x000000008ca00000)
 Metaspace       used 59420K, capacity 60458K, committed 60668K, reserved 1105920K
  class space    used 7349K, capacity 7622K, committed 7728K, reserved 1048576K
}
Event: 21.908 GC heap before
{Heap before GC invocations=17 (full 4):
 PSYoungGen      total 351232K, used 12875K [0x00000000d6100000, 0x00000000eed80000, 0x0000000100000000)
  eden space 305664K, 0% used [0x00000000d6100000,0x00000000d6100000,0x00000000e8b80000)
  from space 45568K, 28% used [0x00000000e8b80000,0x00000000e9812d30,0x00000000eb800000)
  to   space 45568K, 0% used [0x00000000eb800000,0x00000000eb800000,0x00000000ee480000)
 ParOldGen       total 172032K, used 54180K [0x0000000082200000, 0x000000008ca00000, 0x00000000d6100000)
  object space 172032K, 31% used [0x0000000082200000,0x00000000856e9168,0x000000008ca00000)
 Metaspace       used 59420K, capacity 60458K, committed 60668K, reserved 1105920K
  class space    used 7349K, capacity 7622K, committed 7728K, reserved 1048576K
Event: 22.007 GC heap after
Heap after GC invocations=17 (full 4):
 PSYoungGen      total 351232K, used 0K [0x00000000d6100000, 0x00000000eed80000, 0x0000000100000000)
  eden space 305664K, 0% used [0x00000000d6100000,0x00000000d6100000,0x00000000e8b80000)
  from space 45568K, 0% used [0x00000000e8b80000,0x00000000e8b80000,0x00000000eb800000)
  to   space 45568K, 0% used [0x00000000eb800000,0x00000000eb800000,0x00000000ee480000)
 ParOldGen       total 172032K, used 49743K [0x0000000082200000, 0x000000008ca00000, 0x00000000d6100000)
  object space 172032K, 28% used [0x0000000082200000,0x0000000085293ec8,0x000000008ca00000)
 Metaspace       used 59420K, capacity 60458K, committed 60668K, reserved 1103872K
  class space    used 7349K, capacity 7622K, committed 7728K, reserved 1048576K
}
Event: 22.007 GC heap before
{Heap before GC invocations=18 (full 4):
 PSYoungGen      total 351232K, used 0K [0x00000000d6100000, 0x00000000eed80000, 0x0000000100000000)
  eden space 305664K, 0% used [0x00000000d6100000,0x00000000d6100000,0x00000000e8b80000)
  from space 45568K, 0% used [0x00000000e8b80000,0x00000000e8b80000,0x00000000eb800000)
  to   space 45568K, 0% used [0x00000000eb800000,0x00000000eb800000,0x00000000ee480000)
 ParOldGen       total 172032K, used 49743K [0x0000000082200000, 0x000000008ca00000, 0x00000000d6100000)
  object space 172032K, 28% used [0x0000000082200000,0x0000000085293ec8,0x000000008ca00000)
 Metaspace       used 59420K, capacity 60458K, committed 60668K, reserved 1107968K
  class space    used 7349K, capacity 7622K, committed 7728K, reserved 1048576K
Event: 22.009 GC heap after
Heap after GC invocations=18 (full 4):
 PSYoungGen      total 351232K, used 0K [0x00000000d6100000, 0x00000000eed80000, 0x0000000100000000)
  eden space 305664K, 0% used [0x00000000d6100000,0x00000000d6100000,0x00000000e8b80000)
  from space 45568K, 0% used [0x00000000eb800000,0x00000000eb800000,0x00000000ee480000)
  to   space 45568K, 0% used [0x00000000e8b80000,0x00000000e8b80000,0x00000000eb800000)
 ParOldGen       total 172032K, used 49743K [0x0000000082200000, 0x000000008ca00000, 0x00000000d6100000)
  object space 172032K, 28% used [0x0000000082200000,0x0000000085293ec8,0x000000008ca00000)
 Metaspace       used 59420K, capacity 60458K, committed 60668K, reserved 1107968K
  class space    used 7349K, capacity 7622K, committed 7728K, reserved 1048576K
}
Event: 22.009 GC heap before
{Heap before GC invocations=19 (full 5):
 PSYoungGen      total 351232K, used 0K [0x00000000d6100000, 0x00000000eed80000, 0x0000000100000000)
  eden space 305664K, 0% used [0x00000000d6100000,0x00000000d6100000,0x00000000e8b80000)
  from space 45568K, 0% used [0x00000000eb800000,0x00000000eb800000,0x00000000ee480000)
  to   space 45568K, 0% used [0x00000000e8b80000,0x00000000e8b80000,0x00000000eb800000)
 ParOldGen       total 172032K, used 49743K [0x0000000082200000, 0x000000008ca00000, 0x00000000d6100000)
  object space 172032K, 28% used [0x0000000082200000,0x0000000085293ec8,0x000000008ca00000)
 Metaspace       used 59420K, capacity 60458K, committed 60668K, reserved 1107968K
  class space    used 7349K, capacity 7622K, committed 7728K, reserved 1048576K
Event: 22.196 GC heap after
Heap after GC invocations=19 (full 5):
 PSYoungGen      total 351232K, used 0K [0x00000000d6100000, 0x00000000eed80000, 0x0000000100000000)
  eden space 305664K, 0% used [0x00000000d6100000,0x00000000d6100000,0x00000000e8b80000)
  from space 45568K, 0% used [0x00000000eb800000,0x00000000eb800000,0x00000000ee480000)
  to   space 45568K, 0% used [0x00000000e8b80000,0x00000000e8b80000,0x00000000eb800000)
 ParOldGen       total 172032K, used 45947K [0x0000000082200000, 0x000000008ca00000, 0x00000000d6100000)
  object space 172032K, 26% used [0x0000000082200000,0x0000000084edee78,0x000000008ca00000)
 Metaspace       used 59310K, capacity 60234K, committed 60668K, reserved 1103872K
  class space    used 7326K, capacity 7580K, committed 7728K, reserved 1048576K
}

