# JRE version: Java(TM) SE Runtime Environment (8.0_45-b14) (build 1.8.0_45-b14)
# Java VM: Java HotSpot(TM) 64-Bit Server VM (25.45-b02 mixed mode windows-amd64 compressed oops)
Heap:
 PSYoungGen      total 452096K, used 343661K [0x00000000d6100000, 0x00000000f5280000, 0x0000000100000000)
  eden space 408576K, 84% used [0x00000000d6100000,0x00000000eb09b6e0,0x00000000ef000000)
  from space 43520K, 0% used [0x00000000f1a80000,0x00000000f1a80000,0x00000000f4500000)
  to   space 43520K, 0% used [0x00000000ef000000,0x00000000ef000000,0x00000000f1a80000)
 ParOldGen       total 131584K, used 32026K [0x0000000082200000, 0x000000008a280000, 0x00000000d6100000)
  object space 131584K, 24% used [0x0000000082200000,0x0000000084146b08,0x000000008a280000)
 Metaspace       used 65292K, capacity 66534K, committed 66816K, reserved 1107968K
  class space    used 7868K, capacity 8127K, committed 8192K, reserved 1048576K
GC Heap History (10 events):
Event: 9.094 GC heap before
{Heap before GC invocations=11 (full 1):
 PSYoungGen      total 268800K, used 268775K [0x00000000d6100000, 0x00000000eca80000, 0x0000000100000000)
  eden space 251904K, 100% used [0x00000000d6100000,0x00000000e5700000,0x00000000e5700000)
  from space 16896K, 99% used [0x00000000e5700000,0x00000000e6779d40,0x00000000e6780000)
  to   space 28160K, 0% used [0x00000000eaf00000,0x00000000eaf00000,0x00000000eca80000)
 ParOldGen       total 65536K, used 46413K [0x0000000082200000, 0x0000000086200000, 0x00000000d6100000)
  object space 65536K, 70% used [0x0000000082200000,0x0000000084f534c8,0x0000000086200000)
 Metaspace       used 24577K, capacity 25256K, committed 25600K, reserved 1071104K
  class space    used 2822K, capacity 2975K, committed 3072K, reserved 1048576K
Event: 9.133 GC heap after
Heap after GC invocations=11 (full 1):
 PSYoungGen      total 330752K, used 28132K [0x00000000d6100000, 0x00000000f1680000, 0x0000000100000000)
  eden space 302592K, 0% used [0x00000000d6100000,0x00000000d6100000,0x00000000e8880000)
  from space 28160K, 99% used [0x00000000eaf00000,0x00000000eca79100,0x00000000eca80000)
  to   space 39424K, 0% used [0x00000000e8880000,0x00000000e8880000,0x00000000eaf00000)
 ParOldGen       total 66048K, used 65680K [0x0000000082200000, 0x0000000086280000, 0x00000000d6100000)
  object space 66048K, 99% used [0x0000000082200000,0x0000000086224010,0x0000000086280000)
 Metaspace       used 24577K, capacity 25256K, committed 25600K, reserved 1071104K
  class space    used 2822K, capacity 2975K, committed 3072K, reserved 1048576K
}
Event: 9.133 GC heap before
{Heap before GC invocations=12 (full 2):
 PSYoungGen      total 330752K, used 28132K [0x00000000d6100000, 0x00000000f1680000, 0x0000000100000000)
  eden space 302592K, 0% used [0x00000000d6100000,0x00000000d6100000,0x00000000e8880000)
  from space 28160K, 99% used [0x00000000eaf00000,0x00000000eca79100,0x00000000eca80000)
  to   space 39424K, 0% used [0x00000000e8880000,0x00000000e8880000,0x00000000eaf00000)
 ParOldGen       total 66048K, used 65680K [0x0000000082200000, 0x0000000086280000, 0x00000000d6100000)
  object space 66048K, 99% used [0x0000000082200000,0x0000000086224010,0x0000000086280000)
 Metaspace       used 24577K, capacity 25256K, committed 25600K, reserved 1071104K
  class space    used 2822K, capacity 2975K, committed 3072K, reserved 1048576K
Event: 9.219 GC heap after
Heap after GC invocations=12 (full 2):
 PSYoungGen      total 330752K, used 0K [0x00000000d6100000, 0x00000000f1680000, 0x0000000100000000)
  eden space 302592K, 0% used [0x00000000d6100000,0x00000000d6100000,0x00000000e8880000)
  from space 28160K, 0% used [0x00000000eaf00000,0x00000000eaf00000,0x00000000eca80000)
  to   space 39424K, 0% used [0x00000000e8880000,0x00000000e8880000,0x00000000eaf00000)
 ParOldGen       total 140800K, used 59584K [0x0000000082200000, 0x000000008ab80000, 0x00000000d6100000)
  object space 140800K, 42% used [0x0000000082200000,0x0000000085c30300,0x000000008ab80000)
 Metaspace       used 24577K, capacity 25256K, committed 25600K, reserved 1071104K
  class space    used 2822K, capacity 2975K, committed 3072K, reserved 1048576K
}
Event: 11.266 GC heap before
{Heap before GC invocations=13 (full 2):
 PSYoungGen      total 330752K, used 302592K [0x00000000d6100000, 0x00000000f1680000, 0x0000000100000000)
  eden space 302592K, 100% used [0x00000000d6100000,0x00000000e8880000,0x00000000e8880000)
  from space 28160K, 0% used [0x00000000eaf00000,0x00000000eaf00000,0x00000000eca80000)
  to   space 39424K, 0% used [0x00000000e8880000,0x00000000e8880000,0x00000000eaf00000)
 ParOldGen       total 140800K, used 59584K [0x0000000082200000, 0x000000008ab80000, 0x00000000d6100000)
  object space 140800K, 42% used [0x0000000082200000,0x0000000085c30300,0x000000008ab80000)
 Metaspace       used 37590K, capacity 38502K, committed 38912K, reserved 1083392K
  class space    used 4566K, capacity 4764K, committed 4864K, reserved 1048576K
Event: 11.317 GC heap after
Heap after GC invocations=13 (full 2):
 PSYoungGen      total 342016K, used 32560K [0x00000000d6100000, 0x00000000f4500000, 0x0000000100000000)
  eden space 302592K, 0% used [0x00000000d6100000,0x00000000d6100000,0x00000000e8880000)
  from space 39424K, 82% used [0x00000000e8880000,0x00000000ea84c038,0x00000000eaf00000)
  to   space 43520K, 0% used [0x00000000f1a80000,0x00000000f1a80000,0x00000000f4500000)
 ParOldGen       total 140800K, used 59592K [0x0000000082200000, 0x000000008ab80000, 0x00000000d6100000)
  object space 140800K, 42% used [0x0000000082200000,0x0000000085c32300,0x000000008ab80000)
 Metaspace       used 37590K, capacity 38502K, committed 38912K, reserved 1083392K
  class space    used 4566K, capacity 4764K, committed 4864K, reserved 1048576K
}
Event: 11.707 GC heap before
{Heap before GC invocations=14 (full 2):
 PSYoungGen      total 342016K, used 67989K [0x00000000d6100000, 0x00000000f4500000, 0x0000000100000000)
  eden space 302592K, 11% used [0x00000000d6100000,0x00000000d8399540,0x00000000e8880000)
  from space 39424K, 82% used [0x00000000e8880000,0x00000000ea84c038,0x00000000eaf00000)
  to   space 43520K, 0% used [0x00000000f1a80000,0x00000000f1a80000,0x00000000f4500000)
 ParOldGen       total 140800K, used 59592K [0x0000000082200000, 0x000000008ab80000, 0x00000000d6100000)
  object space 140800K, 42% used [0x0000000082200000,0x0000000085c32300,0x000000008ab80000)
 Metaspace       used 41565K, capacity 42526K, committed 42668K, reserved 1087488K
  class space    used 5107K, capacity 5346K, committed 5376K, reserved 1048576K
Event: 11.736 GC heap after
Heap after GC invocations=14 (full 2):
 PSYoungGen      total 452096K, used 3444K [0x00000000d6100000, 0x00000000f5280000, 0x0000000100000000)
  eden space 408576K, 0% used [0x00000000d6100000,0x00000000d6100000,0x00000000ef000000)
  from space 43520K, 7% used [0x00000000f1a80000,0x00000000f1ddd2c0,0x00000000f4500000)
  to   space 43520K, 0% used [0x00000000ef000000,0x00000000ef000000,0x00000000f1a80000)
 ParOldGen       total 140800K, used 69813K [0x0000000082200000, 0x000000008ab80000, 0x00000000d6100000)
  object space 140800K, 49% used [0x0000000082200000,0x000000008662d500,0x000000008ab80000)
 Metaspace       used 41565K, capacity 42526K, committed 42668K, reserved 1087488K
  class space    used 5107K, capacity 5346K, committed 5376K, reserved 1048576K
}
Event: 11.736 GC heap before
{Heap before GC invocations=15 (full 3):
 PSYoungGen      total 452096K, used 3444K [0x00000000d6100000, 0x00000000f5280000, 0x0000000100000000)
  eden space 408576K, 0% used [0x00000000d6100000,0x00000000d6100000,0x00000000ef000000)
  from space 43520K, 7% used [0x00000000f1a80000,0x00000000f1ddd2c0,0x00000000f4500000)
  to   space 43520K, 0% used [0x00000000ef000000,0x00000000ef000000,0x00000000f1a80000)
 ParOldGen       total 140800K, used 69813K [0x0000000082200000, 0x000000008ab80000, 0x00000000d6100000)
  object space 140800K, 49% used [0x0000000082200000,0x000000008662d500,0x000000008ab80000)
 Metaspace       used 41565K, capacity 42526K, committed 42668K, reserved 1087488K
  class space    used 5107K, capacity 5346K, committed 5376K, reserved 1048576K
Event: 11.935 GC heap after
Heap after GC invocations=15 (full 3):
 PSYoungGen      total 452096K, used 0K [0x00000000d6100000, 0x00000000f5280000, 0x0000000100000000)
  eden space 408576K, 0% used [0x00000000d6100000,0x00000000d6100000,0x00000000ef000000)
  from space 43520K, 0% used [0x00000000f1a80000,0x00000000f1a80000,0x00000000f4500000)
  to   space 43520K, 0% used [0x00000000ef000000,0x00000000ef000000,0x00000000f1a80000)
 ParOldGen       total 131584K, used 32026K [0x0000000082200000, 0x000000008a280000, 0x00000000d6100000)
  object space 131584K, 24% used [0x0000000082200000,0x0000000084146b08,0x000000008a280000)
 Metaspace       used 41560K, capacity 42512K, committed 42668K, reserved 1087488K
  class space    used 5105K, capacity 5343K, committed 5376K, reserved 1048576K
}

