# JRE version: Java(TM) SE Runtime Environment (8.0_45-b14) (build 1.8.0_45-b14)
# Java VM: Java HotSpot(TM) 64-Bit Server VM (25.45-b02 mixed mode windows-amd64 compressed oops)
Heap:
 PSYoungGen      total 182272K, used 54777K [0x00000000d6100000, 0x00000000e7500000, 0x0000000100000000)
  eden space 166912K, 32% used [0x00000000d6100000,0x00000000d967e728,0x00000000e0400000)
  from space 15360K, 0% used [0x00000000e2b00000,0x00000000e2b00000,0x00000000e3a00000)
  to   space 39936K, 0% used [0x00000000e0400000,0x00000000e0400000,0x00000000e2b00000)
 ParOldGen       total 259072K, used 52714K [0x0000000082200000, 0x0000000091f00000, 0x00000000d6100000)
  object space 259072K, 20% used [0x0000000082200000,0x000000008557a8c0,0x0000000091f00000)
 Metaspace       used 67406K, capacity 68518K, committed 68912K, reserved 1110016K
  class space    used 8104K, capacity 8382K, committed 8496K, reserved 1048576K
GC Heap History (10 events):
Event: 11.133 GC heap before
{Heap before GC invocations=13 (full 3):
 PSYoungGen      total 197632K, used 182272K [0x00000000d6100000, 0x00000000e5200000, 0x0000000100000000)
  eden space 182272K, 100% used [0x00000000d6100000,0x00000000e1300000,0x00000000e1300000)
  from space 15360K, 0% used [0x00000000e2b00000,0x00000000e2b00000,0x00000000e3a00000)
  to   space 24576K, 0% used [0x00000000e1300000,0x00000000e1300000,0x00000000e2b00000)
 ParOldGen       total 79872K, used 72149K [0x0000000082200000, 0x0000000087000000, 0x00000000d6100000)
  object space 79872K, 90% used [0x0000000082200000,0x0000000086875750,0x0000000087000000)
 Metaspace       used 30550K, capacity 31260K, committed 31408K, reserved 1077248K
  class space    used 3494K, capacity 3655K, committed 3760K, reserved 1048576K
Event: 11.343 GC heap after
Heap after GC invocations=13 (full 3):
 PSYoungGen      total 197632K, used 0K [0x00000000d6100000, 0x00000000e5200000, 0x0000000100000000)
  eden space 182272K, 0% used [0x00000000d6100000,0x00000000d6100000,0x00000000e1300000)
  from space 15360K, 0% used [0x00000000e2b00000,0x00000000e2b00000,0x00000000e3a00000)
  to   space 24576K, 0% used [0x00000000e1300000,0x00000000e1300000,0x00000000e2b00000)
 ParOldGen       total 79872K, used 61794K [0x0000000082200000, 0x0000000087000000, 0x00000000d6100000)
  object space 79872K, 77% used [0x0000000082200000,0x0000000085e58b90,0x0000000087000000)
 Metaspace       used 30550K, capacity 31260K, committed 31408K, reserved 1077248K
  class space    used 3494K, capacity 3655K, committed 3760K, reserved 1048576K
}
Event: 12.653 GC heap before
{Heap before GC invocations=14 (full 4):
 PSYoungGen      total 197632K, used 182272K [0x00000000d6100000, 0x00000000e5200000, 0x0000000100000000)
  eden space 182272K, 100% used [0x00000000d6100000,0x00000000e1300000,0x00000000e1300000)
  from space 15360K, 0% used [0x00000000e2b00000,0x00000000e2b00000,0x00000000e3a00000)
  to   space 24576K, 0% used [0x00000000e1300000,0x00000000e1300000,0x00000000e2b00000)
 ParOldGen       total 79872K, used 61794K [0x0000000082200000, 0x0000000087000000, 0x00000000d6100000)
  object space 79872K, 77% used [0x0000000082200000,0x0000000085e58b90,0x0000000087000000)
 Metaspace       used 38616K, capacity 39520K, committed 39600K, reserved 1083392K
  class space    used 4494K, capacity 4759K, committed 4784K, reserved 1048576K
Event: 12.786 GC heap after
Heap after GC invocations=14 (full 4):
 PSYoungGen      total 197632K, used 0K [0x00000000d6100000, 0x00000000e5200000, 0x0000000100000000)
  eden space 182272K, 0% used [0x00000000d6100000,0x00000000d6100000,0x00000000e1300000)
  from space 15360K, 0% used [0x00000000e2b00000,0x00000000e2b00000,0x00000000e3a00000)
  to   space 24576K, 0% used [0x00000000e1300000,0x00000000e1300000,0x00000000e2b00000)
 ParOldGen       total 79872K, used 46938K [0x0000000082200000, 0x0000000087000000, 0x00000000d6100000)
  object space 79872K, 58% used [0x0000000082200000,0x0000000084fd69d0,0x0000000087000000)
 Metaspace       used 38616K, capacity 39520K, committed 39600K, reserved 1083392K
  class space    used 4494K, capacity 4759K, committed 4784K, reserved 1048576K
}
Event: 16.873 GC heap before
{Heap before GC invocations=15 (full 4):
 PSYoungGen      total 197632K, used 182272K [0x00000000d6100000, 0x00000000e5200000, 0x0000000100000000)
  eden space 182272K, 100% used [0x00000000d6100000,0x00000000e1300000,0x00000000e1300000)
  from space 15360K, 0% used [0x00000000e2b00000,0x00000000e2b00000,0x00000000e3a00000)
  to   space 24576K, 0% used [0x00000000e1300000,0x00000000e1300000,0x00000000e2b00000)
 ParOldGen       total 79872K, used 46938K [0x0000000082200000, 0x0000000087000000, 0x00000000d6100000)
  object space 79872K, 58% used [0x0000000082200000,0x0000000084fd69d0,0x0000000087000000)
 Metaspace       used 56940K, capacity 57982K, committed 58288K, reserved 1099776K
  class space    used 7002K, capacity 7294K, committed 7344K, reserved 1048576K
Event: 16.888 GC heap after
Heap after GC invocations=15 (full 4):
 PSYoungGen      total 206848K, used 19076K [0x00000000d6100000, 0x00000000e5200000, 0x0000000100000000)
  eden space 182272K, 0% used [0x00000000d6100000,0x00000000d6100000,0x00000000e1300000)
  from space 24576K, 77% used [0x00000000e1300000,0x00000000e25a1270,0x00000000e2b00000)
  to   space 15360K, 0% used [0x00000000e2b00000,0x00000000e2b00000,0x00000000e3a00000)
 ParOldGen       total 79872K, used 46946K [0x0000000082200000, 0x0000000087000000, 0x00000000d6100000)
  object space 79872K, 58% used [0x0000000082200000,0x0000000084fd89d0,0x0000000087000000)
 Metaspace       used 56940K, capacity 57982K, committed 58288K, reserved 1099776K
  class space    used 7002K, capacity 7294K, committed 7344K, reserved 1048576K
}
Event: 32.536 GC heap before
{Heap before GC invocations=16 (full 4):
 PSYoungGen      total 206848K, used 135762K [0x00000000d6100000, 0x00000000e5200000, 0x0000000100000000)
  eden space 182272K, 64% used [0x00000000d6100000,0x00000000dd2f38b0,0x00000000e1300000)
  from space 24576K, 77% used [0x00000000e1300000,0x00000000e25a1270,0x00000000e2b00000)
  to   space 15360K, 0% used [0x00000000e2b00000,0x00000000e2b00000,0x00000000e3a00000)
 ParOldGen       total 79872K, used 46946K [0x0000000082200000, 0x0000000087000000, 0x00000000d6100000)
  object space 79872K, 58% used [0x0000000082200000,0x0000000084fd89d0,0x0000000087000000)
 Metaspace       used 64606K, capacity 65678K, committed 65968K, reserved 1107968K
  class space    used 7815K, capacity 8053K, committed 8112K, reserved 1048576K
Event: 32.547 GC heap after
Heap after GC invocations=16 (full 4):
 PSYoungGen      total 182272K, used 15330K [0x00000000d6100000, 0x00000000e7500000, 0x0000000100000000)
  eden space 166912K, 0% used [0x00000000d6100000,0x00000000d6100000,0x00000000e0400000)
  from space 15360K, 99% used [0x00000000e2b00000,0x00000000e39f8830,0x00000000e3a00000)
  to   space 39936K, 0% used [0x00000000e0400000,0x00000000e0400000,0x00000000e2b00000)
 ParOldGen       total 79872K, used 50988K [0x0000000082200000, 0x0000000087000000, 0x00000000d6100000)
  object space 79872K, 63% used [0x0000000082200000,0x00000000853cb208,0x0000000087000000)
 Metaspace       used 64606K, capacity 65678K, committed 65968K, reserved 1107968K
  class space    used 7815K, capacity 8053K, committed 8112K, reserved 1048576K
}
Event: 32.547 GC heap before
{Heap before GC invocations=17 (full 5):
 PSYoungGen      total 182272K, used 15330K [0x00000000d6100000, 0x00000000e7500000, 0x0000000100000000)
  eden space 166912K, 0% used [0x00000000d6100000,0x00000000d6100000,0x00000000e0400000)
  from space 15360K, 99% used [0x00000000e2b00000,0x00000000e39f8830,0x00000000e3a00000)
  to   space 39936K, 0% used [0x00000000e0400000,0x00000000e0400000,0x00000000e2b00000)
 ParOldGen       total 79872K, used 50988K [0x0000000082200000, 0x0000000087000000, 0x00000000d6100000)
  object space 79872K, 63% used [0x0000000082200000,0x00000000853cb208,0x0000000087000000)
 Metaspace       used 64606K, capacity 65678K, committed 65968K, reserved 1107968K
  class space    used 7815K, capacity 8053K, committed 8112K, reserved 1048576K
Event: 32.657 GC heap after
Heap after GC invocations=17 (full 5):
 PSYoungGen      total 182272K, used 0K [0x00000000d6100000, 0x00000000e7500000, 0x0000000100000000)
  eden space 166912K, 0% used [0x00000000d6100000,0x00000000d6100000,0x00000000e0400000)
  from space 15360K, 0% used [0x00000000e2b00000,0x00000000e2b00000,0x00000000e3a00000)
  to   space 39936K, 0% used [0x00000000e0400000,0x00000000e0400000,0x00000000e2b00000)
 ParOldGen       total 259072K, used 52714K [0x0000000082200000, 0x0000000091f00000, 0x00000000d6100000)
  object space 259072K, 20% used [0x0000000082200000,0x000000008557a8c0,0x0000000091f00000)
 Metaspace       used 64589K, capacity 65640K, committed 65968K, reserved 1107968K
  class space    used 7808K, capacity 8042K, committed 8112K, reserved 1048576K
}

