# JRE version: Java(TM) SE Runtime Environment (8.0_45-b14) (build 1.8.0_45-b14)
# Java VM: Java HotSpot(TM) 64-Bit Server VM (25.45-b02 mixed mode windows-amd64 compressed oops)
Heap:
 PSYoungGen      total 268288K, used 71085K [0x00000000d6100000, 0x00000000eab80000, 0x0000000100000000)
  eden space 251904K, 28% used [0x00000000d6100000,0x00000000da66b590,0x00000000e5700000)
  from space 16384K, 0% used [0x00000000e5700000,0x00000000e5700000,0x00000000e6700000)
  to   space 26624K, 0% used [0x00000000e9180000,0x00000000e9180000,0x00000000eab80000)
 ParOldGen       total 68608K, used 50764K [0x0000000082200000, 0x0000000086500000, 0x00000000d6100000)
  object space 68608K, 73% used [0x0000000082200000,0x0000000085393098,0x0000000086500000)
 Metaspace       used 59493K, capacity 60570K, committed 61056K, reserved 1103872K
  class space    used 7199K, capacity 7460K, committed 7552K, reserved 1048576K
GC Heap History (10 events):
Event: 7.504 GC heap before
{Heap before GC invocations=11 (full 1):
 PSYoungGen      total 268288K, used 268267K [0x00000000d6100000, 0x00000000eab80000, 0x0000000100000000)
  eden space 251904K, 100% used [0x00000000d6100000,0x00000000e5700000,0x00000000e5700000)
  from space 16384K, 99% used [0x00000000e5700000,0x00000000e66faf38,0x00000000e6700000)
  to   space 26624K, 0% used [0x00000000e9180000,0x00000000e9180000,0x00000000eab80000)
 ParOldGen       total 68608K, used 43760K [0x0000000082200000, 0x0000000086500000, 0x00000000d6100000)
  object space 68608K, 63% used [0x0000000082200000,0x0000000084cbc158,0x0000000086500000)
 Metaspace       used 24571K, capacity 25252K, committed 25600K, reserved 1071104K
  class space    used 2814K, capacity 2975K, committed 3072K, reserved 1048576K
Event: 7.547 GC heap after
Heap after GC invocations=11 (full 1):
 PSYoungGen      total 278528K, used 26619K [0x00000000d6100000, 0x00000000eab80000, 0x0000000100000000)
  eden space 251904K, 0% used [0x00000000d6100000,0x00000000d6100000,0x00000000e5700000)
  from space 26624K, 99% used [0x00000000e9180000,0x00000000eab7ee70,0x00000000eab80000)
  to   space 16384K, 0% used [0x00000000e5700000,0x00000000e5700000,0x00000000e6700000)
 ParOldGen       total 68608K, used 63938K [0x0000000082200000, 0x0000000086500000, 0x00000000d6100000)
  object space 68608K, 93% used [0x0000000082200000,0x0000000086070808,0x0000000086500000)
 Metaspace       used 24571K, capacity 25252K, committed 25600K, reserved 1071104K
  class space    used 2814K, capacity 2975K, committed 3072K, reserved 1048576K
}
Event: 7.547 GC heap before
{Heap before GC invocations=12 (full 2):
 PSYoungGen      total 278528K, used 26619K [0x00000000d6100000, 0x00000000eab80000, 0x0000000100000000)
  eden space 251904K, 0% used [0x00000000d6100000,0x00000000d6100000,0x00000000e5700000)
  from space 26624K, 99% used [0x00000000e9180000,0x00000000eab7ee70,0x00000000eab80000)
  to   space 16384K, 0% used [0x00000000e5700000,0x00000000e5700000,0x00000000e6700000)
 ParOldGen       total 68608K, used 63938K [0x0000000082200000, 0x0000000086500000, 0x00000000d6100000)
  object space 68608K, 93% used [0x0000000082200000,0x0000000086070808,0x0000000086500000)
 Metaspace       used 24571K, capacity 25252K, committed 25600K, reserved 1071104K
  class space    used 2814K, capacity 2975K, committed 3072K, reserved 1048576K
Event: 7.623 GC heap after
Heap after GC invocations=12 (full 2):
 PSYoungGen      total 278528K, used 0K [0x00000000d6100000, 0x00000000eab80000, 0x0000000100000000)
  eden space 251904K, 0% used [0x00000000d6100000,0x00000000d6100000,0x00000000e5700000)
  from space 26624K, 0% used [0x00000000e9180000,0x00000000e9180000,0x00000000eab80000)
  to   space 16384K, 0% used [0x00000000e5700000,0x00000000e5700000,0x00000000e6700000)
 ParOldGen       total 68608K, used 58952K [0x0000000082200000, 0x0000000086500000, 0x00000000d6100000)
  object space 68608K, 85% used [0x0000000082200000,0x0000000085b922d8,0x0000000086500000)
 Metaspace       used 24571K, capacity 25252K, committed 25600K, reserved 1071104K
  class space    used 2814K, capacity 2975K, committed 3072K, reserved 1048576K
}
Event: 8.850 GC heap before
{Heap before GC invocations=13 (full 3):
 PSYoungGen      total 278528K, used 251904K [0x00000000d6100000, 0x00000000eab80000, 0x0000000100000000)
  eden space 251904K, 100% used [0x00000000d6100000,0x00000000e5700000,0x00000000e5700000)
  from space 26624K, 0% used [0x00000000e9180000,0x00000000e9180000,0x00000000eab80000)
  to   space 16384K, 0% used [0x00000000e5700000,0x00000000e5700000,0x00000000e6700000)
 ParOldGen       total 68608K, used 58952K [0x0000000082200000, 0x0000000086500000, 0x00000000d6100000)
  object space 68608K, 85% used [0x0000000082200000,0x0000000085b922d8,0x0000000086500000)
 Metaspace       used 32259K, capacity 33068K, committed 33536K, reserved 1079296K
  class space    used 3779K, capacity 3977K, committed 4096K, reserved 1048576K
Event: 8.991 GC heap after
Heap after GC invocations=13 (full 3):
 PSYoungGen      total 278528K, used 0K [0x00000000d6100000, 0x00000000eab80000, 0x0000000100000000)
  eden space 251904K, 0% used [0x00000000d6100000,0x00000000d6100000,0x00000000e5700000)
  from space 26624K, 0% used [0x00000000e9180000,0x00000000e9180000,0x00000000eab80000)
  to   space 16384K, 0% used [0x00000000e5700000,0x00000000e5700000,0x00000000e6700000)
 ParOldGen       total 68608K, used 44783K [0x0000000082200000, 0x0000000086500000, 0x00000000d6100000)
  object space 68608K, 65% used [0x0000000082200000,0x0000000084dbbe10,0x0000000086500000)
 Metaspace       used 32259K, capacity 33068K, committed 33536K, reserved 1079296K
  class space    used 3779K, capacity 3977K, committed 4096K, reserved 1048576K
}
Event: 17.814 GC heap before
{Heap before GC invocations=14 (full 3):
 PSYoungGen      total 278528K, used 251314K [0x00000000d6100000, 0x00000000eab80000, 0x0000000100000000)
  eden space 251904K, 99% used [0x00000000d6100000,0x00000000e566cab0,0x00000000e5700000)
  from space 26624K, 0% used [0x00000000e9180000,0x00000000e9180000,0x00000000eab80000)
  to   space 16384K, 0% used [0x00000000e5700000,0x00000000e5700000,0x00000000e6700000)
 ParOldGen       total 68608K, used 44783K [0x0000000082200000, 0x0000000086500000, 0x00000000d6100000)
  object space 68608K, 65% used [0x0000000082200000,0x0000000084dbbe10,0x0000000086500000)
 Metaspace       used 54540K, capacity 55542K, committed 55896K, reserved 1097728K
  class space    used 6791K, capacity 7049K, committed 7168K, reserved 1048576K
Event: 17.830 GC heap after
Heap after GC invocations=14 (full 3):
 PSYoungGen      total 268288K, used 16383K [0x00000000d6100000, 0x00000000eab80000, 0x0000000100000000)
  eden space 251904K, 0% used [0x00000000d6100000,0x00000000d6100000,0x00000000e5700000)
  from space 16384K, 99% used [0x00000000e5700000,0x00000000e66ffc60,0x00000000e6700000)
  to   space 26624K, 0% used [0x00000000e9180000,0x00000000e9180000,0x00000000eab80000)
 ParOldGen       total 68608K, used 54836K [0x0000000082200000, 0x0000000086500000, 0x00000000d6100000)
  object space 68608K, 79% used [0x0000000082200000,0x000000008578d018,0x0000000086500000)
 Metaspace       used 54540K, capacity 55542K, committed 55896K, reserved 1097728K
  class space    used 6791K, capacity 7049K, committed 7168K, reserved 1048576K
}
Event: 17.830 GC heap before
{Heap before GC invocations=15 (full 4):
 PSYoungGen      total 268288K, used 16383K [0x00000000d6100000, 0x00000000eab80000, 0x0000000100000000)
  eden space 251904K, 0% used [0x00000000d6100000,0x00000000d6100000,0x00000000e5700000)
  from space 16384K, 99% used [0x00000000e5700000,0x00000000e66ffc60,0x00000000e6700000)
  to   space 26624K, 0% used [0x00000000e9180000,0x00000000e9180000,0x00000000eab80000)
 ParOldGen       total 68608K, used 54836K [0x0000000082200000, 0x0000000086500000, 0x00000000d6100000)
  object space 68608K, 79% used [0x0000000082200000,0x000000008578d018,0x0000000086500000)
 Metaspace       used 54540K, capacity 55542K, committed 55896K, reserved 1097728K
  class space    used 6791K, capacity 7049K, committed 7168K, reserved 1048576K
Event: 17.930 GC heap after
Heap after GC invocations=15 (full 4):
 PSYoungGen      total 268288K, used 0K [0x00000000d6100000, 0x00000000eab80000, 0x0000000100000000)
  eden space 251904K, 0% used [0x00000000d6100000,0x00000000d6100000,0x00000000e5700000)
  from space 16384K, 0% used [0x00000000e5700000,0x00000000e5700000,0x00000000e6700000)
  to   space 26624K, 0% used [0x00000000e9180000,0x00000000e9180000,0x00000000eab80000)
 ParOldGen       total 68608K, used 50764K [0x0000000082200000, 0x0000000086500000, 0x00000000d6100000)
  object space 68608K, 73% used [0x0000000082200000,0x0000000085393098,0x0000000086500000)
 Metaspace       used 54527K, capacity 55516K, committed 55896K, reserved 1097728K
  class space    used 6786K, capacity 7040K, committed 7168K, reserved 1048576K
}

