# JRE version: Java(TM) SE Runtime Environment (8.0_45-b14) (build 1.8.0_45-b14)
# Java VM: Java HotSpot(TM) 64-Bit Server VM (25.45-b02 mixed mode windows-amd64 compressed oops)
Heap:
 PSYoungGen      total 413184K, used 10093K [0x00000000d6100000, 0x00000000f1f80000, 0x0000000100000000)
  eden space 371712K, 2% used [0x00000000d6100000,0x00000000d6adb428,0x00000000ecc00000)
  from space 41472K, 0% used [0x00000000ef480000,0x00000000ef480000,0x00000000f1d00000)
  to   space 41472K, 0% used [0x00000000ecc00000,0x00000000ecc00000,0x00000000ef480000)
 ParOldGen       total 145408K, used 43996K [0x0000000082200000, 0x000000008b000000, 0x00000000d6100000)
  object space 145408K, 30% used [0x0000000082200000,0x0000000084cf7108,0x000000008b000000)
 Metaspace       used 69402K, capacity 70926K, committed 71168K, reserved 1112064K
  class space    used 8346K, capacity 8656K, committed 8704K, reserved 1048576K
GC Heap History (10 events):
Event: 9.022 GC heap before
{Heap before GC invocations=14 (full 2):
 PSYoungGen      total 322560K, used 87022K [0x00000000d6100000, 0x00000000f1d00000, 0x0000000100000000)
  eden space 283648K, 20% used [0x00000000d6100000,0x00000000d9909cc8,0x00000000e7600000)
  from space 38912K, 76% used [0x00000000e7600000,0x00000000e92f1bd0,0x00000000e9c00000)
  to   space 41472K, 0% used [0x00000000ef480000,0x00000000ef480000,0x00000000f1d00000)
 ParOldGen       total 147456K, used 60123K [0x0000000082200000, 0x000000008b200000, 0x00000000d6100000)
  object space 147456K, 40% used [0x0000000082200000,0x0000000085cb6e68,0x000000008b200000)
 Metaspace       used 41188K, capacity 42106K, committed 42240K, reserved 1085440K
  class space    used 5079K, capacity 5310K, committed 5376K, reserved 1048576K
Event: 9.044 GC heap after
Heap after GC invocations=14 (full 2):
 PSYoungGen      total 413184K, used 5622K [0x00000000d6100000, 0x00000000f1f80000, 0x0000000100000000)
  eden space 371712K, 0% used [0x00000000d6100000,0x00000000d6100000,0x00000000ecc00000)
  from space 41472K, 13% used [0x00000000ef480000,0x00000000ef9fda28,0x00000000f1d00000)
  to   space 41472K, 0% used [0x00000000ecc00000,0x00000000ecc00000,0x00000000ef480000)
 ParOldGen       total 147456K, used 70195K [0x0000000082200000, 0x000000008b200000, 0x00000000d6100000)
  object space 147456K, 47% used [0x0000000082200000,0x000000008668cce0,0x000000008b200000)
 Metaspace       used 41188K, capacity 42106K, committed 42240K, reserved 1085440K
  class space    used 5079K, capacity 5310K, committed 5376K, reserved 1048576K
}
Event: 9.044 GC heap before
{Heap before GC invocations=15 (full 3):
 PSYoungGen      total 413184K, used 5622K [0x00000000d6100000, 0x00000000f1f80000, 0x0000000100000000)
  eden space 371712K, 0% used [0x00000000d6100000,0x00000000d6100000,0x00000000ecc00000)
  from space 41472K, 13% used [0x00000000ef480000,0x00000000ef9fda28,0x00000000f1d00000)
  to   space 41472K, 0% used [0x00000000ecc00000,0x00000000ecc00000,0x00000000ef480000)
 ParOldGen       total 147456K, used 70195K [0x0000000082200000, 0x000000008b200000, 0x00000000d6100000)
  object space 147456K, 47% used [0x0000000082200000,0x000000008668cce0,0x000000008b200000)
 Metaspace       used 41188K, capacity 42106K, committed 42240K, reserved 1085440K
  class space    used 5079K, capacity 5310K, committed 5376K, reserved 1048576K
Event: 9.220 GC heap after
Heap after GC invocations=15 (full 3):
 PSYoungGen      total 413184K, used 0K [0x00000000d6100000, 0x00000000f1f80000, 0x0000000100000000)
  eden space 371712K, 0% used [0x00000000d6100000,0x00000000d6100000,0x00000000ecc00000)
  from space 41472K, 0% used [0x00000000ef480000,0x00000000ef480000,0x00000000f1d00000)
  to   space 41472K, 0% used [0x00000000ecc00000,0x00000000ecc00000,0x00000000ef480000)
 ParOldGen       total 145408K, used 33543K [0x0000000082200000, 0x000000008b000000, 0x00000000d6100000)
  object space 145408K, 23% used [0x0000000082200000,0x00000000842c1fe8,0x000000008b000000)
 Metaspace       used 41181K, capacity 42086K, committed 42240K, reserved 1085440K
  class space    used 5077K, capacity 5306K, committed 5376K, reserved 1048576K
}
Event: 37.132 GC heap before
{Heap before GC invocations=16 (full 3):
 PSYoungGen      total 413184K, used 371712K [0x00000000d6100000, 0x00000000f1f80000, 0x0000000100000000)
  eden space 371712K, 100% used [0x00000000d6100000,0x00000000ecc00000,0x00000000ecc00000)
  from space 41472K, 0% used [0x00000000ef480000,0x00000000ef480000,0x00000000f1d00000)
  to   space 41472K, 0% used [0x00000000ecc00000,0x00000000ecc00000,0x00000000ef480000)
 ParOldGen       total 145408K, used 33543K [0x0000000082200000, 0x000000008b000000, 0x00000000d6100000)
  object space 145408K, 23% used [0x0000000082200000,0x00000000842c1fe8,0x000000008b000000)
 Metaspace       used 68216K, capacity 69702K, committed 70016K, reserved 1110016K
  class space    used 8252K, capacity 8555K, committed 8576K, reserved 1048576K
Event: 37.172 GC heap after
Heap after GC invocations=16 (full 3):
 PSYoungGen      total 413184K, used 34687K [0x00000000d6100000, 0x00000000f1f80000, 0x0000000100000000)
  eden space 371712K, 0% used [0x00000000d6100000,0x00000000d6100000,0x00000000ecc00000)
  from space 41472K, 83% used [0x00000000ecc00000,0x00000000eeddfcd0,0x00000000ef480000)
  to   space 41472K, 0% used [0x00000000ef480000,0x00000000ef480000,0x00000000f1d00000)
 ParOldGen       total 145408K, used 33551K [0x0000000082200000, 0x000000008b000000, 0x00000000d6100000)
  object space 145408K, 23% used [0x0000000082200000,0x00000000842c3fe8,0x000000008b000000)
 Metaspace       used 68216K, capacity 69702K, committed 70016K, reserved 1110016K
  class space    used 8252K, capacity 8555K, committed 8576K, reserved 1048576K
}
Event: 37.308 GC heap before
{Heap before GC invocations=17 (full 3):
 PSYoungGen      total 413184K, used 45110K [0x00000000d6100000, 0x00000000f1f80000, 0x0000000100000000)
  eden space 371712K, 2% used [0x00000000d6100000,0x00000000d6b2de40,0x00000000ecc00000)
  from space 41472K, 83% used [0x00000000ecc00000,0x00000000eeddfcd0,0x00000000ef480000)
  to   space 41472K, 0% used [0x00000000ef480000,0x00000000ef480000,0x00000000f1d00000)
 ParOldGen       total 145408K, used 33551K [0x0000000082200000, 0x000000008b000000, 0x00000000d6100000)
  object space 145408K, 23% used [0x0000000082200000,0x00000000842c3fe8,0x000000008b000000)
 Metaspace       used 68726K, capacity 70182K, committed 70400K, reserved 1112064K
  class space    used 8271K, capacity 8587K, committed 8704K, reserved 1048576K
Event: 37.334 GC heap after
Heap after GC invocations=17 (full 3):
 PSYoungGen      total 413184K, used 16332K [0x00000000d6100000, 0x00000000f1f80000, 0x0000000100000000)
  eden space 371712K, 0% used [0x00000000d6100000,0x00000000d6100000,0x00000000ecc00000)
  from space 41472K, 39% used [0x00000000ef480000,0x00000000f0473040,0x00000000f1d00000)
  to   space 41472K, 0% used [0x00000000ecc00000,0x00000000ecc00000,0x00000000ef480000)
 ParOldGen       total 145408K, used 33551K [0x0000000082200000, 0x000000008b000000, 0x00000000d6100000)
  object space 145408K, 23% used [0x0000000082200000,0x00000000842c3fe8,0x000000008b000000)
 Metaspace       used 68726K, capacity 70182K, committed 70400K, reserved 1112064K
  class space    used 8271K, capacity 8587K, committed 8704K, reserved 1048576K
}
Event: 37.334 GC heap before
{Heap before GC invocations=18 (full 4):
 PSYoungGen      total 413184K, used 16332K [0x00000000d6100000, 0x00000000f1f80000, 0x0000000100000000)
  eden space 371712K, 0% used [0x00000000d6100000,0x00000000d6100000,0x00000000ecc00000)
  from space 41472K, 39% used [0x00000000ef480000,0x00000000f0473040,0x00000000f1d00000)
  to   space 41472K, 0% used [0x00000000ecc00000,0x00000000ecc00000,0x00000000ef480000)
 ParOldGen       total 145408K, used 33551K [0x0000000082200000, 0x000000008b000000, 0x00000000d6100000)
  object space 145408K, 23% used [0x0000000082200000,0x00000000842c3fe8,0x000000008b000000)
 Metaspace       used 68726K, capacity 70182K, committed 70400K, reserved 1112064K
  class space    used 8271K, capacity 8587K, committed 8704K, reserved 1048576K
Event: 37.465 GC heap after
Heap after GC invocations=18 (full 4):
 PSYoungGen      total 413184K, used 0K [0x00000000d6100000, 0x00000000f1f80000, 0x0000000100000000)
  eden space 371712K, 0% used [0x00000000d6100000,0x00000000d6100000,0x00000000ecc00000)
  from space 41472K, 0% used [0x00000000ef480000,0x00000000ef480000,0x00000000f1d00000)
  to   space 41472K, 0% used [0x00000000ecc00000,0x00000000ecc00000,0x00000000ef480000)
 ParOldGen       total 145408K, used 43996K [0x0000000082200000, 0x000000008b000000, 0x00000000d6100000)
  object space 145408K, 30% used [0x0000000082200000,0x0000000084cf7108,0x000000008b000000)
 Metaspace       used 68709K, capacity 70150K, committed 70400K, reserved 1112064K
  class space    used 8267K, capacity 8579K, committed 8704K, reserved 1048576K
}

