# JRE version: Java(TM) SE Runtime Environment (8.0_45-b14) (build 1.8.0_45-b14)
# Java VM: Java HotSpot(TM) 64-Bit Server VM (25.45-b02 mixed mode windows-amd64 compressed oops)
Heap:
 PSYoungGen      total 381440K, used 60098K [0x00000000d6100000, 0x00000000f0380000, 0x0000000100000000)
  eden space 346624K, 17% used [0x00000000d6100000,0x00000000d9bb09b8,0x00000000eb380000)
  from space 34816K, 0% used [0x00000000ee180000,0x00000000ee180000,0x00000000f0380000)
  to   space 40960K, 0% used [0x00000000eb380000,0x00000000eb380000,0x00000000edb80000)
 ParOldGen       total 143360K, used 56227K [0x0000000082200000, 0x000000008ae00000, 0x00000000d6100000)
  object space 143360K, 39% used [0x0000000082200000,0x00000000858e8dd8,0x000000008ae00000)
 Metaspace       used 56439K, capacity 57550K, committed 57768K, reserved 1099776K
  class space    used 6904K, capacity 7218K, committed 7336K, reserved 1048576K
GC Heap History (10 events):
Event: 9.099 GC heap before
{Heap before GC invocations=11 (full 2):
 PSYoungGen      total 209408K, used 23540K [0x00000000d6100000, 0x00000000e9c80000, 0x0000000100000000)
  eden space 185856K, 0% used [0x00000000d6100000,0x00000000d6100000,0x00000000e1680000)
  from space 23552K, 99% used [0x00000000e1680000,0x00000000e2d7d1f8,0x00000000e2d80000)
  to   space 34304K, 0% used [0x00000000e7b00000,0x00000000e7b00000,0x00000000e9c80000)
 ParOldGen       total 67584K, used 51998K [0x0000000082200000, 0x0000000086400000, 0x00000000d6100000)
  object space 67584K, 76% used [0x0000000082200000,0x00000000854c79c8,0x0000000086400000)
 Metaspace       used 30706K, capacity 31406K, committed 31664K, reserved 1077248K
  class space    used 3497K, capacity 3685K, committed 3760K, reserved 1048576K
Event: 9.189 GC heap after
Heap after GC invocations=11 (full 2):
 PSYoungGen      total 209408K, used 0K [0x00000000d6100000, 0x00000000e9c80000, 0x0000000100000000)
  eden space 185856K, 0% used [0x00000000d6100000,0x00000000d6100000,0x00000000e1680000)
  from space 23552K, 0% used [0x00000000e1680000,0x00000000e1680000,0x00000000e2d80000)
  to   space 34304K, 0% used [0x00000000e7b00000,0x00000000e7b00000,0x00000000e9c80000)
 ParOldGen       total 143360K, used 57546K [0x0000000082200000, 0x000000008ae00000, 0x00000000d6100000)
  object space 143360K, 40% used [0x0000000082200000,0x0000000085a32898,0x000000008ae00000)
 Metaspace       used 30706K, capacity 31406K, committed 31664K, reserved 1077248K
  class space    used 3497K, capacity 3685K, committed 3760K, reserved 1048576K
}
Event: 9.792 GC heap before
{Heap before GC invocations=12 (full 2):
 PSYoungGen      total 209408K, used 185856K [0x00000000d6100000, 0x00000000e9c80000, 0x0000000100000000)
  eden space 185856K, 100% used [0x00000000d6100000,0x00000000e1680000,0x00000000e1680000)
  from space 23552K, 0% used [0x00000000e1680000,0x00000000e1680000,0x00000000e2d80000)
  to   space 34304K, 0% used [0x00000000e7b00000,0x00000000e7b00000,0x00000000e9c80000)
 ParOldGen       total 143360K, used 57546K [0x0000000082200000, 0x000000008ae00000, 0x00000000d6100000)
  object space 143360K, 40% used [0x0000000082200000,0x0000000085a32898,0x000000008ae00000)
 Metaspace       used 30708K, capacity 31406K, committed 31664K, reserved 1077248K
  class space    used 3497K, capacity 3685K, committed 3760K, reserved 1048576K
Event: 9.827 GC heap after
Heap after GC invocations=12 (full 2):
 PSYoungGen      total 284672K, used 30266K [0x00000000d6100000, 0x00000000ea600000, 0x0000000100000000)
  eden space 250368K, 0% used [0x00000000d6100000,0x00000000d6100000,0x00000000e5580000)
  from space 34304K, 88% used [0x00000000e7b00000,0x00000000e988ea68,0x00000000e9c80000)
  to   space 38400K, 0% used [0x00000000e5580000,0x00000000e5580000,0x00000000e7b00000)
 ParOldGen       total 143360K, used 57554K [0x0000000082200000, 0x000000008ae00000, 0x00000000d6100000)
  object space 143360K, 40% used [0x0000000082200000,0x0000000085a34898,0x000000008ae00000)
 Metaspace       used 30708K, capacity 31406K, committed 31664K, reserved 1077248K
  class space    used 3497K, capacity 3685K, committed 3760K, reserved 1048576K
}
Event: 10.681 GC heap before
{Heap before GC invocations=13 (full 2):
 PSYoungGen      total 284672K, used 280634K [0x00000000d6100000, 0x00000000ea600000, 0x0000000100000000)
  eden space 250368K, 100% used [0x00000000d6100000,0x00000000e5580000,0x00000000e5580000)
  from space 34304K, 88% used [0x00000000e7b00000,0x00000000e988ea68,0x00000000e9c80000)
  to   space 38400K, 0% used [0x00000000e5580000,0x00000000e5580000,0x00000000e7b00000)
 ParOldGen       total 143360K, used 57554K [0x0000000082200000, 0x000000008ae00000, 0x00000000d6100000)
  object space 143360K, 40% used [0x0000000082200000,0x0000000085a34898,0x000000008ae00000)
 Metaspace       used 30780K, capacity 31548K, committed 31664K, reserved 1077248K
  class space    used 3506K, capacity 3687K, committed 3760K, reserved 1048576K
Event: 10.729 GC heap after
Heap after GC invocations=13 (full 2):
 PSYoungGen      total 288768K, used 35221K [0x00000000d6100000, 0x00000000f0b80000, 0x0000000100000000)
  eden space 250368K, 0% used [0x00000000d6100000,0x00000000d6100000,0x00000000e5580000)
  from space 38400K, 91% used [0x00000000e5580000,0x00000000e77e57d8,0x00000000e7b00000)
  to   space 43008K, 0% used [0x00000000ee180000,0x00000000ee180000,0x00000000f0b80000)
 ParOldGen       total 143360K, used 61353K [0x0000000082200000, 0x000000008ae00000, 0x00000000d6100000)
  object space 143360K, 42% used [0x0000000082200000,0x0000000085dea7c0,0x000000008ae00000)
 Metaspace       used 30780K, capacity 31548K, committed 31664K, reserved 1077248K
  class space    used 3506K, capacity 3687K, committed 3760K, reserved 1048576K
}
Event: 13.547 GC heap before
{Heap before GC invocations=14 (full 2):
 PSYoungGen      total 288768K, used 268635K [0x00000000d6100000, 0x00000000f0b80000, 0x0000000100000000)
  eden space 250368K, 93% used [0x00000000d6100000,0x00000000e44f1680,0x00000000e5580000)
  from space 38400K, 91% used [0x00000000e5580000,0x00000000e77e57d8,0x00000000e7b00000)
  to   space 43008K, 0% used [0x00000000ee180000,0x00000000ee180000,0x00000000f0b80000)
 ParOldGen       total 143360K, used 61353K [0x0000000082200000, 0x000000008ae00000, 0x00000000d6100000)
  object space 143360K, 42% used [0x0000000082200000,0x0000000085dea7c0,0x000000008ae00000)
 Metaspace       used 51465K, capacity 52594K, committed 52776K, reserved 1095680K
  class space    used 6299K, capacity 6610K, committed 6696K, reserved 1048576K
Event: 13.598 GC heap after
Heap after GC invocations=14 (full 2):
 PSYoungGen      total 381440K, used 19339K [0x00000000d6100000, 0x00000000f0380000, 0x0000000100000000)
  eden space 346624K, 0% used [0x00000000d6100000,0x00000000d6100000,0x00000000eb380000)
  from space 34816K, 55% used [0x00000000ee180000,0x00000000ef462c90,0x00000000f0380000)
  to   space 40960K, 0% used [0x00000000eb380000,0x00000000eb380000,0x00000000edb80000)
 ParOldGen       total 143360K, used 68260K [0x0000000082200000, 0x000000008ae00000, 0x00000000d6100000)
  object space 143360K, 47% used [0x0000000082200000,0x00000000864a9398,0x000000008ae00000)
 Metaspace       used 51465K, capacity 52594K, committed 52776K, reserved 1095680K
  class space    used 6299K, capacity 6610K, committed 6696K, reserved 1048576K
}
Event: 13.598 GC heap before
{Heap before GC invocations=15 (full 3):
 PSYoungGen      total 381440K, used 19339K [0x00000000d6100000, 0x00000000f0380000, 0x0000000100000000)
  eden space 346624K, 0% used [0x00000000d6100000,0x00000000d6100000,0x00000000eb380000)
  from space 34816K, 55% used [0x00000000ee180000,0x00000000ef462c90,0x00000000f0380000)
  to   space 40960K, 0% used [0x00000000eb380000,0x00000000eb380000,0x00000000edb80000)
 ParOldGen       total 143360K, used 68260K [0x0000000082200000, 0x000000008ae00000, 0x00000000d6100000)
  object space 143360K, 47% used [0x0000000082200000,0x00000000864a9398,0x000000008ae00000)
 Metaspace       used 51465K, capacity 52594K, committed 52776K, reserved 1095680K
  class space    used 6299K, capacity 6610K, committed 6696K, reserved 1048576K
Event: 14.054 GC heap after
Heap after GC invocations=15 (full 3):
 PSYoungGen      total 381440K, used 0K [0x00000000d6100000, 0x00000000f0380000, 0x0000000100000000)
  eden space 346624K, 0% used [0x00000000d6100000,0x00000000d6100000,0x00000000eb380000)
  from space 34816K, 0% used [0x00000000ee180000,0x00000000ee180000,0x00000000f0380000)
  to   space 40960K, 0% used [0x00000000eb380000,0x00000000eb380000,0x00000000edb80000)
 ParOldGen       total 143360K, used 56227K [0x0000000082200000, 0x000000008ae00000, 0x00000000d6100000)
  object space 143360K, 39% used [0x0000000082200000,0x00000000858e8dd8,0x000000008ae00000)
 Metaspace       used 51457K, capacity 52572K, committed 52776K, reserved 1095680K
  class space    used 6296K, capacity 6605K, committed 6696K, reserved 1048576K
}

