# JRE version: Java(TM) SE Runtime Environment (8.0_45-b14) (build 1.8.0_45-b14)
# Java VM: Java HotSpot(TM) 64-Bit Server VM (25.45-b02 mixed mode windows-amd64 compressed oops)
Heap:
 PSYoungGen      total 346112K, used 195729K [0x00000000d6100000, 0x00000000efe80000, 0x0000000100000000)
  eden space 301056K, 65% used [0x00000000d6100000,0x00000000e2024680,0x00000000e8700000)
  from space 45056K, 0% used [0x00000000eb380000,0x00000000eb380000,0x00000000edf80000)
  to   space 45568K, 0% used [0x00000000e8700000,0x00000000e8700000,0x00000000eb380000)
 ParOldGen       total 173568K, used 53769K [0x0000000082200000, 0x000000008cb80000, 0x00000000d6100000)
  object space 173568K, 30% used [0x0000000082200000,0x00000000856827e0,0x000000008cb80000)
 Metaspace       used 63202K, capacity 64420K, committed 64680K, reserved 1105920K
  class space    used 7815K, capacity 8103K, committed 8112K, reserved 1048576K
GC Heap History (10 events):
Event: 9.417 GC heap before
{Heap before GC invocations=11 (full 2):
 PSYoungGen      total 218112K, used 24052K [0x00000000d6100000, 0x00000000eb680000, 0x0000000100000000)
  eden space 194048K, 0% used [0x00000000d6100000,0x00000000d6100000,0x00000000e1e80000)
  from space 24064K, 99% used [0x00000000e1e80000,0x00000000e35fd3e0,0x00000000e3600000)
  to   space 34816K, 0% used [0x00000000e9480000,0x00000000e9480000,0x00000000eb680000)
 ParOldGen       total 67072K, used 53195K [0x0000000082200000, 0x0000000086380000, 0x00000000d6100000)
  object space 67072K, 79% used [0x0000000082200000,0x00000000855f2ce8,0x0000000086380000)
 Metaspace       used 30722K, capacity 31412K, committed 31664K, reserved 1077248K
  class space    used 3509K, capacity 3687K, committed 3760K, reserved 1048576K
Event: 9.732 GC heap after
Heap after GC invocations=11 (full 2):
 PSYoungGen      total 218112K, used 0K [0x00000000d6100000, 0x00000000eb680000, 0x0000000100000000)
  eden space 194048K, 0% used [0x00000000d6100000,0x00000000d6100000,0x00000000e1e80000)
  from space 24064K, 0% used [0x00000000e1e80000,0x00000000e1e80000,0x00000000e3600000)
  to   space 34816K, 0% used [0x00000000e9480000,0x00000000e9480000,0x00000000eb680000)
 ParOldGen       total 150016K, used 57558K [0x0000000082200000, 0x000000008b480000, 0x00000000d6100000)
  object space 150016K, 38% used [0x0000000082200000,0x0000000085a35ae8,0x000000008b480000)
 Metaspace       used 30722K, capacity 31412K, committed 31664K, reserved 1077248K
  class space    used 3509K, capacity 3687K, committed 3760K, reserved 1048576K
}
Event: 10.513 GC heap before
{Heap before GC invocations=12 (full 2):
 PSYoungGen      total 218112K, used 194048K [0x00000000d6100000, 0x00000000eb680000, 0x0000000100000000)
  eden space 194048K, 100% used [0x00000000d6100000,0x00000000e1e80000,0x00000000e1e80000)
  from space 24064K, 0% used [0x00000000e1e80000,0x00000000e1e80000,0x00000000e3600000)
  to   space 34816K, 0% used [0x00000000e9480000,0x00000000e9480000,0x00000000eb680000)
 ParOldGen       total 150016K, used 57558K [0x0000000082200000, 0x000000008b480000, 0x00000000d6100000)
  object space 150016K, 38% used [0x0000000082200000,0x0000000085a35ae8,0x000000008b480000)
 Metaspace       used 30732K, capacity 31480K, committed 31664K, reserved 1077248K
  class space    used 3510K, capacity 3687K, committed 3760K, reserved 1048576K
Event: 10.549 GC heap after
Heap after GC invocations=12 (full 2):
 PSYoungGen      total 272384K, used 32458K [0x00000000d6100000, 0x00000000eb480000, 0x0000000100000000)
  eden space 239616K, 0% used [0x00000000d6100000,0x00000000d6100000,0x00000000e4b00000)
  from space 32768K, 99% used [0x00000000e9480000,0x00000000eb432b10,0x00000000eb480000)
  to   space 39424K, 0% used [0x00000000e6780000,0x00000000e6780000,0x00000000e8e00000)
 ParOldGen       total 150016K, used 57558K [0x0000000082200000, 0x000000008b480000, 0x00000000d6100000)
  object space 150016K, 38% used [0x0000000082200000,0x0000000085a35ae8,0x000000008b480000)
 Metaspace       used 30732K, capacity 31480K, committed 31664K, reserved 1077248K
  class space    used 3510K, capacity 3687K, committed 3760K, reserved 1048576K
}
Event: 11.232 GC heap before
{Heap before GC invocations=13 (full 2):
 PSYoungGen      total 272384K, used 272074K [0x00000000d6100000, 0x00000000eb480000, 0x0000000100000000)
  eden space 239616K, 100% used [0x00000000d6100000,0x00000000e4b00000,0x00000000e4b00000)
  from space 32768K, 99% used [0x00000000e9480000,0x00000000eb432b10,0x00000000eb480000)
  to   space 39424K, 0% used [0x00000000e6780000,0x00000000e6780000,0x00000000e8e00000)
 ParOldGen       total 150016K, used 57558K [0x0000000082200000, 0x000000008b480000, 0x00000000d6100000)
  object space 150016K, 38% used [0x0000000082200000,0x0000000085a35ae8,0x000000008b480000)
 Metaspace       used 30783K, capacity 31544K, committed 31664K, reserved 1077248K
  class space    used 3515K, capacity 3687K, committed 3760K, reserved 1048576K
Event: 11.267 GC heap after
Heap after GC invocations=13 (full 2):
 PSYoungGen      total 308224K, used 37975K [0x00000000d6100000, 0x00000000edf80000, 0x0000000100000000)
  eden space 268800K, 0% used [0x00000000d6100000,0x00000000d6100000,0x00000000e6780000)
  from space 39424K, 96% used [0x00000000e6780000,0x00000000e8c95f58,0x00000000e8e00000)
  to   space 45056K, 0% used [0x00000000eb380000,0x00000000eb380000,0x00000000edf80000)
 ParOldGen       total 150016K, used 57558K [0x0000000082200000, 0x000000008b480000, 0x00000000d6100000)
  object space 150016K, 38% used [0x0000000082200000,0x0000000085a35ae8,0x000000008b480000)
 Metaspace       used 30783K, capacity 31544K, committed 31664K, reserved 1077248K
  class space    used 3515K, capacity 3687K, committed 3760K, reserved 1048576K
}
Event: 13.270 GC heap before
{Heap before GC invocations=14 (full 2):
 PSYoungGen      total 308224K, used 267750K [0x00000000d6100000, 0x00000000edf80000, 0x0000000100000000)
  eden space 268800K, 85% used [0x00000000d6100000,0x00000000e4163bb8,0x00000000e6780000)
  from space 39424K, 96% used [0x00000000e6780000,0x00000000e8c95f58,0x00000000e8e00000)
  to   space 45056K, 0% used [0x00000000eb380000,0x00000000eb380000,0x00000000edf80000)
 ParOldGen       total 150016K, used 57558K [0x0000000082200000, 0x000000008b480000, 0x00000000d6100000)
  object space 150016K, 38% used [0x0000000082200000,0x0000000085a35ae8,0x000000008b480000)
 Metaspace       used 51487K, capacity 52534K, committed 52776K, reserved 1095680K
  class space    used 6318K, capacity 6612K, committed 6704K, reserved 1048576K
Event: 13.302 GC heap after
Heap after GC invocations=14 (full 2):
 PSYoungGen      total 346112K, used 27439K [0x00000000d6100000, 0x00000000efe80000, 0x0000000100000000)
  eden space 301056K, 0% used [0x00000000d6100000,0x00000000d6100000,0x00000000e8700000)
  from space 45056K, 60% used [0x00000000eb380000,0x00000000ece4bd80,0x00000000edf80000)
  to   space 45568K, 0% used [0x00000000e8700000,0x00000000e8700000,0x00000000eb380000)
 ParOldGen       total 150016K, used 57566K [0x0000000082200000, 0x000000008b480000, 0x00000000d6100000)
  object space 150016K, 38% used [0x0000000082200000,0x0000000085a37ae8,0x000000008b480000)
 Metaspace       used 51487K, capacity 52534K, committed 52776K, reserved 1095680K
  class space    used 6318K, capacity 6612K, committed 6704K, reserved 1048576K
}
Event: 13.302 GC heap before
{Heap before GC invocations=15 (full 3):
 PSYoungGen      total 346112K, used 27439K [0x00000000d6100000, 0x00000000efe80000, 0x0000000100000000)
  eden space 301056K, 0% used [0x00000000d6100000,0x00000000d6100000,0x00000000e8700000)
  from space 45056K, 60% used [0x00000000eb380000,0x00000000ece4bd80,0x00000000edf80000)
  to   space 45568K, 0% used [0x00000000e8700000,0x00000000e8700000,0x00000000eb380000)
 ParOldGen       total 150016K, used 57566K [0x0000000082200000, 0x000000008b480000, 0x00000000d6100000)
  object space 150016K, 38% used [0x0000000082200000,0x0000000085a37ae8,0x000000008b480000)
 Metaspace       used 51487K, capacity 52534K, committed 52776K, reserved 1095680K
  class space    used 6318K, capacity 6612K, committed 6704K, reserved 1048576K
Event: 13.499 GC heap after
Heap after GC invocations=15 (full 3):
 PSYoungGen      total 346112K, used 0K [0x00000000d6100000, 0x00000000efe80000, 0x0000000100000000)
  eden space 301056K, 0% used [0x00000000d6100000,0x00000000d6100000,0x00000000e8700000)
  from space 45056K, 0% used [0x00000000eb380000,0x00000000eb380000,0x00000000edf80000)
  to   space 45568K, 0% used [0x00000000e8700000,0x00000000e8700000,0x00000000eb380000)
 ParOldGen       total 173568K, used 53769K [0x0000000082200000, 0x000000008cb80000, 0x00000000d6100000)
  object space 173568K, 30% used [0x0000000082200000,0x00000000856827e0,0x000000008cb80000)
 Metaspace       used 51477K, capacity 52510K, committed 52776K, reserved 1095680K
  class space    used 6315K, capacity 6606K, committed 6704K, reserved 1048576K
}

