# JRE version: Java(TM) SE Runtime Environment (8.0_45-b14) (build 1.8.0_45-b14)
# Java VM: Java HotSpot(TM) 64-Bit Server VM (25.45-b02 mixed mode windows-amd64 compressed oops)
Heap:
 PSYoungGen      total 302080K, used 162742K [0x00000000d6100000, 0x00000000f0080000, 0x0000000100000000)
  eden space 266752K, 61% used [0x00000000d6100000,0x00000000dffed9d0,0x00000000e6580000)
  from space 35328K, 0% used [0x00000000e6580000,0x00000000e6580000,0x00000000e8800000)
  to   space 36864K, 0% used [0x00000000edc80000,0x00000000edc80000,0x00000000f0080000)
 ParOldGen       total 160256K, used 57965K [0x0000000082200000, 0x000000008be80000, 0x00000000d6100000)
  object space 160256K, 36% used [0x0000000082200000,0x0000000085a9b530,0x000000008be80000)
 Metaspace       used 68144K, capacity 69708K, committed 69912K, reserved 1110016K
  class space    used 8374K, capacity 8737K, committed 8752K, reserved 1048576K
GC Heap History (10 events):
Event: 10.405 GC heap before
{Heap before GC invocations=14 (full 1):
 PSYoungGen      total 211968K, used 208504K [0x00000000d6100000, 0x00000000e5480000, 0x0000000100000000)
  eden space 185856K, 100% used [0x00000000d6100000,0x00000000e1680000,0x00000000e1680000)
  from space 26112K, 86% used [0x00000000e3280000,0x00000000e489e080,0x00000000e4c00000)
  to   space 28672K, 0% used [0x00000000e1680000,0x00000000e1680000,0x00000000e3280000)
 ParOldGen       total 65536K, used 49316K [0x0000000082200000, 0x0000000086200000, 0x00000000d6100000)
  object space 65536K, 75% used [0x0000000082200000,0x0000000085229260,0x0000000086200000)
 Metaspace       used 30746K, capacity 31580K, committed 31664K, reserved 1077248K
  class space    used 3508K, capacity 3719K, committed 3760K, reserved 1048576K
Event: 10.437 GC heap after
Heap after GC invocations=14 (full 1):
 PSYoungGen      total 214528K, used 28666K [0x00000000d6100000, 0x00000000eab00000, 0x0000000100000000)
  eden space 185856K, 0% used [0x00000000d6100000,0x00000000d6100000,0x00000000e1680000)
  from space 28672K, 99% used [0x00000000e1680000,0x00000000e327ea18,0x00000000e3280000)
  to   space 34304K, 0% used [0x00000000e8980000,0x00000000e8980000,0x00000000eab00000)
 ParOldGen       total 65536K, used 54119K [0x0000000082200000, 0x0000000086200000, 0x00000000d6100000)
  object space 65536K, 82% used [0x0000000082200000,0x00000000856d9eb0,0x0000000086200000)
 Metaspace       used 30746K, capacity 31580K, committed 31664K, reserved 1077248K
  class space    used 3508K, capacity 3719K, committed 3760K, reserved 1048576K
}
Event: 11.531 GC heap before
{Heap before GC invocations=15 (full 1):
 PSYoungGen      total 214528K, used 211148K [0x00000000d6100000, 0x00000000eab00000, 0x0000000100000000)
  eden space 185856K, 98% used [0x00000000d6100000,0x00000000e13349a0,0x00000000e1680000)
  from space 28672K, 99% used [0x00000000e1680000,0x00000000e327ea18,0x00000000e3280000)
  to   space 34304K, 0% used [0x00000000e8980000,0x00000000e8980000,0x00000000eab00000)
 ParOldGen       total 65536K, used 54119K [0x0000000082200000, 0x0000000086200000, 0x00000000d6100000)
  object space 65536K, 82% used [0x0000000082200000,0x00000000856d9eb0,0x0000000086200000)
 Metaspace       used 34427K, capacity 35274K, committed 35496K, reserved 1081344K
  class space    used 3950K, capacity 4188K, committed 4272K, reserved 1048576K
Event: 11.557 GC heap after
Heap after GC invocations=15 (full 1):
 PSYoungGen      total 300544K, used 23067K [0x00000000d6100000, 0x00000000eaa80000, 0x0000000100000000)
  eden space 266752K, 0% used [0x00000000d6100000,0x00000000d6100000,0x00000000e6580000)
  from space 33792K, 68% used [0x00000000e8980000,0x00000000ea006e30,0x00000000eaa80000)
  to   space 35328K, 0% used [0x00000000e6580000,0x00000000e6580000,0x00000000e8800000)
 ParOldGen       total 65536K, used 56804K [0x0000000082200000, 0x0000000086200000, 0x00000000d6100000)
  object space 65536K, 86% used [0x0000000082200000,0x0000000085979338,0x0000000086200000)
 Metaspace       used 34427K, capacity 35274K, committed 35496K, reserved 1081344K
  class space    used 3950K, capacity 4188K, committed 4272K, reserved 1048576K
}
Event: 11.557 GC heap before
{Heap before GC invocations=16 (full 2):
 PSYoungGen      total 300544K, used 23067K [0x00000000d6100000, 0x00000000eaa80000, 0x0000000100000000)
  eden space 266752K, 0% used [0x00000000d6100000,0x00000000d6100000,0x00000000e6580000)
  from space 33792K, 68% used [0x00000000e8980000,0x00000000ea006e30,0x00000000eaa80000)
  to   space 35328K, 0% used [0x00000000e6580000,0x00000000e6580000,0x00000000e8800000)
 ParOldGen       total 65536K, used 56804K [0x0000000082200000, 0x0000000086200000, 0x00000000d6100000)
  object space 65536K, 86% used [0x0000000082200000,0x0000000085979338,0x0000000086200000)
 Metaspace       used 34427K, capacity 35274K, committed 35496K, reserved 1081344K
  class space    used 3950K, capacity 4188K, committed 4272K, reserved 1048576K
Event: 11.813 GC heap after
Heap after GC invocations=16 (full 2):
 PSYoungGen      total 300544K, used 0K [0x00000000d6100000, 0x00000000eaa80000, 0x0000000100000000)
  eden space 266752K, 0% used [0x00000000d6100000,0x00000000d6100000,0x00000000e6580000)
  from space 33792K, 0% used [0x00000000e8980000,0x00000000e8980000,0x00000000eaa80000)
  to   space 35328K, 0% used [0x00000000e6580000,0x00000000e6580000,0x00000000e8800000)
 ParOldGen       total 135680K, used 57979K [0x0000000082200000, 0x000000008a680000, 0x00000000d6100000)
  object space 135680K, 42% used [0x0000000082200000,0x0000000085a9ef00,0x000000008a680000)
 Metaspace       used 34427K, capacity 35274K, committed 35496K, reserved 1081344K
  class space    used 3950K, capacity 4188K, committed 4272K, reserved 1048576K
}
Event: 14.552 GC heap before
{Heap before GC invocations=17 (full 2):
 PSYoungGen      total 300544K, used 262534K [0x00000000d6100000, 0x00000000eaa80000, 0x0000000100000000)
  eden space 266752K, 98% used [0x00000000d6100000,0x00000000e6161898,0x00000000e6580000)
  from space 33792K, 0% used [0x00000000e8980000,0x00000000e8980000,0x00000000eaa80000)
  to   space 35328K, 0% used [0x00000000e6580000,0x00000000e6580000,0x00000000e8800000)
 ParOldGen       total 135680K, used 57979K [0x0000000082200000, 0x000000008a680000, 0x00000000d6100000)
  object space 135680K, 42% used [0x0000000082200000,0x0000000085a9ef00,0x000000008a680000)
 Metaspace       used 57710K, capacity 58810K, committed 59160K, reserved 1101824K
  class space    used 7103K, capacity 7420K, committed 7472K, reserved 1048576K
Event: 14.585 GC heap after
Heap after GC invocations=17 (full 2):
 PSYoungGen      total 302080K, used 24581K [0x00000000d6100000, 0x00000000f0080000, 0x0000000100000000)
  eden space 266752K, 0% used [0x00000000d6100000,0x00000000d6100000,0x00000000e6580000)
  from space 35328K, 69% used [0x00000000e6580000,0x00000000e7d81670,0x00000000e8800000)
  to   space 36864K, 0% used [0x00000000edc80000,0x00000000edc80000,0x00000000f0080000)
 ParOldGen       total 135680K, used 57979K [0x0000000082200000, 0x000000008a680000, 0x00000000d6100000)
  object space 135680K, 42% used [0x0000000082200000,0x0000000085a9ef00,0x000000008a680000)
 Metaspace       used 57710K, capacity 58810K, committed 59160K, reserved 1101824K
  class space    used 7103K, capacity 7420K, committed 7472K, reserved 1048576K
}
Event: 14.585 GC heap before
{Heap before GC invocations=18 (full 3):
 PSYoungGen      total 302080K, used 24581K [0x00000000d6100000, 0x00000000f0080000, 0x0000000100000000)
  eden space 266752K, 0% used [0x00000000d6100000,0x00000000d6100000,0x00000000e6580000)
  from space 35328K, 69% used [0x00000000e6580000,0x00000000e7d81670,0x00000000e8800000)
  to   space 36864K, 0% used [0x00000000edc80000,0x00000000edc80000,0x00000000f0080000)
 ParOldGen       total 135680K, used 57979K [0x0000000082200000, 0x000000008a680000, 0x00000000d6100000)
  object space 135680K, 42% used [0x0000000082200000,0x0000000085a9ef00,0x000000008a680000)
 Metaspace       used 57710K, capacity 58810K, committed 59160K, reserved 1101824K
  class space    used 7103K, capacity 7420K, committed 7472K, reserved 1048576K
Event: 14.837 GC heap after
Heap after GC invocations=18 (full 3):
 PSYoungGen      total 302080K, used 0K [0x00000000d6100000, 0x00000000f0080000, 0x0000000100000000)
  eden space 266752K, 0% used [0x00000000d6100000,0x00000000d6100000,0x00000000e6580000)
  from space 35328K, 0% used [0x00000000e6580000,0x00000000e6580000,0x00000000e8800000)
  to   space 36864K, 0% used [0x00000000edc80000,0x00000000edc80000,0x00000000f0080000)
 ParOldGen       total 160256K, used 57965K [0x0000000082200000, 0x000000008be80000, 0x00000000d6100000)
  object space 160256K, 36% used [0x0000000082200000,0x0000000085a9b530,0x000000008be80000)
 Metaspace       used 57699K, capacity 58788K, committed 59160K, reserved 1101824K
  class space    used 7099K, capacity 7413K, committed 7472K, reserved 1048576K
}

