# JRE version: Java(TM) SE Runtime Environment (8.0_45-b14) (build 1.8.0_45-b14)
# Java VM: Java HotSpot(TM) 64-Bit Server VM (25.45-b02 mixed mode windows-amd64 compressed oops)
Heap:
 PSYoungGen      total 361984K, used 70018K [0x00000000d6100000, 0x00000000f4d80000, 0x0000000100000000)
  eden space 323584K, 12% used [0x00000000d6100000,0x00000000d8963170,0x00000000e9d00000)
  from space 38400K, 74% used [0x00000000ecc00000,0x00000000ee7fda60,0x00000000ef180000)
  to   space 48128K, 0% used [0x00000000e9d00000,0x00000000e9d00000,0x00000000ecc00000)
 ParOldGen       total 150016K, used 42865K [0x0000000082200000, 0x000000008b480000, 0x00000000d6100000)
  object space 150016K, 28% used [0x0000000082200000,0x0000000084bdc440,0x000000008b480000)
 Metaspace       used 73717K, capacity 75362K, committed 75432K, reserved 1116160K
  class space    used 8783K, capacity 9125K, committed 9136K, reserved 1048576K
GC Heap History (10 events):
Event: 10.497 GC heap before
{Heap before GC invocations=13 (full 2):
 PSYoungGen      total 276480K, used 245040K [0x00000000d6100000, 0x00000000eb780000, 0x0000000100000000)
  eden space 242176K, 100% used [0x00000000d6100000,0x00000000e4d80000,0x00000000e4d80000)
  from space 34304K, 8% used [0x00000000e7900000,0x00000000e7bcc240,0x00000000e9a80000)
  to   space 44544K, 0% used [0x00000000e4d80000,0x00000000e4d80000,0x00000000e7900000)
 ParOldGen       total 158208K, used 68560K [0x0000000082200000, 0x000000008bc80000, 0x00000000d6100000)
  object space 158208K, 43% used [0x0000000082200000,0x00000000864f4160,0x000000008bc80000)
 Metaspace       used 30779K, capacity 31484K, committed 31664K, reserved 1077248K
  class space    used 3508K, capacity 3687K, committed 3760K, reserved 1048576K
Event: 10.544 GC heap after
Heap after GC invocations=13 (full 2):
 PSYoungGen      total 286720K, used 38373K [0x00000000d6100000, 0x00000000efc00000, 0x0000000100000000)
  eden space 242176K, 0% used [0x00000000d6100000,0x00000000d6100000,0x00000000e4d80000)
  from space 44544K, 86% used [0x00000000e4d80000,0x00000000e72f9478,0x00000000e7900000)
  to   space 49152K, 0% used [0x00000000ecc00000,0x00000000ecc00000,0x00000000efc00000)
 ParOldGen       total 158208K, used 71651K [0x0000000082200000, 0x000000008bc80000, 0x00000000d6100000)
  object space 158208K, 45% used [0x0000000082200000,0x00000000867f8d20,0x000000008bc80000)
 Metaspace       used 30779K, capacity 31484K, committed 31664K, reserved 1077248K
  class space    used 3508K, capacity 3687K, committed 3760K, reserved 1048576K
}
Event: 12.766 GC heap before
{Heap before GC invocations=14 (full 2):
 PSYoungGen      total 286720K, used 280549K [0x00000000d6100000, 0x00000000efc00000, 0x0000000100000000)
  eden space 242176K, 100% used [0x00000000d6100000,0x00000000e4d80000,0x00000000e4d80000)
  from space 44544K, 86% used [0x00000000e4d80000,0x00000000e72f9478,0x00000000e7900000)
  to   space 49152K, 0% used [0x00000000ecc00000,0x00000000ecc00000,0x00000000efc00000)
 ParOldGen       total 158208K, used 71651K [0x0000000082200000, 0x000000008bc80000, 0x00000000d6100000)
  object space 158208K, 45% used [0x0000000082200000,0x00000000867f8d20,0x000000008bc80000)
 Metaspace       used 50835K, capacity 51898K, committed 52144K, reserved 1095680K
  class space    used 6217K, capacity 6512K, committed 6576K, reserved 1048576K
Event: 12.802 GC heap after
Heap after GC invocations=14 (full 2):
 PSYoungGen      total 355328K, used 20240K [0x00000000d6100000, 0x00000000ef180000, 0x0000000100000000)
  eden space 316928K, 0% used [0x00000000d6100000,0x00000000d6100000,0x00000000e9680000)
  from space 38400K, 52% used [0x00000000ecc00000,0x00000000edfc41f8,0x00000000ef180000)
  to   space 46592K, 0% used [0x00000000e9680000,0x00000000e9680000,0x00000000ec400000)
 ParOldGen       total 158208K, used 78894K [0x0000000082200000, 0x000000008bc80000, 0x00000000d6100000)
  object space 158208K, 49% used [0x0000000082200000,0x0000000086f0bbc0,0x000000008bc80000)
 Metaspace       used 50835K, capacity 51898K, committed 52144K, reserved 1095680K
  class space    used 6217K, capacity 6512K, committed 6576K, reserved 1048576K
}
Event: 12.916 GC heap before
{Heap before GC invocations=15 (full 2):
 PSYoungGen      total 355328K, used 33467K [0x00000000d6100000, 0x00000000ef180000, 0x0000000100000000)
  eden space 316928K, 4% used [0x00000000d6100000,0x00000000d6deaba8,0x00000000e9680000)
  from space 38400K, 52% used [0x00000000ecc00000,0x00000000edfc41f8,0x00000000ef180000)
  to   space 46592K, 0% used [0x00000000e9680000,0x00000000e9680000,0x00000000ec400000)
 ParOldGen       total 158208K, used 78894K [0x0000000082200000, 0x000000008bc80000, 0x00000000d6100000)
  object space 158208K, 49% used [0x0000000082200000,0x0000000086f0bbc0,0x000000008bc80000)
 Metaspace       used 51607K, capacity 52600K, committed 52776K, reserved 1095680K
  class space    used 6320K, capacity 6613K, committed 6704K, reserved 1048576K
Event: 12.931 GC heap after
Heap after GC invocations=15 (full 2):
 PSYoungGen      total 363520K, used 1309K [0x00000000d6100000, 0x00000000ef180000, 0x0000000100000000)
  eden space 316928K, 0% used [0x00000000d6100000,0x00000000d6100000,0x00000000e9680000)
  from space 46592K, 2% used [0x00000000e9680000,0x00000000e97c7458,0x00000000ec400000)
  to   space 38400K, 0% used [0x00000000ecc00000,0x00000000ecc00000,0x00000000ef180000)
 ParOldGen       total 158208K, used 86555K [0x0000000082200000, 0x000000008bc80000, 0x00000000d6100000)
  object space 158208K, 54% used [0x0000000082200000,0x0000000087686f38,0x000000008bc80000)
 Metaspace       used 51607K, capacity 52600K, committed 52776K, reserved 1095680K
  class space    used 6320K, capacity 6613K, committed 6704K, reserved 1048576K
}
Event: 12.931 GC heap before
{Heap before GC invocations=16 (full 3):
 PSYoungGen      total 363520K, used 1309K [0x00000000d6100000, 0x00000000ef180000, 0x0000000100000000)
  eden space 316928K, 0% used [0x00000000d6100000,0x00000000d6100000,0x00000000e9680000)
  from space 46592K, 2% used [0x00000000e9680000,0x00000000e97c7458,0x00000000ec400000)
  to   space 38400K, 0% used [0x00000000ecc00000,0x00000000ecc00000,0x00000000ef180000)
 ParOldGen       total 158208K, used 86555K [0x0000000082200000, 0x000000008bc80000, 0x00000000d6100000)
  object space 158208K, 54% used [0x0000000082200000,0x0000000087686f38,0x000000008bc80000)
 Metaspace       used 51607K, capacity 52600K, committed 52776K, reserved 1095680K
  class space    used 6320K, capacity 6613K, committed 6704K, reserved 1048576K
Event: 13.168 GC heap after
Heap after GC invocations=16 (full 3):
 PSYoungGen      total 363520K, used 0K [0x00000000d6100000, 0x00000000ef180000, 0x0000000100000000)
  eden space 316928K, 0% used [0x00000000d6100000,0x00000000d6100000,0x00000000e9680000)
  from space 46592K, 0% used [0x00000000e9680000,0x00000000e9680000,0x00000000ec400000)
  to   space 38400K, 0% used [0x00000000ecc00000,0x00000000ecc00000,0x00000000ef180000)
 ParOldGen       total 150016K, used 42857K [0x0000000082200000, 0x000000008b480000, 0x00000000d6100000)
  object space 150016K, 28% used [0x0000000082200000,0x0000000084bda440,0x000000008b480000)
 Metaspace       used 51596K, capacity 52574K, committed 52776K, reserved 1095680K
  class space    used 6316K, capacity 6606K, committed 6704K, reserved 1048576K
}
Event: 181.417 GC heap before
{Heap before GC invocations=17 (full 3):
 PSYoungGen      total 363520K, used 316928K [0x00000000d6100000, 0x00000000ef180000, 0x0000000100000000)
  eden space 316928K, 100% used [0x00000000d6100000,0x00000000e9680000,0x00000000e9680000)
  from space 46592K, 0% used [0x00000000e9680000,0x00000000e9680000,0x00000000ec400000)
  to   space 38400K, 0% used [0x00000000ecc00000,0x00000000ecc00000,0x00000000ef180000)
 ParOldGen       total 150016K, used 42857K [0x0000000082200000, 0x000000008b480000, 0x00000000d6100000)
  object space 150016K, 28% used [0x0000000082200000,0x0000000084bda440,0x000000008b480000)
 Metaspace       used 72371K, capacity 73970K, committed 74152K, reserved 1114112K
  class space    used 8729K, capacity 9051K, committed 9136K, reserved 1048576K
Event: 181.438 GC heap after
Heap after GC invocations=17 (full 3):
 PSYoungGen      total 361984K, used 28662K [0x00000000d6100000, 0x00000000f4d80000, 0x0000000100000000)
  eden space 323584K, 0% used [0x00000000d6100000,0x00000000d6100000,0x00000000e9d00000)
  from space 38400K, 74% used [0x00000000ecc00000,0x00000000ee7fda60,0x00000000ef180000)
  to   space 48128K, 0% used [0x00000000e9d00000,0x00000000e9d00000,0x00000000ecc00000)
 ParOldGen       total 150016K, used 42865K [0x0000000082200000, 0x000000008b480000, 0x00000000d6100000)
  object space 150016K, 28% used [0x0000000082200000,0x0000000084bdc440,0x000000008b480000)
 Metaspace       used 72371K, capacity 73970K, committed 74152K, reserved 1114112K
  class space    used 8729K, capacity 9051K, committed 9136K, reserved 1048576K
}

