# JRE version: Java(TM) SE Runtime Environment (8.0_45-b14) (build 1.8.0_45-b14)
# Java VM: Java HotSpot(TM) 64-Bit Server VM (25.45-b02 mixed mode windows-amd64 compressed oops)
Heap:
 PSYoungGen      total 276992K, used 263454K [0x00000000d6100000, 0x00000000ea400000, 0x0000000100000000)
  eden space 238592K, 94% used [0x00000000d6100000,0x00000000e3ccb338,0x00000000e4a00000)
  from space 38400K, 99% used [0x00000000e4a00000,0x00000000e6f7c898,0x00000000e6f80000)
  to   space 34304K, 0% used [0x00000000e6f80000,0x00000000e6f80000,0x00000000e9100000)
 ParOldGen       total 148480K, used 63411K [0x0000000082200000, 0x000000008b300000, 0x00000000d6100000)
  object space 148480K, 42% used [0x0000000082200000,0x0000000085fecdd0,0x000000008b300000)
 Metaspace       used 47565K, capacity 48578K, committed 48944K, reserved 1091584K
  class space    used 5793K, capacity 6066K, committed 6192K, reserved 1048576K
GC Heap History (10 events):
Event: 12.671 GC heap before
{Heap before GC invocations=9 (full 1):
 PSYoungGen      total 141824K, used 141815K [0x00000000d6100000, 0x00000000e3600000, 0x0000000100000000)
  eden space 130560K, 100% used [0x00000000d6100000,0x00000000de080000,0x00000000de080000)
  from space 11264K, 99% used [0x00000000de080000,0x00000000deb7dd08,0x00000000deb80000)
  to   space 15360K, 0% used [0x00000000e2700000,0x00000000e2700000,0x00000000e3600000)
 ParOldGen       total 69632K, used 19586K [0x0000000082200000, 0x0000000086600000, 0x00000000d6100000)
  object space 69632K, 28% used [0x0000000082200000,0x0000000083520920,0x0000000086600000)
 Metaspace       used 30509K, capacity 31196K, committed 31408K, reserved 1077248K
  class space    used 3490K, capacity 3655K, committed 3760K, reserved 1048576K
Event: 12.697 GC heap after
Heap after GC invocations=9 (full 1):
 PSYoungGen      total 194048K, used 15354K [0x00000000d6100000, 0x00000000e4900000, 0x0000000100000000)
  eden space 178688K, 0% used [0x00000000d6100000,0x00000000d6100000,0x00000000e0f80000)
  from space 15360K, 99% used [0x00000000e2700000,0x00000000e35fe970,0x00000000e3600000)
  to   space 24064K, 0% used [0x00000000e0f80000,0x00000000e0f80000,0x00000000e2700000)
 ParOldGen       total 69632K, used 35131K [0x0000000082200000, 0x0000000086600000, 0x00000000d6100000)
  object space 69632K, 50% used [0x0000000082200000,0x000000008444eca8,0x0000000086600000)
 Metaspace       used 30509K, capacity 31196K, committed 31408K, reserved 1077248K
  class space    used 3490K, capacity 3655K, committed 3760K, reserved 1048576K
}
Event: 13.730 GC heap before
{Heap before GC invocations=10 (full 1):
 PSYoungGen      total 194048K, used 194042K [0x00000000d6100000, 0x00000000e4900000, 0x0000000100000000)
  eden space 178688K, 100% used [0x00000000d6100000,0x00000000e0f80000,0x00000000e0f80000)
  from space 15360K, 99% used [0x00000000e2700000,0x00000000e35fe970,0x00000000e3600000)
  to   space 24064K, 0% used [0x00000000e0f80000,0x00000000e0f80000,0x00000000e2700000)
 ParOldGen       total 69632K, used 35131K [0x0000000082200000, 0x0000000086600000, 0x00000000d6100000)
  object space 69632K, 50% used [0x0000000082200000,0x000000008444eca8,0x0000000086600000)
 Metaspace       used 30513K, capacity 31196K, committed 31408K, reserved 1077248K
  class space    used 3490K, capacity 3655K, committed 3760K, reserved 1048576K
Event: 13.775 GC heap after
Heap after GC invocations=10 (full 1):
 PSYoungGen      total 202752K, used 24045K [0x00000000d6100000, 0x00000000e9100000, 0x0000000100000000)
  eden space 178688K, 0% used [0x00000000d6100000,0x00000000d6100000,0x00000000e0f80000)
  from space 24064K, 99% used [0x00000000e0f80000,0x00000000e26fb470,0x00000000e2700000)
  to   space 34304K, 0% used [0x00000000e6f80000,0x00000000e6f80000,0x00000000e9100000)
 ParOldGen       total 69632K, used 50681K [0x0000000082200000, 0x0000000086600000, 0x00000000d6100000)
  object space 69632K, 72% used [0x0000000082200000,0x000000008537e6f8,0x0000000086600000)
 Metaspace       used 30513K, capacity 31196K, committed 31408K, reserved 1077248K
  class space    used 3490K, capacity 3655K, committed 3760K, reserved 1048576K
}
Event: 14.661 GC heap before
{Heap before GC invocations=11 (full 1):
 PSYoungGen      total 202752K, used 202733K [0x00000000d6100000, 0x00000000e9100000, 0x0000000100000000)
  eden space 178688K, 100% used [0x00000000d6100000,0x00000000e0f80000,0x00000000e0f80000)
  from space 24064K, 99% used [0x00000000e0f80000,0x00000000e26fb470,0x00000000e2700000)
  to   space 34304K, 0% used [0x00000000e6f80000,0x00000000e6f80000,0x00000000e9100000)
 ParOldGen       total 69632K, used 50681K [0x0000000082200000, 0x0000000086600000, 0x00000000d6100000)
  object space 69632K, 72% used [0x0000000082200000,0x000000008537e6f8,0x0000000086600000)
 Metaspace       used 30524K, capacity 31196K, committed 31408K, reserved 1077248K
  class space    used 3491K, capacity 3655K, committed 3760K, reserved 1048576K
Event: 14.720 GC heap after
Heap after GC invocations=11 (full 1):
 PSYoungGen      total 272896K, used 31823K [0x00000000d6100000, 0x00000000ea400000, 0x0000000100000000)
  eden space 238592K, 0% used [0x00000000d6100000,0x00000000d6100000,0x00000000e4a00000)
  from space 34304K, 92% used [0x00000000e6f80000,0x00000000e8e93f78,0x00000000e9100000)
  to   space 38400K, 0% used [0x00000000e4a00000,0x00000000e4a00000,0x00000000e6f80000)
 ParOldGen       total 69632K, used 63137K [0x0000000082200000, 0x0000000086600000, 0x00000000d6100000)
  object space 69632K, 90% used [0x0000000082200000,0x0000000085fa85e0,0x0000000086600000)
 Metaspace       used 30524K, capacity 31196K, committed 31408K, reserved 1077248K
  class space    used 3491K, capacity 3655K, committed 3760K, reserved 1048576K
}
Event: 14.720 GC heap before
{Heap before GC invocations=12 (full 2):
 PSYoungGen      total 272896K, used 31823K [0x00000000d6100000, 0x00000000ea400000, 0x0000000100000000)
  eden space 238592K, 0% used [0x00000000d6100000,0x00000000d6100000,0x00000000e4a00000)
  from space 34304K, 92% used [0x00000000e6f80000,0x00000000e8e93f78,0x00000000e9100000)
  to   space 38400K, 0% used [0x00000000e4a00000,0x00000000e4a00000,0x00000000e6f80000)
 ParOldGen       total 69632K, used 63137K [0x0000000082200000, 0x0000000086600000, 0x00000000d6100000)
  object space 69632K, 90% used [0x0000000082200000,0x0000000085fa85e0,0x0000000086600000)
 Metaspace       used 30524K, capacity 31196K, committed 31408K, reserved 1077248K
  class space    used 3491K, capacity 3655K, committed 3760K, reserved 1048576K
Event: 14.875 GC heap after
Heap after GC invocations=12 (full 2):
 PSYoungGen      total 272896K, used 0K [0x00000000d6100000, 0x00000000ea400000, 0x0000000100000000)
  eden space 238592K, 0% used [0x00000000d6100000,0x00000000d6100000,0x00000000e4a00000)
  from space 34304K, 0% used [0x00000000e6f80000,0x00000000e6f80000,0x00000000e9100000)
  to   space 38400K, 0% used [0x00000000e4a00000,0x00000000e4a00000,0x00000000e6f80000)
 ParOldGen       total 148480K, used 62167K [0x0000000082200000, 0x000000008b300000, 0x00000000d6100000)
  object space 148480K, 41% used [0x0000000082200000,0x0000000085eb5f88,0x000000008b300000)
 Metaspace       used 30524K, capacity 31196K, committed 31408K, reserved 1077248K
  class space    used 3491K, capacity 3655K, committed 3760K, reserved 1048576K
}
Event: 16.352 GC heap before
{Heap before GC invocations=13 (full 2):
 PSYoungGen      total 272896K, used 238592K [0x00000000d6100000, 0x00000000ea400000, 0x0000000100000000)
  eden space 238592K, 100% used [0x00000000d6100000,0x00000000e4a00000,0x00000000e4a00000)
  from space 34304K, 0% used [0x00000000e6f80000,0x00000000e6f80000,0x00000000e9100000)
  to   space 38400K, 0% used [0x00000000e4a00000,0x00000000e4a00000,0x00000000e6f80000)
 ParOldGen       total 148480K, used 62167K [0x0000000082200000, 0x000000008b300000, 0x00000000d6100000)
  object space 148480K, 41% used [0x0000000082200000,0x0000000085eb5f88,0x000000008b300000)
 Metaspace       used 30534K, capacity 31264K, committed 31664K, reserved 1077248K
  class space    used 3493K, capacity 3655K, committed 3760K, reserved 1048576K
Event: 16.393 GC heap after
Heap after GC invocations=13 (full 2):
 PSYoungGen      total 276992K, used 38386K [0x00000000d6100000, 0x00000000ea400000, 0x0000000100000000)
  eden space 238592K, 0% used [0x00000000d6100000,0x00000000d6100000,0x00000000e4a00000)
  from space 38400K, 99% used [0x00000000e4a00000,0x00000000e6f7c898,0x00000000e6f80000)
  to   space 34304K, 0% used [0x00000000e6f80000,0x00000000e6f80000,0x00000000e9100000)
 ParOldGen       total 148480K, used 63411K [0x0000000082200000, 0x000000008b300000, 0x00000000d6100000)
  object space 148480K, 42% used [0x0000000082200000,0x0000000085fecdd0,0x000000008b300000)
 Metaspace       used 30534K, capacity 31264K, committed 31664K, reserved 1077248K
  class space    used 3493K, capacity 3655K, committed 3760K, reserved 1048576K
}

