# JRE version: Java(TM) SE Runtime Environment (8.0_45-b14) (build 1.8.0_45-b14)
# Java VM: Java HotSpot(TM) 64-Bit Server VM (25.45-b02 mixed mode windows-amd64 compressed oops)
Heap:
 PSYoungGen      total 208896K, used 184832K [0x00000000d6100000, 0x00000000ea300000, 0x0000000100000000)
  eden space 184832K, 100% used [0x00000000d6100000,0x00000000e1580000,0x00000000e1580000)
  from space 24064K, 0% used [0x00000000e1580000,0x00000000e1580000,0x00000000e2d00000)
  to   space 35840K, 0% used [0x00000000e8000000,0x00000000e8000000,0x00000000ea300000)
 ParOldGen       total 68608K, used 57691K [0x0000000082200000, 0x0000000086500000, 0x00000000d6100000)
  object space 68608K, 84% used [0x0000000082200000,0x0000000085a56de0,0x0000000086500000)
 Metaspace       used 30352K, capacity 31068K, committed 31408K, reserved 1077248K
  class space    used 3486K, capacity 3655K, committed 3760K, reserved 1048576K
GC Heap History (10 events):
Event: 4.482 GC heap after
Heap after GC invocations=7 (full 1):
 PSYoungGen      total 141312K, used 0K [0x00000000d6100000, 0x00000000df700000, 0x0000000100000000)
  eden space 130560K, 0% used [0x00000000d6100000,0x00000000d6100000,0x00000000de080000)
  from space 10752K, 0% used [0x00000000deb80000,0x00000000deb80000,0x00000000df600000)
  to   space 11264K, 0% used [0x00000000de080000,0x00000000de080000,0x00000000deb80000)
 ParOldGen       total 68608K, used 14290K [0x0000000082200000, 0x0000000086500000, 0x00000000d6100000)
  object space 68608K, 20% used [0x0000000082200000,0x0000000082ff48d0,0x0000000086500000)
 Metaspace       used 20705K, capacity 21222K, committed 21296K, reserved 1069056K
  class space    used 2483K, capacity 2590K, committed 2608K, reserved 1048576K
}
Event: 6.576 GC heap before
{Heap before GC invocations=8 (full 1):
 PSYoungGen      total 141312K, used 130560K [0x00000000d6100000, 0x00000000df700000, 0x0000000100000000)
  eden space 130560K, 100% used [0x00000000d6100000,0x00000000de080000,0x00000000de080000)
  from space 10752K, 0% used [0x00000000deb80000,0x00000000deb80000,0x00000000df600000)
  to   space 11264K, 0% used [0x00000000de080000,0x00000000de080000,0x00000000deb80000)
 ParOldGen       total 68608K, used 14290K [0x0000000082200000, 0x0000000086500000, 0x00000000d6100000)
  object space 68608K, 20% used [0x0000000082200000,0x0000000082ff48d0,0x0000000086500000)
 Metaspace       used 24529K, capacity 25178K, committed 25264K, reserved 1071104K
  class space    used 2816K, capacity 2954K, committed 2992K, reserved 1048576K
Event: 6.591 GC heap after
Heap after GC invocations=8 (full 1):
 PSYoungGen      total 141824K, used 11262K [0x00000000d6100000, 0x00000000e3c00000, 0x0000000100000000)
  eden space 130560K, 0% used [0x00000000d6100000,0x00000000d6100000,0x00000000de080000)
  from space 11264K, 99% used [0x00000000de080000,0x00000000deb7fac0,0x00000000deb80000)
  to   space 15360K, 0% used [0x00000000e2d00000,0x00000000e2d00000,0x00000000e3c00000)
 ParOldGen       total 68608K, used 19710K [0x0000000082200000, 0x0000000086500000, 0x00000000d6100000)
  object space 68608K, 28% used [0x0000000082200000,0x000000008353f950,0x0000000086500000)
 Metaspace       used 24529K, capacity 25178K, committed 25264K, reserved 1071104K
  class space    used 2816K, capacity 2954K, committed 2992K, reserved 1048576K
}
Event: 7.595 GC heap before
{Heap before GC invocations=9 (full 1):
 PSYoungGen      total 141824K, used 141822K [0x00000000d6100000, 0x00000000e3c00000, 0x0000000100000000)
  eden space 130560K, 100% used [0x00000000d6100000,0x00000000de080000,0x00000000de080000)
  from space 11264K, 99% used [0x00000000de080000,0x00000000deb7fac0,0x00000000deb80000)
  to   space 15360K, 0% used [0x00000000e2d00000,0x00000000e2d00000,0x00000000e3c00000)
 ParOldGen       total 68608K, used 19710K [0x0000000082200000, 0x0000000086500000, 0x00000000d6100000)
  object space 68608K, 28% used [0x0000000082200000,0x000000008353f950,0x0000000086500000)
 Metaspace       used 30326K, capacity 30990K, committed 31152K, reserved 1077248K
  class space    used 3483K, capacity 3653K, committed 3760K, reserved 1048576K
Event: 7.630 GC heap after
Heap after GC invocations=9 (full 1):
 PSYoungGen      total 200192K, used 15332K [0x00000000d6100000, 0x00000000e5700000, 0x0000000100000000)
  eden space 184832K, 0% used [0x00000000d6100000,0x00000000d6100000,0x00000000e1580000)
  from space 15360K, 99% used [0x00000000e2d00000,0x00000000e3bf91e8,0x00000000e3c00000)
  to   space 24064K, 0% used [0x00000000e1580000,0x00000000e1580000,0x00000000e2d00000)
 ParOldGen       total 68608K, used 35071K [0x0000000082200000, 0x0000000086500000, 0x00000000d6100000)
  object space 68608K, 51% used [0x0000000082200000,0x000000008443fdf0,0x0000000086500000)
 Metaspace       used 30326K, capacity 30990K, committed 31152K, reserved 1077248K
  class space    used 3483K, capacity 3653K, committed 3760K, reserved 1048576K
}
Event: 8.215 GC heap before
{Heap before GC invocations=10 (full 1):
 PSYoungGen      total 200192K, used 200164K [0x00000000d6100000, 0x00000000e5700000, 0x0000000100000000)
  eden space 184832K, 100% used [0x00000000d6100000,0x00000000e1580000,0x00000000e1580000)
  from space 15360K, 99% used [0x00000000e2d00000,0x00000000e3bf91e8,0x00000000e3c00000)
  to   space 24064K, 0% used [0x00000000e1580000,0x00000000e1580000,0x00000000e2d00000)
 ParOldGen       total 68608K, used 35071K [0x0000000082200000, 0x0000000086500000, 0x00000000d6100000)
  object space 68608K, 51% used [0x0000000082200000,0x000000008443fdf0,0x0000000086500000)
 Metaspace       used 30346K, capacity 31068K, committed 31408K, reserved 1077248K
  class space    used 3486K, capacity 3655K, committed 3760K, reserved 1048576K
Event: 8.249 GC heap after
Heap after GC invocations=10 (full 1):
 PSYoungGen      total 208896K, used 24054K [0x00000000d6100000, 0x00000000ea300000, 0x0000000100000000)
  eden space 184832K, 0% used [0x00000000d6100000,0x00000000d6100000,0x00000000e1580000)
  from space 24064K, 99% used [0x00000000e1580000,0x00000000e2cfdb20,0x00000000e2d00000)
  to   space 35840K, 0% used [0x00000000e8000000,0x00000000e8000000,0x00000000ea300000)
 ParOldGen       total 68608K, used 55028K [0x0000000082200000, 0x0000000086500000, 0x00000000d6100000)
  object space 68608K, 80% used [0x0000000082200000,0x00000000857bd320,0x0000000086500000)
 Metaspace       used 30346K, capacity 31068K, committed 31408K, reserved 1077248K
  class space    used 3486K, capacity 3655K, committed 3760K, reserved 1048576K
}
Event: 8.249 GC heap before
{Heap before GC invocations=11 (full 2):
 PSYoungGen      total 208896K, used 24054K [0x00000000d6100000, 0x00000000ea300000, 0x0000000100000000)
  eden space 184832K, 0% used [0x00000000d6100000,0x00000000d6100000,0x00000000e1580000)
  from space 24064K, 99% used [0x00000000e1580000,0x00000000e2cfdb20,0x00000000e2d00000)
  to   space 35840K, 0% used [0x00000000e8000000,0x00000000e8000000,0x00000000ea300000)
 ParOldGen       total 68608K, used 55028K [0x0000000082200000, 0x0000000086500000, 0x00000000d6100000)
  object space 68608K, 80% used [0x0000000082200000,0x00000000857bd320,0x0000000086500000)
 Metaspace       used 30346K, capacity 31068K, committed 31408K, reserved 1077248K
  class space    used 3486K, capacity 3655K, committed 3760K, reserved 1048576K
Event: 8.362 GC heap after
Heap after GC invocations=11 (full 2):
 PSYoungGen      total 208896K, used 0K [0x00000000d6100000, 0x00000000ea300000, 0x0000000100000000)
  eden space 184832K, 0% used [0x00000000d6100000,0x00000000d6100000,0x00000000e1580000)
  from space 24064K, 0% used [0x00000000e1580000,0x00000000e1580000,0x00000000e2d00000)
  to   space 35840K, 0% used [0x00000000e8000000,0x00000000e8000000,0x00000000ea300000)
 ParOldGen       total 68608K, used 57691K [0x0000000082200000, 0x0000000086500000, 0x00000000d6100000)
  object space 68608K, 84% used [0x0000000082200000,0x0000000085a56de0,0x0000000086500000)
 Metaspace       used 30346K, capacity 31068K, committed 31408K, reserved 1077248K
  class space    used 3486K, capacity 3655K, committed 3760K, reserved 1048576K
}
Event: 9.117 GC heap before
{Heap before GC invocations=12 (full 3):
 PSYoungGen      total 208896K, used 184832K [0x00000000d6100000, 0x00000000ea300000, 0x0000000100000000)
  eden space 184832K, 100% used [0x00000000d6100000,0x00000000e1580000,0x00000000e1580000)
  from space 24064K, 0% used [0x00000000e1580000,0x00000000e1580000,0x00000000e2d00000)
  to   space 35840K, 0% used [0x00000000e8000000,0x00000000e8000000,0x00000000ea300000)
 ParOldGen       total 68608K, used 57691K [0x0000000082200000, 0x0000000086500000, 0x00000000d6100000)
  object space 68608K, 84% used [0x0000000082200000,0x0000000085a56de0,0x0000000086500000)
 Metaspace       used 30352K, capacity 31068K, committed 31408K, reserved 1077248K
  class space    used 3486K, capacity 3655K, committed 3760K, reserved 1048576K

