# JRE version: Java(TM) SE Runtime Environment (8.0_45-b14) (build 1.8.0_45-b14)
# Java VM: Java HotSpot(TM) 64-Bit Server VM (25.45-b02 mixed mode windows-amd64 compressed oops)
Heap:
 PSYoungGen      total 440320K, used 7090K [0x0000000780b80000, 0x00000007a0180000, 0x00000007c0000000)
  eden space 413696K, 1% used [0x0000000780b80000,0x000000078126cad0,0x0000000799f80000)
  from space 26624K, 0% used [0x000000079e780000,0x000000079e780000,0x00000007a0180000)
  to   space 50176K, 0% used [0x0000000799f80000,0x0000000799f80000,0x000000079d080000)
 ParOldGen       total 202240K, used 56105K [0x0000000702200000, 0x000000070e780000, 0x0000000780b80000)
  object space 202240K, 27% used [0x0000000702200000,0x00000007058ca670,0x000000070e780000)
 Metaspace       used 58043K, capacity 59194K, committed 59800K, reserved 1101824K
  class space    used 7143K, capacity 7482K, committed 7600K, reserved 1048576K
GC Heap History (10 events):
Event: 13.624 GC heap before
{Heap before GC invocations=11 (full 1):
 PSYoungGen      total 251904K, used 251889K [0x0000000780b80000, 0x0000000799780000, 0x00000007c0000000)
  eden space 214528K, 100% used [0x0000000780b80000,0x000000078dd00000,0x000000078dd00000)
  from space 37376K, 99% used [0x000000078dd00000,0x000000079017c5e0,0x0000000790180000)
  to   space 48640K, 0% used [0x0000000796800000,0x0000000796800000,0x0000000799780000)
 ParOldGen       total 89600K, used 61162K [0x0000000702200000, 0x0000000707980000, 0x0000000780b80000)
  object space 89600K, 68% used [0x0000000702200000,0x0000000705dbabe0,0x0000000707980000)
 Metaspace       used 30806K, capacity 31576K, committed 31664K, reserved 1077248K
  class space    used 3511K, capacity 3719K, committed 3760K, reserved 1048576K
Event: 13.669 GC heap after
Heap after GC invocations=11 (full 1):
 PSYoungGen      total 353792K, used 36696K [0x0000000780b80000, 0x0000000799e00000, 0x00000007c0000000)
  eden space 305152K, 0% used [0x0000000780b80000,0x0000000780b80000,0x0000000793580000)
  from space 48640K, 75% used [0x0000000796800000,0x0000000798bd6120,0x0000000799780000)
  to   space 51712K, 0% used [0x0000000793580000,0x0000000793580000,0x0000000796800000)
 ParOldGen       total 89600K, used 67346K [0x0000000702200000, 0x0000000707980000, 0x0000000780b80000)
  object space 89600K, 75% used [0x0000000702200000,0x00000007063c48d8,0x0000000707980000)
 Metaspace       used 30806K, capacity 31576K, committed 31664K, reserved 1077248K
  class space    used 3511K, capacity 3719K, committed 3760K, reserved 1048576K
}
Event: 14.226 GC heap before
{Heap before GC invocations=12 (full 1):
 PSYoungGen      total 353792K, used 115214K [0x0000000780b80000, 0x0000000799e00000, 0x00000007c0000000)
  eden space 305152K, 25% used [0x0000000780b80000,0x000000078582da50,0x0000000793580000)
  from space 48640K, 75% used [0x0000000796800000,0x0000000798bd6120,0x0000000799780000)
  to   space 51712K, 0% used [0x0000000793580000,0x0000000793580000,0x0000000796800000)
 ParOldGen       total 89600K, used 67346K [0x0000000702200000, 0x0000000707980000, 0x0000000780b80000)
  object space 89600K, 75% used [0x0000000702200000,0x00000007063c48d8,0x0000000707980000)
 Metaspace       used 34464K, capacity 35270K, committed 35496K, reserved 1081344K
  class space    used 3954K, capacity 4188K, committed 4272K, reserved 1048576K
Event: 14.242 GC heap after
Heap after GC invocations=12 (full 1):
 PSYoungGen      total 356864K, used 7003K [0x0000000780b80000, 0x00000007a1a00000, 0x00000007c0000000)
  eden space 305152K, 0% used [0x0000000780b80000,0x0000000780b80000,0x0000000793580000)
  from space 51712K, 13% used [0x0000000793580000,0x0000000793c56fc0,0x0000000796800000)
  to   space 51712K, 0% used [0x000000079e780000,0x000000079e780000,0x00000007a1a00000)
 ParOldGen       total 89600K, used 71870K [0x0000000702200000, 0x0000000707980000, 0x0000000780b80000)
  object space 89600K, 80% used [0x0000000702200000,0x000000070682fbd0,0x0000000707980000)
 Metaspace       used 34464K, capacity 35270K, committed 35496K, reserved 1081344K
  class space    used 3954K, capacity 4188K, committed 4272K, reserved 1048576K
}
Event: 14.242 GC heap before
{Heap before GC invocations=13 (full 2):
 PSYoungGen      total 356864K, used 7003K [0x0000000780b80000, 0x00000007a1a00000, 0x00000007c0000000)
  eden space 305152K, 0% used [0x0000000780b80000,0x0000000780b80000,0x0000000793580000)
  from space 51712K, 13% used [0x0000000793580000,0x0000000793c56fc0,0x0000000796800000)
  to   space 51712K, 0% used [0x000000079e780000,0x000000079e780000,0x00000007a1a00000)
 ParOldGen       total 89600K, used 71870K [0x0000000702200000, 0x0000000707980000, 0x0000000780b80000)
  object space 89600K, 80% used [0x0000000702200000,0x000000070682fbd0,0x0000000707980000)
 Metaspace       used 34464K, capacity 35270K, committed 35496K, reserved 1081344K
  class space    used 3954K, capacity 4188K, committed 4272K, reserved 1048576K
Event: 14.454 GC heap after
Heap after GC invocations=13 (full 2):
 PSYoungGen      total 356864K, used 0K [0x0000000780b80000, 0x00000007a1a00000, 0x00000007c0000000)
  eden space 305152K, 0% used [0x0000000780b80000,0x0000000780b80000,0x0000000793580000)
  from space 51712K, 0% used [0x0000000793580000,0x0000000793580000,0x0000000796800000)
  to   space 51712K, 0% used [0x000000079e780000,0x000000079e780000,0x00000007a1a00000)
 ParOldGen       total 154112K, used 40788K [0x0000000702200000, 0x000000070b880000, 0x0000000780b80000)
  object space 154112K, 26% used [0x0000000702200000,0x00000007049d53b8,0x000000070b880000)
 Metaspace       used 34464K, capacity 35270K, committed 35496K, reserved 1081344K
  class space    used 3954K, capacity 4188K, committed 4272K, reserved 1048576K
}
Event: 17.323 GC heap before
{Heap before GC invocations=14 (full 2):
 PSYoungGen      total 356864K, used 265928K [0x0000000780b80000, 0x00000007a1a00000, 0x00000007c0000000)
  eden space 305152K, 87% used [0x0000000780b80000,0x0000000790f32340,0x0000000793580000)
  from space 51712K, 0% used [0x0000000793580000,0x0000000793580000,0x0000000796800000)
  to   space 51712K, 0% used [0x000000079e780000,0x000000079e780000,0x00000007a1a00000)
 ParOldGen       total 154112K, used 40788K [0x0000000702200000, 0x000000070b880000, 0x0000000780b80000)
  object space 154112K, 26% used [0x0000000702200000,0x00000007049d53b8,0x000000070b880000)
 Metaspace       used 57735K, capacity 58844K, committed 59160K, reserved 1101824K
  class space    used 7104K, capacity 7453K, committed 7472K, reserved 1048576K
Event: 17.351 GC heap after
Heap after GC invocations=14 (full 2):
 PSYoungGen      total 440320K, used 24707K [0x0000000780b80000, 0x00000007a0180000, 0x00000007c0000000)
  eden space 413696K, 0% used [0x0000000780b80000,0x0000000780b80000,0x0000000799f80000)
  from space 26624K, 92% used [0x000000079e780000,0x000000079ffa0d48,0x00000007a0180000)
  to   space 50176K, 0% used [0x0000000799f80000,0x0000000799f80000,0x000000079d080000)
 ParOldGen       total 154112K, used 40796K [0x0000000702200000, 0x000000070b880000, 0x0000000780b80000)
  object space 154112K, 26% used [0x0000000702200000,0x00000007049d73b8,0x000000070b880000)
 Metaspace       used 57735K, capacity 58844K, committed 59160K, reserved 1101824K
  class space    used 7104K, capacity 7453K, committed 7472K, reserved 1048576K
}
Event: 17.351 GC heap before
{Heap before GC invocations=15 (full 3):
 PSYoungGen      total 440320K, used 24707K [0x0000000780b80000, 0x00000007a0180000, 0x00000007c0000000)
  eden space 413696K, 0% used [0x0000000780b80000,0x0000000780b80000,0x0000000799f80000)
  from space 26624K, 92% used [0x000000079e780000,0x000000079ffa0d48,0x00000007a0180000)
  to   space 50176K, 0% used [0x0000000799f80000,0x0000000799f80000,0x000000079d080000)
 ParOldGen       total 154112K, used 40796K [0x0000000702200000, 0x000000070b880000, 0x0000000780b80000)
  object space 154112K, 26% used [0x0000000702200000,0x00000007049d73b8,0x000000070b880000)
 Metaspace       used 57735K, capacity 58844K, committed 59160K, reserved 1101824K
  class space    used 7104K, capacity 7453K, committed 7472K, reserved 1048576K
Event: 17.556 GC heap after
Heap after GC invocations=15 (full 3):
 PSYoungGen      total 440320K, used 0K [0x0000000780b80000, 0x00000007a0180000, 0x00000007c0000000)
  eden space 413696K, 0% used [0x0000000780b80000,0x0000000780b80000,0x0000000799f80000)
  from space 26624K, 0% used [0x000000079e780000,0x000000079e780000,0x00000007a0180000)
  to   space 50176K, 0% used [0x0000000799f80000,0x0000000799f80000,0x000000079d080000)
 ParOldGen       total 202240K, used 56105K [0x0000000702200000, 0x000000070e780000, 0x0000000780b80000)
  object space 202240K, 27% used [0x0000000702200000,0x00000007058ca670,0x000000070e780000)
 Metaspace       used 57724K, capacity 58822K, committed 59160K, reserved 1101824K
  class space    used 7100K, capacity 7446K, committed 7472K, reserved 1048576K
}

