# JRE version: Java(TM) SE Runtime Environment (8.0_45-b14) (build 1.8.0_45-b14)
# Java VM: Java HotSpot(TM) 64-Bit Server VM (25.45-b02 mixed mode windows-amd64 compressed oops)
Heap:
 PSYoungGen      total 371712K, used 179568K [0x00000000d6100000, 0x00000000ef380000, 0x0000000100000000)
  eden space 331264K, 54% used [0x00000000d6100000,0x00000000e105c210,0x00000000ea480000)
  from space 40448K, 0% used [0x00000000ecc00000,0x00000000ecc00000,0x00000000ef380000)
  to   space 40448K, 0% used [0x00000000ea480000,0x00000000ea480000,0x00000000ecc00000)
 ParOldGen       total 167936K, used 54910K [0x0000000082200000, 0x000000008c600000, 0x00000000d6100000)
  object space 167936K, 32% used [0x0000000082200000,0x000000008579fb58,0x000000008c600000)
 Metaspace       used 60635K, capacity 61744K, committed 62160K, reserved 1103872K
  class space    used 7505K, capacity 7786K, committed 7888K, reserved 1048576K
GC Heap History (10 events):
Event: 9.170 GC heap before
{Heap before GC invocations=11 (full 2):
 PSYoungGen      total 212480K, used 24544K [0x00000000d6100000, 0x00000000eaa00000, 0x0000000100000000)
  eden space 187904K, 0% used [0x00000000d6100000,0x00000000d6100000,0x00000000e1880000)
  from space 24576K, 99% used [0x00000000e1880000,0x00000000e3078360,0x00000000e3080000)
  to   space 35328K, 0% used [0x00000000e8780000,0x00000000e8780000,0x00000000eaa00000)
 ParOldGen       total 68096K, used 52633K [0x0000000082200000, 0x0000000086480000, 0x00000000d6100000)
  object space 68096K, 77% used [0x0000000082200000,0x0000000085566418,0x0000000086480000)
 Metaspace       used 30269K, capacity 30962K, committed 31152K, reserved 1077248K
  class space    used 3494K, capacity 3685K, committed 3760K, reserved 1048576K
Event: 9.381 GC heap after
Heap after GC invocations=11 (full 2):
 PSYoungGen      total 212480K, used 458K [0x00000000d6100000, 0x00000000eaa00000, 0x0000000100000000)
  eden space 187904K, 0% used [0x00000000d6100000,0x00000000d6100000,0x00000000e1880000)
  from space 24576K, 1% used [0x00000000e1880000,0x00000000e18f29b8,0x00000000e3080000)
  to   space 35328K, 0% used [0x00000000e8780000,0x00000000e8780000,0x00000000eaa00000)
 ParOldGen       total 157696K, used 68079K [0x0000000082200000, 0x000000008bc00000, 0x00000000d6100000)
  object space 157696K, 43% used [0x0000000082200000,0x000000008647bcf0,0x000000008bc00000)
 Metaspace       used 30269K, capacity 30962K, committed 31152K, reserved 1077248K
  class space    used 3494K, capacity 3685K, committed 3760K, reserved 1048576K
}
Event: 10.124 GC heap before
{Heap before GC invocations=12 (full 2):
 PSYoungGen      total 212480K, used 188362K [0x00000000d6100000, 0x00000000eaa00000, 0x0000000100000000)
  eden space 187904K, 100% used [0x00000000d6100000,0x00000000e1880000,0x00000000e1880000)
  from space 24576K, 1% used [0x00000000e1880000,0x00000000e18f29b8,0x00000000e3080000)
  to   space 35328K, 0% used [0x00000000e8780000,0x00000000e8780000,0x00000000eaa00000)
 ParOldGen       total 157696K, used 68079K [0x0000000082200000, 0x000000008bc00000, 0x00000000d6100000)
  object space 157696K, 43% used [0x0000000082200000,0x000000008647bcf0,0x000000008bc00000)
 Metaspace       used 30271K, capacity 30962K, committed 31152K, reserved 1077248K
  class space    used 3494K, capacity 3685K, committed 3760K, reserved 1048576K
Event: 10.175 GC heap after
Heap after GC invocations=12 (full 2):
 PSYoungGen      total 279040K, used 30355K [0x00000000d6100000, 0x00000000ea580000, 0x0000000100000000)
  eden space 248320K, 0% used [0x00000000d6100000,0x00000000d6100000,0x00000000e5380000)
  from space 30720K, 98% used [0x00000000e8780000,0x00000000ea524d50,0x00000000ea580000)
  to   space 38912K, 0% used [0x00000000e5980000,0x00000000e5980000,0x00000000e7f80000)
 ParOldGen       total 157696K, used 68087K [0x0000000082200000, 0x000000008bc00000, 0x00000000d6100000)
  object space 157696K, 43% used [0x0000000082200000,0x000000008647dcf0,0x000000008bc00000)
 Metaspace       used 30271K, capacity 30962K, committed 31152K, reserved 1077248K
  class space    used 3494K, capacity 3685K, committed 3760K, reserved 1048576K
}
Event: 11.238 GC heap before
{Heap before GC invocations=13 (full 2):
 PSYoungGen      total 279040K, used 278675K [0x00000000d6100000, 0x00000000ea580000, 0x0000000100000000)
  eden space 248320K, 100% used [0x00000000d6100000,0x00000000e5380000,0x00000000e5380000)
  from space 30720K, 98% used [0x00000000e8780000,0x00000000ea524d50,0x00000000ea580000)
  to   space 38912K, 0% used [0x00000000e5980000,0x00000000e5980000,0x00000000e7f80000)
 ParOldGen       total 157696K, used 68087K [0x0000000082200000, 0x000000008bc00000, 0x00000000d6100000)
  object space 157696K, 43% used [0x0000000082200000,0x000000008647dcf0,0x000000008bc00000)
 Metaspace       used 30895K, capacity 31562K, committed 31664K, reserved 1077248K
  class space    used 3567K, capacity 3756K, committed 3760K, reserved 1048576K
Event: 11.280 GC heap after
Heap after GC invocations=13 (full 2):
 PSYoungGen      total 293376K, used 33410K [0x00000000d6100000, 0x00000000ef600000, 0x0000000100000000)
  eden space 254464K, 0% used [0x00000000d6100000,0x00000000d6100000,0x00000000e5980000)
  from space 38912K, 85% used [0x00000000e5980000,0x00000000e7a20bb0,0x00000000e7f80000)
  to   space 43008K, 0% used [0x00000000ecc00000,0x00000000ecc00000,0x00000000ef600000)
 ParOldGen       total 157696K, used 72089K [0x0000000082200000, 0x000000008bc00000, 0x00000000d6100000)
  object space 157696K, 45% used [0x0000000082200000,0x00000000868667f8,0x000000008bc00000)
 Metaspace       used 30895K, capacity 31562K, committed 31664K, reserved 1077248K
  class space    used 3567K, capacity 3756K, committed 3760K, reserved 1048576K
}
Event: 13.430 GC heap before
{Heap before GC invocations=14 (full 2):
 PSYoungGen      total 293376K, used 242169K [0x00000000d6100000, 0x00000000ef600000, 0x0000000100000000)
  eden space 254464K, 82% used [0x00000000d6100000,0x00000000e2cdd8e0,0x00000000e5980000)
  from space 38912K, 85% used [0x00000000e5980000,0x00000000e7a20bb0,0x00000000e7f80000)
  to   space 43008K, 0% used [0x00000000ecc00000,0x00000000ecc00000,0x00000000ef600000)
 ParOldGen       total 157696K, used 72089K [0x0000000082200000, 0x000000008bc00000, 0x00000000d6100000)
  object space 157696K, 45% used [0x0000000082200000,0x00000000868667f8,0x000000008bc00000)
 Metaspace       used 50730K, capacity 51794K, committed 51920K, reserved 1095680K
  class space    used 6255K, capacity 6578K, committed 6608K, reserved 1048576K
Event: 13.465 GC heap after
Heap after GC invocations=14 (full 2):
 PSYoungGen      total 371712K, used 17774K [0x00000000d6100000, 0x00000000ef380000, 0x0000000100000000)
  eden space 331264K, 0% used [0x00000000d6100000,0x00000000d6100000,0x00000000ea480000)
  from space 40448K, 43% used [0x00000000ecc00000,0x00000000edd5ba10,0x00000000ef380000)
  to   space 40448K, 0% used [0x00000000ea480000,0x00000000ea480000,0x00000000ecc00000)
 ParOldGen       total 157696K, used 79118K [0x0000000082200000, 0x000000008bc00000, 0x00000000d6100000)
  object space 157696K, 50% used [0x0000000082200000,0x0000000086f43bc8,0x000000008bc00000)
 Metaspace       used 50730K, capacity 51794K, committed 51920K, reserved 1095680K
  class space    used 6255K, capacity 6578K, committed 6608K, reserved 1048576K
}
Event: 13.465 GC heap before
{Heap before GC invocations=15 (full 3):
 PSYoungGen      total 371712K, used 17774K [0x00000000d6100000, 0x00000000ef380000, 0x0000000100000000)
  eden space 331264K, 0% used [0x00000000d6100000,0x00000000d6100000,0x00000000ea480000)
  from space 40448K, 43% used [0x00000000ecc00000,0x00000000edd5ba10,0x00000000ef380000)
  to   space 40448K, 0% used [0x00000000ea480000,0x00000000ea480000,0x00000000ecc00000)
 ParOldGen       total 157696K, used 79118K [0x0000000082200000, 0x000000008bc00000, 0x00000000d6100000)
  object space 157696K, 50% used [0x0000000082200000,0x0000000086f43bc8,0x000000008bc00000)
 Metaspace       used 50730K, capacity 51794K, committed 51920K, reserved 1095680K
  class space    used 6255K, capacity 6578K, committed 6608K, reserved 1048576K
Event: 13.699 GC heap after
Heap after GC invocations=15 (full 3):
 PSYoungGen      total 371712K, used 0K [0x00000000d6100000, 0x00000000ef380000, 0x0000000100000000)
  eden space 331264K, 0% used [0x00000000d6100000,0x00000000d6100000,0x00000000ea480000)
  from space 40448K, 0% used [0x00000000ecc00000,0x00000000ecc00000,0x00000000ef380000)
  to   space 40448K, 0% used [0x00000000ea480000,0x00000000ea480000,0x00000000ecc00000)
 ParOldGen       total 167936K, used 54910K [0x0000000082200000, 0x000000008c600000, 0x00000000d6100000)
  object space 167936K, 32% used [0x0000000082200000,0x000000008579fb58,0x000000008c600000)
 Metaspace       used 50720K, capacity 51772K, committed 51920K, reserved 1095680K
  class space    used 6251K, capacity 6571K, committed 6608K, reserved 1048576K
}

